max bucket size 31
DONE

RESULTS 
TAB_SIZE,N_THREADS,N_BUCKETS_IN_THREAD,time_fill_tab,time_bucketing,time_sort,time_rewriting,time_all
1000000000,1,80000000,11.6604,319.928,97.9178,40.3703,469.876
max bucket size 120
max bucket size 120
DONE

RESULTS 
TAB_SIZE,N_THREADS,N_BUCKETS_IN_THREAD,time_fill_tab,time_bucketing,time_sort,time_rewriting,time_all
1000000000,2,40000000,6.03419,143.829,54.5079,12.5915,216.963
max bucket size 31
max bucket size 31
max bucket size 31
DONE

RESULTS 
TAB_SIZE,N_THREADS,N_BUCKETS_IN_THREAD,time_fill_tab,time_bucketing,time_sort,time_rewriting,time_all
1000000000,3,26666600,4.03243,136.819,31.1883,14.3067,186.346
max bucket size 32
max bucket size 32
max bucket size 32
max bucket size 31
DONE

RESULTS 
TAB_SIZE,N_THREADS,N_BUCKETS_IN_THREAD,time_fill_tab,time_bucketing,time_sort,time_rewriting,time_all
1000000000,4,20000000,3.0456,102.071,23.7097,10.76,139.586
max bucket size 34
max bucket size 32
max bucket size 29
max bucket size 31
max bucket size 33
DONE

RESULTS 
TAB_SIZE,N_THREADS,N_BUCKETS_IN_THREAD,time_fill_tab,time_bucketing,time_sort,time_rewriting,time_all
1000000000,5,16000000,2.46772,100.2,22.2198,11.3934,136.281
max bucket size 35
max bucket size 35
max bucket size 47
max bucket size 35
max bucket size 35
max bucket size 35
DONE

RESULTS 
TAB_SIZE,N_THREADS,N_BUCKETS_IN_THREAD,time_fill_tab,time_bucketing,time_sort,time_rewriting,time_all
1000000000,6,13333300,2.11173,90.4221,15.1245,11.6365,119.295
max bucket size 32
max bucket size 46
max bucket size 32
max bucket size 47
max bucket size 44
max bucket size 45
max bucket size 32
DONE

RESULTS 
TAB_SIZE,N_THREADS,N_BUCKETS_IN_THREAD,time_fill_tab,time_bucketing,time_sort,time_rewriting,time_all
1000000000,7,11428500,1.85452,75.5527,10.5865,8.75645,96.7502
max bucket size 32
max bucket size 32
max bucket size 32
max bucket size 32
max bucket size 32
max bucket size 32
max bucket size 32
max bucket size 32
DONE

RESULTS 
TAB_SIZE,N_THREADS,N_BUCKETS_IN_THREAD,time_fill_tab,time_bucketing,time_sort,time_rewriting,time_all
1000000000,8,10000000,1.6354,69.6447,9.65017,7.64383,88.5741
