max bucket size 20
DONE

RESULTS 
TAB_SIZE,N_THREADS,N_BUCKETS_IN_THREAD,time_fill_tab,time_bucketing,time_sort,time_rewriting,time_all
100000000,1,8000000,1.00636,18.5133,8.93707,2.5569,31.0136
max bucket size 24
max bucket size 24
DONE

RESULTS 
TAB_SIZE,N_THREADS,N_BUCKETS_IN_THREAD,time_fill_tab,time_bucketing,time_sort,time_rewriting,time_all
100000000,2,4000000,0.549514,11.2809,5.067,1.39939,18.2968
max bucket size 19
max bucket size 19
max bucket size 20
DONE

RESULTS 
TAB_SIZE,N_THREADS,N_BUCKETS_IN_THREAD,time_fill_tab,time_bucketing,time_sort,time_rewriting,time_all
100000000,3,2666600,0.379949,9.30458,3.63219,1.04295,14.3597
max bucket size 24
max bucket size 24
max bucket size 24
max bucket size 24
DONE

RESULTS 
TAB_SIZE,N_THREADS,N_BUCKETS_IN_THREAD,time_fill_tab,time_bucketing,time_sort,time_rewriting,time_all
100000000,4,2000000,0.284437,7.72601,2.51974,0.795039,11.3252
max bucket size 37
max bucket size 37
max bucket size 37
max bucket size 37
max bucket size 37
DONE

RESULTS 
TAB_SIZE,N_THREADS,N_BUCKETS_IN_THREAD,time_fill_tab,time_bucketing,time_sort,time_rewriting,time_all
100000000,5,1600000,0.246092,6.55689,1.35124,0.727605,8.88183
max bucket size 22
max bucket size 22
max bucket size 22
max bucket size 22
max bucket size 22
max bucket size 22
DONE

RESULTS 
TAB_SIZE,N_THREADS,N_BUCKETS_IN_THREAD,time_fill_tab,time_bucketing,time_sort,time_rewriting,time_all
100000000,6,1333300,0.199473,6.05016,1.86498,0.951709,9.06633
max bucket size 23
max bucket size 23
max bucket size 23
max bucket size 23
max bucket size 23
max bucket size 23
max bucket size 23
DONE

RESULTS 
TAB_SIZE,N_THREADS,N_BUCKETS_IN_THREAD,time_fill_tab,time_bucketing,time_sort,time_rewriting,time_all
100000000,7,1142850,0.248812,5.92928,1.73636,0.798382,8.71284
max bucket size 26
max bucket size 26
max bucket size 26
max bucket size 25
max bucket size 26
max bucket size 26
max bucket size 25
max bucket size 26
DONE

RESULTS 
TAB_SIZE,N_THREADS,N_BUCKETS_IN_THREAD,time_fill_tab,time_bucketing,time_sort,time_rewriting,time_all
100000000,8,1000000,0.163236,4.97592,1.51029,0.688201,7.33764
max bucket size 22
DONE

RESULTS 
TAB_SIZE,N_THREADS,N_BUCKETS_IN_THREAD,time_fill_tab,time_bucketing,time_sort,time_rewriting,time_all
100000000,1,8000000,1.00425,18.878,10.3831,2.47187,32.7372
max bucket size 22
max bucket size 22
DONE

RESULTS 
TAB_SIZE,N_THREADS,N_BUCKETS_IN_THREAD,time_fill_tab,time_bucketing,time_sort,time_rewriting,time_all
100000000,2,4000000,0.553721,11.4331,5.10486,1.44642,18.5381
max bucket size 27
max bucket size 27
max bucket size 27
DONE

RESULTS 
TAB_SIZE,N_THREADS,N_BUCKETS_IN_THREAD,time_fill_tab,time_bucketing,time_sort,time_rewriting,time_all
100000000,3,2666600,0.381287,9.60068,3.71897,0.988206,14.6891
max bucket size 31
max bucket size 31
max bucket size 31
max bucket size 31
DONE

RESULTS 
TAB_SIZE,N_THREADS,N_BUCKETS_IN_THREAD,time_fill_tab,time_bucketing,time_sort,time_rewriting,time_all
100000000,4,2000000,0.285403,7.99106,2.30509,0.799667,11.3812
max bucket size 26
max bucket size 26
max bucket size 26
max bucket size 26
max bucket size 26
DONE

RESULTS 
TAB_SIZE,N_THREADS,N_BUCKETS_IN_THREAD,time_fill_tab,time_bucketing,time_sort,time_rewriting,time_all
100000000,5,1600000,0.229193,7.18276,2.06744,0.955017,10.4344
max bucket size 24
max bucket size 24
max bucket size 24
max bucket size 24
max bucket size 24
max bucket size 24
DONE

RESULTS 
TAB_SIZE,N_THREADS,N_BUCKETS_IN_THREAD,time_fill_tab,time_bucketing,time_sort,time_rewriting,time_all
100000000,6,1333300,0.288328,5.93904,1.68344,0.918999,8.8298
max bucket size 26
max bucket size 26
max bucket size 26
max bucket size 26
max bucket size 26
max bucket size 26
max bucket size 26
DONE

RESULTS 
TAB_SIZE,N_THREADS,N_BUCKETS_IN_THREAD,time_fill_tab,time_bucketing,time_sort,time_rewriting,time_all
100000000,7,1142850,0.220644,5.43369,1.5461,0.856478,8.05692
max bucket size 22
max bucket size 22
max bucket size 22
max bucket size 23
max bucket size 22
max bucket size 22
max bucket size 22
max bucket size 22
DONE

RESULTS 
TAB_SIZE,N_THREADS,N_BUCKETS_IN_THREAD,time_fill_tab,time_bucketing,time_sort,time_rewriting,time_all
100000000,8,1000000,0.163016,5.33964,1.38242,0.735652,7.62073
max bucket size 22
DONE

RESULTS 
TAB_SIZE,N_THREADS,N_BUCKETS_IN_THREAD,time_fill_tab,time_bucketing,time_sort,time_rewriting,time_all
100000000,1,8000000,0.999668,16.2628,10.1019,2.72476,30.0891
max bucket size 20
max bucket size 20
DONE

RESULTS 
TAB_SIZE,N_THREADS,N_BUCKETS_IN_THREAD,time_fill_tab,time_bucketing,time_sort,time_rewriting,time_all
100000000,2,4000000,0.559107,12.5056,5.15652,1.53102,19.7523
max bucket size 25
max bucket size 25
max bucket size 25
DONE

RESULTS 
TAB_SIZE,N_THREADS,N_BUCKETS_IN_THREAD,time_fill_tab,time_bucketing,time_sort,time_rewriting,time_all
100000000,3,2666600,0.381959,9.12992,3.64169,1.04179,14.1954
max bucket size 36
max bucket size 36
max bucket size 36
max bucket size 36
DONE

RESULTS 
TAB_SIZE,N_THREADS,N_BUCKETS_IN_THREAD,time_fill_tab,time_bucketing,time_sort,time_rewriting,time_all
100000000,4,2000000,0.285952,7.27653,1.53867,0.642318,9.74347
max bucket size 31
max bucket size 31
max bucket size 32
max bucket size 32
max bucket size 31
DONE

RESULTS 
TAB_SIZE,N_THREADS,N_BUCKETS_IN_THREAD,time_fill_tab,time_bucketing,time_sort,time_rewriting,time_all
100000000,5,1600000,0.234744,6.92508,2.30003,0.970701,10.4306
max bucket size 26
max bucket size 25
max bucket size 26
max bucket size 25
max bucket size 26
max bucket size 26
DONE

RESULTS 
TAB_SIZE,N_THREADS,N_BUCKETS_IN_THREAD,time_fill_tab,time_bucketing,time_sort,time_rewriting,time_all
100000000,6,1333300,0.225259,6.45987,1.83874,0.874995,9.39886
max bucket size 22
max bucket size 21
max bucket size 23
max bucket size 21
max bucket size 23
max bucket size 22
max bucket size 21
DONE

RESULTS 
TAB_SIZE,N_THREADS,N_BUCKETS_IN_THREAD,time_fill_tab,time_bucketing,time_sort,time_rewriting,time_all
100000000,7,1142850,0.185214,5.74501,1.71387,0.89279,8.53689
max bucket size 21
max bucket size 21
max bucket size 21
max bucket size 21
max bucket size 21
max bucket size 21
max bucket size 21
max bucket size 22
DONE

RESULTS 
TAB_SIZE,N_THREADS,N_BUCKETS_IN_THREAD,time_fill_tab,time_bucketing,time_sort,time_rewriting,time_all
100000000,8,1000000,0.158031,5.57123,1.43513,0.75486,7.91926
max bucket size 19
DONE

RESULTS 
TAB_SIZE,N_THREADS,N_BUCKETS_IN_THREAD,time_fill_tab,time_bucketing,time_sort,time_rewriting,time_all
100000000,1,8000000,1.00603,18.3516,9.14719,2.63165,31.1365
max bucket size 21
max bucket size 21
DONE

RESULTS 
TAB_SIZE,N_THREADS,N_BUCKETS_IN_THREAD,time_fill_tab,time_bucketing,time_sort,time_rewriting,time_all
100000000,2,4000000,0.552539,10.6642,5.1145,1.43258,17.7638
max bucket size 20
max bucket size 21
max bucket size 20
DONE

RESULTS 
TAB_SIZE,N_THREADS,N_BUCKETS_IN_THREAD,time_fill_tab,time_bucketing,time_sort,time_rewriting,time_all
100000000,3,2666600,0.379661,8.53723,3.47347,1.11047,13.5008
max bucket size 21
max bucket size 20
max bucket size 20
max bucket size 20
DONE

RESULTS 
TAB_SIZE,N_THREADS,N_BUCKETS_IN_THREAD,time_fill_tab,time_bucketing,time_sort,time_rewriting,time_all
100000000,4,2000000,0.285761,7.75786,2.60723,0.833477,11.4843
max bucket size 24
max bucket size 24
max bucket size 25
max bucket size 28
max bucket size 24
DONE

RESULTS 
TAB_SIZE,N_THREADS,N_BUCKETS_IN_THREAD,time_fill_tab,time_bucketing,time_sort,time_rewriting,time_all
100000000,5,1600000,0.230778,6.42355,2.36592,1.11927,10.1395
max bucket size 23
max bucket size 23
max bucket size 23
max bucket size 23
max bucket size 23
max bucket size 23
DONE

RESULTS 
TAB_SIZE,N_THREADS,N_BUCKETS_IN_THREAD,time_fill_tab,time_bucketing,time_sort,time_rewriting,time_all
100000000,6,1333300,0.214092,6.25275,2.01283,0.977845,9.45752
max bucket size 22
max bucket size 22
max bucket size 22
max bucket size 22
max bucket size 22
max bucket size 22
max bucket size 22
DONE

RESULTS 
TAB_SIZE,N_THREADS,N_BUCKETS_IN_THREAD,time_fill_tab,time_bucketing,time_sort,time_rewriting,time_all
100000000,7,1142850,0.185424,5.54916,1.67659,0.821457,8.23263
max bucket size 20
max bucket size 20
max bucket size 20
max bucket size 20
max bucket size 20
max bucket size 20
max bucket size 20
max bucket size 20
DONE

RESULTS 
TAB_SIZE,N_THREADS,N_BUCKETS_IN_THREAD,time_fill_tab,time_bucketing,time_sort,time_rewriting,time_all
100000000,8,1000000,0.164721,5.72803,1.4779,0.710307,8.08096
max bucket size 20
DONE

RESULTS 
TAB_SIZE,N_THREADS,N_BUCKETS_IN_THREAD,time_fill_tab,time_bucketing,time_sort,time_rewriting,time_all
100000000,1,8000000,0.999205,18.6982,9.32741,2.59512,31.6199
max bucket size 24
max bucket size 24
DONE

RESULTS 
TAB_SIZE,N_THREADS,N_BUCKETS_IN_THREAD,time_fill_tab,time_bucketing,time_sort,time_rewriting,time_all
100000000,2,4000000,0.559601,10.9558,4.22619,1.38114,17.1227
max bucket size 20
max bucket size 20
max bucket size 20
DONE

RESULTS 
TAB_SIZE,N_THREADS,N_BUCKETS_IN_THREAD,time_fill_tab,time_bucketing,time_sort,time_rewriting,time_all
100000000,3,2666600,0.379548,8.96045,3.22295,1.11194,13.6749
max bucket size 24
max bucket size 23
max bucket size 24
max bucket size 24
DONE

RESULTS 
TAB_SIZE,N_THREADS,N_BUCKETS_IN_THREAD,time_fill_tab,time_bucketing,time_sort,time_rewriting,time_all
100000000,4,2000000,0.286039,8.03955,2.7164,0.813451,11.8554
max bucket size 21
max bucket size 21
max bucket size 21
max bucket size 24
max bucket size 21
DONE

RESULTS 
TAB_SIZE,N_THREADS,N_BUCKETS_IN_THREAD,time_fill_tab,time_bucketing,time_sort,time_rewriting,time_all
100000000,5,1600000,0.242639,7.03389,2.34683,1.03596,10.6593
max bucket size 31
max bucket size 34
max bucket size 31
max bucket size 30
max bucket size 31
max bucket size 30
DONE

RESULTS 
TAB_SIZE,N_THREADS,N_BUCKETS_IN_THREAD,time_fill_tab,time_bucketing,time_sort,time_rewriting,time_all
100000000,6,1333300,0.195283,6.11923,1.7752,0.837738,8.92745
max bucket size 38
max bucket size 38
max bucket size 38
max bucket size 38
max bucket size 38
max bucket size 38
max bucket size 38
DONE

RESULTS 
TAB_SIZE,N_THREADS,N_BUCKETS_IN_THREAD,time_fill_tab,time_bucketing,time_sort,time_rewriting,time_all
100000000,7,1142850,0.167842,5.59095,1.06898,0.749329,7.57709
max bucket size 23
max bucket size 22
max bucket size 23
max bucket size 23
max bucket size 23
max bucket size 23
max bucket size 24
max bucket size 24
DONE

RESULTS 
TAB_SIZE,N_THREADS,N_BUCKETS_IN_THREAD,time_fill_tab,time_bucketing,time_sort,time_rewriting,time_all
100000000,8,1000000,0.163242,5.39682,1.42651,0.776129,7.7627
max bucket size 19
DONE

RESULTS 
TAB_SIZE,N_THREADS,N_BUCKETS_IN_THREAD,time_fill_tab,time_bucketing,time_sort,time_rewriting,time_all
100000000,1,8000000,1.00095,18.2645,9.17003,2.60078,31.0363
max bucket size 36
max bucket size 36
DONE

RESULTS 
TAB_SIZE,N_THREADS,N_BUCKETS_IN_THREAD,time_fill_tab,time_bucketing,time_sort,time_rewriting,time_all
100000000,2,4000000,0.554492,10.2235,2.85618,1.24085,14.875
max bucket size 33
max bucket size 33
max bucket size 33
DONE

RESULTS 
TAB_SIZE,N_THREADS,N_BUCKETS_IN_THREAD,time_fill_tab,time_bucketing,time_sort,time_rewriting,time_all
100000000,3,2666600,0.368424,9.17315,3.65259,1.0976,14.2918
max bucket size 20
max bucket size 20
max bucket size 21
max bucket size 20
DONE

RESULTS 
TAB_SIZE,N_THREADS,N_BUCKETS_IN_THREAD,time_fill_tab,time_bucketing,time_sort,time_rewriting,time_all
100000000,4,2000000,0.285983,7.82194,2.6595,0.836715,11.6041
max bucket size 22
max bucket size 22
max bucket size 22
max bucket size 22
max bucket size 22
DONE

RESULTS 
TAB_SIZE,N_THREADS,N_BUCKETS_IN_THREAD,time_fill_tab,time_bucketing,time_sort,time_rewriting,time_all
100000000,5,1600000,0.230085,5.64209,2.38778,1.05193,9.31189
max bucket size 30
max bucket size 30
max bucket size 30
max bucket size 29
max bucket size 29
max bucket size 29
DONE

RESULTS 
TAB_SIZE,N_THREADS,N_BUCKETS_IN_THREAD,time_fill_tab,time_bucketing,time_sort,time_rewriting,time_all
100000000,6,1333300,0.194019,6.16806,2.06874,0.808683,9.2395
max bucket size 25
max bucket size 25
max bucket size 25
max bucket size 25
max bucket size 25
max bucket size 25
max bucket size 25
DONE

RESULTS 
TAB_SIZE,N_THREADS,N_BUCKETS_IN_THREAD,time_fill_tab,time_bucketing,time_sort,time_rewriting,time_all
100000000,7,1142850,0.180489,5.6648,1.51256,0.824015,8.18187
max bucket size 24
max bucket size 24
max bucket size 24
max bucket size 24
max bucket size 24
max bucket size 24
max bucket size 24
max bucket size 24
DONE

RESULTS 
TAB_SIZE,N_THREADS,N_BUCKETS_IN_THREAD,time_fill_tab,time_bucketing,time_sort,time_rewriting,time_all
100000000,8,1000000,0.174484,5.25795,1.60639,0.765366,7.80419
