TAB_SIZE : 
 100000000 
N_THREADS : 
 1 
N_BUCKETS_IN_THREAD : 
 8000000 
BUCKET_RANGE_STEP : 
 0.000000
THREAD_TAB_RANGE : 
 100000000
DONE

RESULTS 
TAB_SIZE,N_THREADS,N_BUCKETS_IN_THREAD,time_fill_tab,time_bucketing,time_bucket_merging,time_sort,time_rewriting,time_all
100000000,1,8000000,0.991943,13.7391,3.10753,8.1903,2.43575,28.4646
TAB_SIZE : 
 100000000 
N_THREADS : 
 2 
N_BUCKETS_IN_THREAD : 
 8000000 
BUCKET_RANGE_STEP : 
 0.000000
THREAD_TAB_RANGE : 
 50000000
DONE

RESULTS 
TAB_SIZE,N_THREADS,N_BUCKETS_IN_THREAD,time_fill_tab,time_bucketing,time_bucket_merging,time_sort,time_rewriting,time_all
100000000,2,8000000,0.573066,6.92705,3.36356,3.91781,1.83658,16.6181
TAB_SIZE : 
 100000000 
N_THREADS : 
 3 
N_BUCKETS_IN_THREAD : 
 8000000 
BUCKET_RANGE_STEP : 
 0.000000
THREAD_TAB_RANGE : 
 33333333
DONE

RESULTS 
TAB_SIZE,N_THREADS,N_BUCKETS_IN_THREAD,time_fill_tab,time_bucketing,time_bucket_merging,time_sort,time_rewriting,time_all
100000000,3,8000000,0.403075,6.8987,3.80152,2.81638,1.38117,15.3008
TAB_SIZE : 
 100000000 
N_THREADS : 
 4 
N_BUCKETS_IN_THREAD : 
 8000000 
BUCKET_RANGE_STEP : 
 0.000000
THREAD_TAB_RANGE : 
 25000000
DONE

RESULTS 
TAB_SIZE,N_THREADS,N_BUCKETS_IN_THREAD,time_fill_tab,time_bucketing,time_bucket_merging,time_sort,time_rewriting,time_all
100000000,4,8000000,0.309257,5.82845,3.17265,2.31952,1.18349,12.8134
TAB_SIZE : 
 100000000 
N_THREADS : 
 5 
N_BUCKETS_IN_THREAD : 
 8000000 
BUCKET_RANGE_STEP : 
 0.000000
THREAD_TAB_RANGE : 
 20000000
DONE

RESULTS 
TAB_SIZE,N_THREADS,N_BUCKETS_IN_THREAD,time_fill_tab,time_bucketing,time_bucket_merging,time_sort,time_rewriting,time_all
100000000,5,8000000,0.252269,4.2382,3.78445,1.82379,0.979508,11.0782
TAB_SIZE : 
 100000000 
N_THREADS : 
 6 
N_BUCKETS_IN_THREAD : 
 8000000 
BUCKET_RANGE_STEP : 
 0.000000
THREAD_TAB_RANGE : 
 16666666
DONE

RESULTS 
TAB_SIZE,N_THREADS,N_BUCKETS_IN_THREAD,time_fill_tab,time_bucketing,time_bucket_merging,time_sort,time_rewriting,time_all
100000000,6,8000000,0.210839,4.00224,3.22073,1.54709,0.853916,9.83482
TAB_SIZE : 
 100000000 
N_THREADS : 
 7 
N_BUCKETS_IN_THREAD : 
 8000000 
BUCKET_RANGE_STEP : 
 0.000000
THREAD_TAB_RANGE : 
 14285714
DONE

RESULTS 
TAB_SIZE,N_THREADS,N_BUCKETS_IN_THREAD,time_fill_tab,time_bucketing,time_bucket_merging,time_sort,time_rewriting,time_all
100000000,7,8000000,0.180245,4.09401,3.35037,1.35042,0.779762,9.75481
TAB_SIZE : 
 100000000 
N_THREADS : 
 8 
N_BUCKETS_IN_THREAD : 
 8000000 
BUCKET_RANGE_STEP : 
 0.000000
THREAD_TAB_RANGE : 
 12500000
DONE

RESULTS 
TAB_SIZE,N_THREADS,N_BUCKETS_IN_THREAD,time_fill_tab,time_bucketing,time_bucket_merging,time_sort,time_rewriting,time_all
100000000,8,8000000,0.158817,2.95804,3.45929,1.01264,0.722903,8.3117
