max bucket size 31
DONE

RESULTS 
TAB_SIZE,N_THREADS,N_BUCKETS_IN_THREAD,time_fill_tab,time_bucketing,time_sort,time_rewriting,time_all
1000000000,1,80000000,10.0357,251.155,81.7893,37.5685,380.548
max bucket size 31
max bucket size 31
DONE

RESULTS 
TAB_SIZE,N_THREADS,N_BUCKETS_IN_THREAD,time_fill_tab,time_bucketing,time_sort,time_rewriting,time_all
1000000000,2,40000000,5.53746,139.54,43.2452,19.11,207.432
max bucket size 60
max bucket size 60
max bucket size 60
DONE

RESULTS 
TAB_SIZE,N_THREADS,N_BUCKETS_IN_THREAD,time_fill_tab,time_bucketing,time_sort,time_rewriting,time_all
1000000000,3,26666600,3.82944,102.177,31.0095,12.8723,149.888
max bucket size 32
max bucket size 32
max bucket size 32
max bucket size 32
DONE

RESULTS 
TAB_SIZE,N_THREADS,N_BUCKETS_IN_THREAD,time_fill_tab,time_bucketing,time_sort,time_rewriting,time_all
1000000000,4,20000000,2.8755,100.835,15.5268,9.39881,128.636
max bucket size 33
max bucket size 36
max bucket size 31
max bucket size 36
max bucket size 35
DONE

RESULTS 
TAB_SIZE,N_THREADS,N_BUCKETS_IN_THREAD,time_fill_tab,time_bucketing,time_sort,time_rewriting,time_all
1000000000,5,16000000,2.82261,84.3745,22.0566,11.5029,120.757
max bucket size 120
max bucket size 60
max bucket size 60
max bucket size 60
max bucket size 120
max bucket size 60
DONE

RESULTS 
TAB_SIZE,N_THREADS,N_BUCKETS_IN_THREAD,time_fill_tab,time_bucketing,time_sort,time_rewriting,time_all
1000000000,6,13333300,2.37858,73.0668,15.6682,6.08621,97.1998
max bucket size 60
max bucket size 60
max bucket size 62
max bucket size 61
max bucket size 61
max bucket size 60
max bucket size 62
DONE

RESULTS 
TAB_SIZE,N_THREADS,N_BUCKETS_IN_THREAD,time_fill_tab,time_bucketing,time_sort,time_rewriting,time_all
1000000000,7,11428500,2.02121,72.0825,11.6642,6.21165,91.9795
max bucket size 61
max bucket size 119
max bucket size 61
max bucket size 61
max bucket size 61
max bucket size 61
max bucket size 61
max bucket size 119
DONE

RESULTS 
TAB_SIZE,N_THREADS,N_BUCKETS_IN_THREAD,time_fill_tab,time_bucketing,time_sort,time_rewriting,time_all
1000000000,8,10000000,2.30769,91.7707,15.4963,5.40096,114.976
