max bucket size 100000000
DONE

RESULTS 
TAB_SIZE,N_THREADS,N_BUCKETS_IN_THREAD,time_fill_tab,time_bucketing,time_sort,time_rewriting,time_all
100000000,1,1,1.17639,5.86462,62.3083,1.41142,70.7607
max bucket size 10000006
DONE

RESULTS 
TAB_SIZE,N_THREADS,N_BUCKETS_IN_THREAD,time_fill_tab,time_bucketing,time_sort,time_rewriting,time_all
100000000,1,10,1.17548,5.9637,53.6805,1.42023,62.2399
max bucket size 1000115
DONE

RESULTS 
TAB_SIZE,N_THREADS,N_BUCKETS_IN_THREAD,time_fill_tab,time_bucketing,time_sort,time_rewriting,time_all
100000000,1,100,1.17493,6.006,46.4481,1.42664,55.0557
max bucket size 100031
DONE

RESULTS 
TAB_SIZE,N_THREADS,N_BUCKETS_IN_THREAD,time_fill_tab,time_bucketing,time_sort,time_rewriting,time_all
100000000,1,1000,1.17672,8.74166,40.2536,1.59678,51.7688
max bucket size 10033
DONE

RESULTS 
TAB_SIZE,N_THREADS,N_BUCKETS_IN_THREAD,time_fill_tab,time_bucketing,time_sort,time_rewriting,time_all
100000000,1,10000,1.17812,11.049,32.118,1.60787,45.953
max bucket size 1019
DONE

RESULTS 
TAB_SIZE,N_THREADS,N_BUCKETS_IN_THREAD,time_fill_tab,time_bucketing,time_sort,time_rewriting,time_all
100000000,1,100000,1.17672,22.6246,24.8389,1.60196,50.2421
max bucket size 132
DONE

RESULTS 
TAB_SIZE,N_THREADS,N_BUCKETS_IN_THREAD,time_fill_tab,time_bucketing,time_sort,time_rewriting,time_all
100000000,1,1000000,1.17713,24.3828,15.1612,1.8027,42.5238
max bucket size 58
DONE

RESULTS 
TAB_SIZE,N_THREADS,N_BUCKETS_IN_THREAD,time_fill_tab,time_bucketing,time_sort,time_rewriting,time_all
100000000,1,2000000,1.18274,22.949,16.1257,1.93074,42.1882
max bucket size 30
DONE

RESULTS 
TAB_SIZE,N_THREADS,N_BUCKETS_IN_THREAD,time_fill_tab,time_bucketing,time_sort,time_rewriting,time_all
100000000,1,5000000,1.18989,21.9157,12.2366,2.60233,37.9446
max bucket size 24
DONE

RESULTS 
TAB_SIZE,N_THREADS,N_BUCKETS_IN_THREAD,time_fill_tab,time_bucketing,time_sort,time_rewriting,time_all
100000000,1,8000000,1.1849,24.9366,9.04635,2.56856,37.7365
max bucket size 18
DONE

RESULTS 
TAB_SIZE,N_THREADS,N_BUCKETS_IN_THREAD,time_fill_tab,time_bucketing,time_sort,time_rewriting,time_all
100000000,1,10000000,1.19245,25.4897,10.6585,3.04501,40.3856
max bucket size 10
DONE

RESULTS 
TAB_SIZE,N_THREADS,N_BUCKETS_IN_THREAD,time_fill_tab,time_bucketing,time_sort,time_rewriting,time_all
100000000,1,20000000,1.19374,29.4562,11.9018,4.51416,47.0659
