max bucket size 1000000
DONE

RESULTS 
TAB_SIZE,N_THREADS,N_BUCKETS_IN_THREAD,time_fill_tab,time_bucketing,time_sort,time_rewriting,time_all
1000000,1,1,0.0107766,0.0561983,0.442208,0.0135075,0.52269
max bucket size 100005
DONE

RESULTS 
TAB_SIZE,N_THREADS,N_BUCKETS_IN_THREAD,time_fill_tab,time_bucketing,time_sort,time_rewriting,time_all
1000000,1,10,0.0106445,0.0579435,0.374729,0.0133423,0.45666
max bucket size 10010
DONE

RESULTS 
TAB_SIZE,N_THREADS,N_BUCKETS_IN_THREAD,time_fill_tab,time_bucketing,time_sort,time_rewriting,time_all
1000000,1,100,0.0110069,0.0598618,0.293647,0.0134138,0.37793
max bucket size 1014
DONE

RESULTS 
TAB_SIZE,N_THREADS,N_BUCKETS_IN_THREAD,time_fill_tab,time_bucketing,time_sort,time_rewriting,time_all
1000000,1,1000,0.0108023,0.061985,0.235046,0.0133004,0.321134
max bucket size 113
DONE

RESULTS 
TAB_SIZE,N_THREADS,N_BUCKETS_IN_THREAD,time_fill_tab,time_bucketing,time_sort,time_rewriting,time_all
1000000,1,10000,0.0109534,0.0761035,0.158475,0.0137489,0.259281
max bucket size 65
DONE

RESULTS 
TAB_SIZE,N_THREADS,N_BUCKETS_IN_THREAD,time_fill_tab,time_bucketing,time_sort,time_rewriting,time_all
1000000,1,20000,0.0108762,0.0786896,0.142761,0.0141361,0.246463
max bucket size 28
DONE

RESULTS 
TAB_SIZE,N_THREADS,N_BUCKETS_IN_THREAD,time_fill_tab,time_bucketing,time_sort,time_rewriting,time_all
1000000,1,50000,0.0112214,0.0878548,0.117836,0.0163622,0.233274
max bucket size 18
DONE

RESULTS 
TAB_SIZE,N_THREADS,N_BUCKETS_IN_THREAD,time_fill_tab,time_bucketing,time_sort,time_rewriting,time_all
1000000,1,80000,0.0111504,0.0993962,0.0845276,0.0207175,0.215792
max bucket size 15
DONE

RESULTS 
TAB_SIZE,N_THREADS,N_BUCKETS_IN_THREAD,time_fill_tab,time_bucketing,time_sort,time_rewriting,time_all
1000000,1,100000,0.0114698,0.103674,0.0525094,0.0231971,0.190851
max bucket size 8
DONE

RESULTS 
TAB_SIZE,N_THREADS,N_BUCKETS_IN_THREAD,time_fill_tab,time_bucketing,time_sort,time_rewriting,time_all
1000000,1,200000,0.011263,0.121453,0.0594395,0.0308696,0.223026
