max bucket size 60
DONE

RESULTS 
TAB_SIZE,N_THREADS,N_BUCKETS_IN_THREAD,time_fill_tab,time_bucketing,time_sort,time_rewriting,time_all
1000000000,1,80000000,10.0854,227.237,64.5191,26.5766,328.419
max bucket size 31
max bucket size 31
DONE

RESULTS 
TAB_SIZE,N_THREADS,N_BUCKETS_IN_THREAD,time_fill_tab,time_bucketing,time_sort,time_rewriting,time_all
1000000000,2,40000000,5.51026,141.705,40.3127,21.5387,209.067
max bucket size 120
max bucket size 60
max bucket size 120
DONE

RESULTS 
TAB_SIZE,N_THREADS,N_BUCKETS_IN_THREAD,time_fill_tab,time_bucketing,time_sort,time_rewriting,time_all
1000000000,3,26666600,3.62942,97.281,28.4336,10.6699,140.014
max bucket size 31
max bucket size 30
max bucket size 30
max bucket size 31
DONE

RESULTS 
TAB_SIZE,N_THREADS,N_BUCKETS_IN_THREAD,time_fill_tab,time_bucketing,time_sort,time_rewriting,time_all
1000000000,4,20000000,3.07789,90.9992,22.9616,12.7194,129.758
max bucket size 30
max bucket size 31
max bucket size 30
max bucket size 31
max bucket size 30
DONE

RESULTS 
TAB_SIZE,N_THREADS,N_BUCKETS_IN_THREAD,time_fill_tab,time_bucketing,time_sort,time_rewriting,time_all
1000000000,5,16000000,2.46711,81.0532,18.6529,10.1385,112.312
max bucket size 29
max bucket size 29
max bucket size 31
max bucket size 32
max bucket size 30
max bucket size 32
DONE

RESULTS 
TAB_SIZE,N_THREADS,N_BUCKETS_IN_THREAD,time_fill_tab,time_bucketing,time_sort,time_rewriting,time_all
1000000000,6,13333300,2.05622,72.6419,15.601,8.35083,98.65
max bucket size 32
max bucket size 31
max bucket size 31
max bucket size 30
max bucket size 30
max bucket size 31
max bucket size 30
DONE

RESULTS 
TAB_SIZE,N_THREADS,N_BUCKETS_IN_THREAD,time_fill_tab,time_bucketing,time_sort,time_rewriting,time_all
1000000000,7,11428500,1.79294,74.7413,13.636,7.55551,97.7257
max bucket size 31
max bucket size 31
max bucket size 30
max bucket size 31
max bucket size 30
max bucket size 29
max bucket size 31
max bucket size 31
DONE

RESULTS 
TAB_SIZE,N_THREADS,N_BUCKETS_IN_THREAD,time_fill_tab,time_bucketing,time_sort,time_rewriting,time_all
1000000000,8,10000000,1.63631,61.3779,17.352,6.89997,87.2662
