max bucket size 32
DONE

RESULTS 
TAB_SIZE,N_THREADS,N_BUCKETS_IN_THREAD,time_fill_tab,time_bucketing,time_sort,time_rewriting,time_all
1000000000,1,80000000,11.3737,250.612,90.5906,34.4829,387.059
max bucket size 120
max bucket size 120
DONE

RESULTS 
TAB_SIZE,N_THREADS,N_BUCKETS_IN_THREAD,time_fill_tab,time_bucketing,time_sort,time_rewriting,time_all
1000000000,2,40000000,5.84198,109.511,51.9448,10.9444,178.242
max bucket size 31
max bucket size 31
max bucket size 31
DONE

RESULTS 
TAB_SIZE,N_THREADS,N_BUCKETS_IN_THREAD,time_fill_tab,time_bucketing,time_sort,time_rewriting,time_all
1000000000,3,26666600,4.67486,130.401,33.475,18.0513,186.602
max bucket size 32
max bucket size 31
max bucket size 31
max bucket size 32
DONE

RESULTS 
TAB_SIZE,N_THREADS,N_BUCKETS_IN_THREAD,time_fill_tab,time_bucketing,time_sort,time_rewriting,time_all
1000000000,4,20000000,3.5058,96.5757,23.9133,14.8404,138.835
max bucket size 31
max bucket size 31
max bucket size 31
max bucket size 31
max bucket size 31
DONE

RESULTS 
TAB_SIZE,N_THREADS,N_BUCKETS_IN_THREAD,time_fill_tab,time_bucketing,time_sort,time_rewriting,time_all
1000000000,5,16000000,2.84293,89.6518,19.5011,12.117,124.113
max bucket size 32
max bucket size 31
max bucket size 29
max bucket size 32
max bucket size 31
max bucket size 31
DONE

RESULTS 
TAB_SIZE,N_THREADS,N_BUCKETS_IN_THREAD,time_fill_tab,time_bucketing,time_sort,time_rewriting,time_all
1000000000,6,13333300,2.38358,74.7998,17.7771,12.2511,107.212
max bucket size 58
max bucket size 61
max bucket size 61
max bucket size 61
max bucket size 61
max bucket size 60
max bucket size 61
DONE

RESULTS 
TAB_SIZE,N_THREADS,N_BUCKETS_IN_THREAD,time_fill_tab,time_bucketing,time_sort,time_rewriting,time_all
1000000000,7,11428500,1.99263,66.9119,12.187,5.90607,86.9976
max bucket size 60
max bucket size 60
max bucket size 61
max bucket size 57
max bucket size 61
max bucket size 59
max bucket size 58
max bucket size 62
DONE

RESULTS 
TAB_SIZE,N_THREADS,N_BUCKETS_IN_THREAD,time_fill_tab,time_bucketing,time_sort,time_rewriting,time_all
1000000000,8,10000000,1.70321,70.7899,13.1216,6.71228,92.327
