TAB_SIZE : 
 1000000000 
N_THREADS : 
 1 
N_BUCKETS_IN_THREAD : 
 80000000 
BUCKET_RANGE_STEP : 
 0.000000
THREAD_TAB_RANGE : 
 1000000000
DONE

RESULTS 
TAB_SIZE,N_THREADS,N_BUCKETS_IN_THREAD,time_fill_tab,time_bucketing,time_bucket_merging,time_sort,time_rewriting,time_all
1000000000,1,80000000,11.5542,248.188,52.852,128.119,42.6221,430.483
/var/spool/slurmd/job20896140/slurm_script: line 9: 26793 Killed                  ./omp_sort3 1000000000 2 80000000
/var/spool/slurmd/job20896140/slurm_script: line 10: 26971 Killed                  ./omp_sort3 1000000000 3 80000000
/var/spool/slurmd/job20896140/slurm_script: line 11: 27025 Killed                  ./omp_sort3 1000000000 4 80000000
/var/spool/slurmd/job20896140/slurm_script: line 12: 27076 Killed                  ./omp_sort3 1000000000 5 80000000
/var/spool/slurmd/job20896140/slurm_script: line 13: 27127 Killed                  ./omp_sort3 1000000000 6 80000000
/var/spool/slurmd/job20896140/slurm_script: line 14: 27178 Killed                  ./omp_sort3 1000000000 7 80000000
/var/spool/slurmd/job20896140/slurm_script: line 15: 27216 Killed                  ./omp_sort3 1000000000 8 80000000
slurmstepd: error: Detected 7 oom-kill event(s) in step 20896140.batch cgroup. Some of your processes may have been killed by the cgroup out-of-memory handler.
