max bucket size 36
DONE

RESULTS 
TAB_SIZE,N_THREADS,N_BUCKETS_IN_THREAD,time_fill_tab,time_bucketing,time_sort,time_rewriting,time_all
100000000,1,5000000,0.999673,17.5905,10.7149,2.02578,31.3309
max bucket size 30
max bucket size 29
DONE

RESULTS 
TAB_SIZE,N_THREADS,N_BUCKETS_IN_THREAD,time_fill_tab,time_bucketing,time_sort,time_rewriting,time_all
100000000,2,2500000,0.571454,9.82735,6.11559,1.44167,17.9561
max bucket size 27
max bucket size 27
max bucket size 27
DONE

RESULTS 
TAB_SIZE,N_THREADS,N_BUCKETS_IN_THREAD,time_fill_tab,time_bucketing,time_sort,time_rewriting,time_all
100000000,3,1666660,0.394116,8.54001,4.62078,1.15093,14.7058
max bucket size 42
max bucket size 43
max bucket size 42
max bucket size 42
DONE

RESULTS 
TAB_SIZE,N_THREADS,N_BUCKETS_IN_THREAD,time_fill_tab,time_bucketing,time_sort,time_rewriting,time_all
100000000,4,1250000,0.287382,7.51972,3.19859,0.877679,11.8834
max bucket size 74
max bucket size 74
max bucket size 74
max bucket size 74
max bucket size 74
DONE

RESULTS 
TAB_SIZE,N_THREADS,N_BUCKETS_IN_THREAD,time_fill_tab,time_bucketing,time_sort,time_rewriting,time_all
100000000,5,1000000,0.249625,6.73679,1.60319,0.672925,9.26253
max bucket size 30
max bucket size 31
max bucket size 31
max bucket size 31
max bucket size 30
max bucket size 30
DONE

RESULTS 
TAB_SIZE,N_THREADS,N_BUCKETS_IN_THREAD,time_fill_tab,time_bucketing,time_sort,time_rewriting,time_all
100000000,6,833330,0.191989,5.96348,2.46162,0.630863,9.24795
max bucket size 34
max bucket size 34
max bucket size 36
max bucket size 34
max bucket size 35
max bucket size 34
max bucket size 34
DONE

RESULTS 
TAB_SIZE,N_THREADS,N_BUCKETS_IN_THREAD,time_fill_tab,time_bucketing,time_sort,time_rewriting,time_all
100000000,7,714280,0.163409,5.51233,1.87346,0.540107,8.08931
max bucket size 29
max bucket size 29
max bucket size 29
max bucket size 30
max bucket size 30
max bucket size 30
max bucket size 29
max bucket size 29
DONE

RESULTS 
TAB_SIZE,N_THREADS,N_BUCKETS_IN_THREAD,time_fill_tab,time_bucketing,time_sort,time_rewriting,time_all
100000000,8,625000,0.143175,5.30487,1.65668,0.488996,7.59373
max bucket size 32
DONE

RESULTS 
TAB_SIZE,N_THREADS,N_BUCKETS_IN_THREAD,time_fill_tab,time_bucketing,time_sort,time_rewriting,time_all
100000000,1,5000000,1.10946,18.3351,10.9905,2.09649,32.5315
max bucket size 30
max bucket size 30
DONE

RESULTS 
TAB_SIZE,N_THREADS,N_BUCKETS_IN_THREAD,time_fill_tab,time_bucketing,time_sort,time_rewriting,time_all
100000000,2,2500000,0.572284,10.6586,5.86114,1.3865,18.4785
max bucket size 30
max bucket size 30
max bucket size 30
DONE

RESULTS 
TAB_SIZE,N_THREADS,N_BUCKETS_IN_THREAD,time_fill_tab,time_bucketing,time_sort,time_rewriting,time_all
100000000,3,1666660,0.392866,10.4105,4.04789,1.10198,15.9532
max bucket size 72
max bucket size 72
max bucket size 72
max bucket size 72
DONE

RESULTS 
TAB_SIZE,N_THREADS,N_BUCKETS_IN_THREAD,time_fill_tab,time_bucketing,time_sort,time_rewriting,time_all
100000000,4,1250000,0.288625,7.14486,1.90893,0.837213,10.1796
max bucket size 47
max bucket size 47
max bucket size 50
max bucket size 49
max bucket size 50
DONE

RESULTS 
TAB_SIZE,N_THREADS,N_BUCKETS_IN_THREAD,time_fill_tab,time_bucketing,time_sort,time_rewriting,time_all
100000000,5,1000000,0.25345,6.49888,2.45857,0.744712,9.95562
max bucket size 29
max bucket size 29
max bucket size 29
max bucket size 30
max bucket size 30
max bucket size 29
DONE

RESULTS 
TAB_SIZE,N_THREADS,N_BUCKETS_IN_THREAD,time_fill_tab,time_bucketing,time_sort,time_rewriting,time_all
100000000,6,833330,0.190283,6.08187,2.23207,0.630971,9.13519
max bucket size 31
max bucket size 30
max bucket size 30
max bucket size 31
max bucket size 30
max bucket size 30
max bucket size 30
DONE

RESULTS 
TAB_SIZE,N_THREADS,N_BUCKETS_IN_THREAD,time_fill_tab,time_bucketing,time_sort,time_rewriting,time_all
100000000,7,714280,0.168507,5.08508,2.75435,0.598729,8.60667
max bucket size 29
max bucket size 29
max bucket size 29
max bucket size 29
max bucket size 29
max bucket size 29
max bucket size 28
max bucket size 29
DONE

RESULTS 
TAB_SIZE,N_THREADS,N_BUCKETS_IN_THREAD,time_fill_tab,time_bucketing,time_sort,time_rewriting,time_all
100000000,8,625000,0.221431,6.158,1.73369,0.459218,8.57235
max bucket size 72
DONE

RESULTS 
TAB_SIZE,N_THREADS,N_BUCKETS_IN_THREAD,time_fill_tab,time_bucketing,time_sort,time_rewriting,time_all
100000000,1,5000000,1.0141,19.0319,6.88294,2.21569,29.1447
max bucket size 40
max bucket size 40
DONE

RESULTS 
TAB_SIZE,N_THREADS,N_BUCKETS_IN_THREAD,time_fill_tab,time_bucketing,time_sort,time_rewriting,time_all
100000000,2,2500000,0.569554,14.0728,7.07069,1.84538,23.5585
max bucket size 29
max bucket size 29
max bucket size 29
DONE

RESULTS 
TAB_SIZE,N_THREADS,N_BUCKETS_IN_THREAD,time_fill_tab,time_bucketing,time_sort,time_rewriting,time_all
100000000,3,1666660,0.385502,9.20358,4.26393,1.20918,15.0622
max bucket size 37
max bucket size 37
max bucket size 36
max bucket size 38
DONE

RESULTS 
TAB_SIZE,N_THREADS,N_BUCKETS_IN_THREAD,time_fill_tab,time_bucketing,time_sort,time_rewriting,time_all
100000000,4,1250000,0.287121,6.95463,3.25835,0.87064,11.3708
max bucket size 33
max bucket size 34
max bucket size 33
max bucket size 33
max bucket size 33
DONE

RESULTS 
TAB_SIZE,N_THREADS,N_BUCKETS_IN_THREAD,time_fill_tab,time_bucketing,time_sort,time_rewriting,time_all
100000000,5,1000000,0.248366,5.78098,2.61193,0.70188,9.34315
max bucket size 36
max bucket size 36
max bucket size 35
max bucket size 36
max bucket size 37
max bucket size 36
DONE

RESULTS 
TAB_SIZE,N_THREADS,N_BUCKETS_IN_THREAD,time_fill_tab,time_bucketing,time_sort,time_rewriting,time_all
100000000,6,833330,0.201683,5.82146,2.16151,0.58746,8.77211
max bucket size 36
max bucket size 35
max bucket size 35
max bucket size 35
max bucket size 36
max bucket size 35
max bucket size 35
DONE

RESULTS 
TAB_SIZE,N_THREADS,N_BUCKETS_IN_THREAD,time_fill_tab,time_bucketing,time_sort,time_rewriting,time_all
100000000,7,714280,0.168418,5.23212,2.6824,0.555452,8.63839
max bucket size 30
max bucket size 29
max bucket size 30
max bucket size 29
max bucket size 29
max bucket size 29
max bucket size 30
max bucket size 30
DONE

RESULTS 
TAB_SIZE,N_THREADS,N_BUCKETS_IN_THREAD,time_fill_tab,time_bucketing,time_sort,time_rewriting,time_all
100000000,8,625000,0.142504,5.17674,2.34236,0.471993,8.1336
max bucket size 28
DONE

RESULTS 
TAB_SIZE,N_THREADS,N_BUCKETS_IN_THREAD,time_fill_tab,time_bucketing,time_sort,time_rewriting,time_all
100000000,1,5000000,0.998109,16.4772,11.4856,1.9788,30.9397
max bucket size 29
max bucket size 30
DONE

RESULTS 
TAB_SIZE,N_THREADS,N_BUCKETS_IN_THREAD,time_fill_tab,time_bucketing,time_sort,time_rewriting,time_all
100000000,2,2500000,0.568688,14.0558,6.33152,1.79804,22.754
max bucket size 35
max bucket size 34
max bucket size 33
DONE

RESULTS 
TAB_SIZE,N_THREADS,N_BUCKETS_IN_THREAD,time_fill_tab,time_bucketing,time_sort,time_rewriting,time_all
100000000,3,1666660,0.377564,10.1371,4.40585,1.06523,15.9857
max bucket size 34
max bucket size 35
max bucket size 34
max bucket size 34
DONE

RESULTS 
TAB_SIZE,N_THREADS,N_BUCKETS_IN_THREAD,time_fill_tab,time_bucketing,time_sort,time_rewriting,time_all
100000000,4,1250000,0.281263,8.15779,3.20555,0.869046,12.5137
max bucket size 29
max bucket size 29
max bucket size 29
max bucket size 29
max bucket size 29
DONE

RESULTS 
TAB_SIZE,N_THREADS,N_BUCKETS_IN_THREAD,time_fill_tab,time_bucketing,time_sort,time_rewriting,time_all
100000000,5,1000000,0.243228,5.72984,2.59055,0.779786,9.3434
max bucket size 32
max bucket size 32
max bucket size 32
max bucket size 32
max bucket size 32
max bucket size 32
DONE

RESULTS 
TAB_SIZE,N_THREADS,N_BUCKETS_IN_THREAD,time_fill_tab,time_bucketing,time_sort,time_rewriting,time_all
100000000,6,833330,0.207087,5.92375,2.21307,0.622343,8.96625
max bucket size 39
max bucket size 39
max bucket size 40
max bucket size 40
max bucket size 40
max bucket size 40
max bucket size 40
DONE

RESULTS 
TAB_SIZE,N_THREADS,N_BUCKETS_IN_THREAD,time_fill_tab,time_bucketing,time_sort,time_rewriting,time_all
100000000,7,714280,0.168382,5.60433,1.71174,0.548336,8.0328
max bucket size 38
max bucket size 39
max bucket size 38
max bucket size 39
max bucket size 40
max bucket size 40
max bucket size 38
max bucket size 42
DONE

RESULTS 
TAB_SIZE,N_THREADS,N_BUCKETS_IN_THREAD,time_fill_tab,time_bucketing,time_sort,time_rewriting,time_all
100000000,8,625000,0.1429,5.26781,1.57259,0.460884,7.44419
max bucket size 27
DONE

RESULTS 
TAB_SIZE,N_THREADS,N_BUCKETS_IN_THREAD,time_fill_tab,time_bucketing,time_sort,time_rewriting,time_all
100000000,1,5000000,0.998404,17.2318,11.3092,1.96491,31.5043
max bucket size 36
max bucket size 36
DONE

RESULTS 
TAB_SIZE,N_THREADS,N_BUCKETS_IN_THREAD,time_fill_tab,time_bucketing,time_sort,time_rewriting,time_all
100000000,2,2500000,0.569038,10.3411,5.56812,1.36868,17.847
max bucket size 31
max bucket size 32
max bucket size 31
DONE

RESULTS 
TAB_SIZE,N_THREADS,N_BUCKETS_IN_THREAD,time_fill_tab,time_bucketing,time_sort,time_rewriting,time_all
100000000,3,1666660,0.38265,8.78599,4.40061,1.00899,14.5782
max bucket size 29
max bucket size 30
max bucket size 30
max bucket size 29
DONE

RESULTS 
TAB_SIZE,N_THREADS,N_BUCKETS_IN_THREAD,time_fill_tab,time_bucketing,time_sort,time_rewriting,time_all
100000000,4,1250000,0.28591,7.28537,3.42314,0.729858,11.7243
max bucket size 28
max bucket size 28
max bucket size 28
max bucket size 28
max bucket size 28
DONE

RESULTS 
TAB_SIZE,N_THREADS,N_BUCKETS_IN_THREAD,time_fill_tab,time_bucketing,time_sort,time_rewriting,time_all
100000000,5,1000000,0.228344,6.55519,2.75195,0.645398,10.1809
max bucket size 30
max bucket size 30
max bucket size 30
max bucket size 30
max bucket size 30
max bucket size 30
DONE

RESULTS 
TAB_SIZE,N_THREADS,N_BUCKETS_IN_THREAD,time_fill_tab,time_bucketing,time_sort,time_rewriting,time_all
100000000,6,833330,0.19007,5.95147,2.00797,0.611976,8.76148
max bucket size 29
max bucket size 29
max bucket size 29
max bucket size 29
max bucket size 29
max bucket size 29
max bucket size 29
DONE

RESULTS 
TAB_SIZE,N_THREADS,N_BUCKETS_IN_THREAD,time_fill_tab,time_bucketing,time_sort,time_rewriting,time_all
100000000,7,714280,0.163227,5.35154,2.74391,0.540496,8.79917
max bucket size 28
max bucket size 29
max bucket size 29
max bucket size 28
max bucket size 28
max bucket size 28
max bucket size 28
max bucket size 29
DONE

RESULTS 
TAB_SIZE,N_THREADS,N_BUCKETS_IN_THREAD,time_fill_tab,time_bucketing,time_sort,time_rewriting,time_all
100000000,8,625000,0.146027,5.21722,1.64739,0.475991,7.48663
max bucket size 30
DONE

RESULTS 
TAB_SIZE,N_THREADS,N_BUCKETS_IN_THREAD,time_fill_tab,time_bucketing,time_sort,time_rewriting,time_all
100000000,1,5000000,0.99576,16.6324,10.4546,2.05595,30.1387
max bucket size 30
max bucket size 31
DONE

RESULTS 
TAB_SIZE,N_THREADS,N_BUCKETS_IN_THREAD,time_fill_tab,time_bucketing,time_sort,time_rewriting,time_all
100000000,2,2500000,0.57022,10.897,5.91798,1.375,18.7602
max bucket size 53
max bucket size 53
max bucket size 54
DONE

RESULTS 
TAB_SIZE,N_THREADS,N_BUCKETS_IN_THREAD,time_fill_tab,time_bucketing,time_sort,time_rewriting,time_all
100000000,3,1666660,0.387077,8.97527,4.21213,1.13036,14.7048
max bucket size 35
max bucket size 35
max bucket size 34
max bucket size 35
DONE

RESULTS 
TAB_SIZE,N_THREADS,N_BUCKETS_IN_THREAD,time_fill_tab,time_bucketing,time_sort,time_rewriting,time_all
100000000,4,1250000,0.285272,7.55333,3.26586,0.884084,11.9885
max bucket size 30
max bucket size 31
max bucket size 30
max bucket size 30
max bucket size 30
DONE

RESULTS 
TAB_SIZE,N_THREADS,N_BUCKETS_IN_THREAD,time_fill_tab,time_bucketing,time_sort,time_rewriting,time_all
100000000,5,1000000,0.244773,6.6034,2.5988,0.76287,10.2098
max bucket size 31
max bucket size 29
max bucket size 29
max bucket size 30
max bucket size 29
max bucket size 29
DONE

RESULTS 
TAB_SIZE,N_THREADS,N_BUCKETS_IN_THREAD,time_fill_tab,time_bucketing,time_sort,time_rewriting,time_all
100000000,6,833330,0.19368,5.91281,3.06033,0.716854,9.88368
max bucket size 29
max bucket size 30
max bucket size 31
max bucket size 30
max bucket size 30
max bucket size 29
max bucket size 30
DONE

RESULTS 
TAB_SIZE,N_THREADS,N_BUCKETS_IN_THREAD,time_fill_tab,time_bucketing,time_sort,time_rewriting,time_all
100000000,7,714280,0.164614,5.31793,1.88339,0.575166,7.9411
max bucket size 29
max bucket size 30
max bucket size 29
max bucket size 30
max bucket size 29
max bucket size 29
max bucket size 29
max bucket size 29
DONE

RESULTS 
TAB_SIZE,N_THREADS,N_BUCKETS_IN_THREAD,time_fill_tab,time_bucketing,time_sort,time_rewriting,time_all
100000000,8,625000,0.142882,5.01919,1.65805,0.453925,7.27405
