max bucket size 21
DONE

RESULTS 
TAB_SIZE,N_THREADS,N_BUCKETS_IN_THREAD,time_fill_tab,time_bucketing,time_sort,time_rewriting,time_all
100000000,1,8000000,1.1629,19.9504,10.9575,2.71693,34.7877
max bucket size 20
max bucket size 20
DONE

RESULTS 
TAB_SIZE,N_THREADS,N_BUCKETS_IN_THREAD,time_fill_tab,time_bucketing,time_sort,time_rewriting,time_all
100000000,2,4000000,0.58765,11.1824,5.10731,1.51176,18.3892
max bucket size 20
max bucket size 20
max bucket size 20
DONE

RESULTS 
TAB_SIZE,N_THREADS,N_BUCKETS_IN_THREAD,time_fill_tab,time_bucketing,time_sort,time_rewriting,time_all
100000000,3,2666660,0.391907,9.305,3.79132,1.09489,14.5831
max bucket size 21
max bucket size 21
max bucket size 21
max bucket size 21
DONE

RESULTS 
TAB_SIZE,N_THREADS,N_BUCKETS_IN_THREAD,time_fill_tab,time_bucketing,time_sort,time_rewriting,time_all
100000000,4,2000000,0.294201,7.24485,2.70132,0.849269,11.0896
max bucket size 21
max bucket size 21
max bucket size 21
max bucket size 21
max bucket size 21
DONE

RESULTS 
TAB_SIZE,N_THREADS,N_BUCKETS_IN_THREAD,time_fill_tab,time_bucketing,time_sort,time_rewriting,time_all
100000000,5,1600000,0.231466,7.80626,2.43306,0.845652,11.3164
max bucket size 48
max bucket size 48
max bucket size 48
max bucket size 48
max bucket size 48
max bucket size 48
DONE

RESULTS 
TAB_SIZE,N_THREADS,N_BUCKETS_IN_THREAD,time_fill_tab,time_bucketing,time_sort,time_rewriting,time_all
100000000,6,1333330,0.196889,6.48356,2.22437,0.664181,9.569
max bucket size 436
max bucket size 436
max bucket size 436
max bucket size 436
max bucket size 436
max bucket size 436
max bucket size 436
DONE

RESULTS 
TAB_SIZE,N_THREADS,N_BUCKETS_IN_THREAD,time_fill_tab,time_bucketing,time_sort,time_rewriting,time_all
100000000,7,1142850,0.174333,5.51415,1.80561,0.335173,7.82927
max bucket size 22
max bucket size 22
max bucket size 22
max bucket size 22
max bucket size 22
max bucket size 22
max bucket size 22
max bucket size 22
DONE

RESULTS 
TAB_SIZE,N_THREADS,N_BUCKETS_IN_THREAD,time_fill_tab,time_bucketing,time_sort,time_rewriting,time_all
100000000,8,1000000,0.150124,5.65069,1.49985,0.648149,7.94881
