max bucket size 31
DONE

RESULTS 
TAB_SIZE,N_THREADS,N_BUCKETS_IN_THREAD,time_fill_tab,time_bucketing,time_sort,time_rewriting,time_all
1000000000,1,80000000,11.2137,247.508,77.6654,32.4156,368.803
max bucket size 32
max bucket size 32
DONE

RESULTS 
TAB_SIZE,N_THREADS,N_BUCKETS_IN_THREAD,time_fill_tab,time_bucketing,time_sort,time_rewriting,time_all
1000000000,2,40000000,5.12908,141.424,39.6108,17.2131,203.377
max bucket size 32
max bucket size 31
max bucket size 31
DONE

RESULTS 
TAB_SIZE,N_THREADS,N_BUCKETS_IN_THREAD,time_fill_tab,time_bucketing,time_sort,time_rewriting,time_all
1000000000,3,26666600,5.12197,165.182,38.3436,16.4036,225.052
max bucket size 480
max bucket size 480
max bucket size 480
max bucket size 480
DONE

RESULTS 
TAB_SIZE,N_THREADS,N_BUCKETS_IN_THREAD,time_fill_tab,time_bucketing,time_sort,time_rewriting,time_all
1000000000,4,20000000,5.03496,111.776,46.0374,7.98736,170.835
max bucket size 32
max bucket size 33
max bucket size 31
max bucket size 32
max bucket size 32
DONE

RESULTS 
TAB_SIZE,N_THREADS,N_BUCKETS_IN_THREAD,time_fill_tab,time_bucketing,time_sort,time_rewriting,time_all
1000000000,5,16000000,5.08466,182.662,29.0021,15.3845,232.133
max bucket size 60
max bucket size 60
max bucket size 60
max bucket size 60
max bucket size 60
max bucket size 60
DONE

RESULTS 
TAB_SIZE,N_THREADS,N_BUCKETS_IN_THREAD,time_fill_tab,time_bucketing,time_sort,time_rewriting,time_all
1000000000,6,13333300,4.08544,111.268,17.7515,7.57939,140.684
max bucket size 61
max bucket size 61
max bucket size 61
max bucket size 62
max bucket size 59
max bucket size 61
max bucket size 61
DONE

RESULTS 
TAB_SIZE,N_THREADS,N_BUCKETS_IN_THREAD,time_fill_tab,time_bucketing,time_sort,time_rewriting,time_all
1000000000,7,11428500,2.49954,98.6281,17.7894,6.62277,125.54
max bucket size 64
max bucket size 64
max bucket size 64
max bucket size 64
max bucket size 62
max bucket size 64
max bucket size 64
max bucket size 62
DONE

RESULTS 
TAB_SIZE,N_THREADS,N_BUCKETS_IN_THREAD,time_fill_tab,time_bucketing,time_sort,time_rewriting,time_all
1000000000,8,10000000,2.39586,91.0549,13.9358,6.46609,113.853
