max bucket size 60
DONE

RESULTS 
TAB_SIZE,N_THREADS,N_BUCKETS_IN_THREAD,time_fill_tab,time_bucketing,time_sort,time_rewriting,time_all
1000000000,1,80000000,9.96885,226.035,63.9091,27.4595,327.372
max bucket size 31
max bucket size 31
DONE

RESULTS 
TAB_SIZE,N_THREADS,N_BUCKETS_IN_THREAD,time_fill_tab,time_bucketing,time_sort,time_rewriting,time_all
1000000000,2,40000000,5.16384,142.79,40.5321,21.6965,210.182
max bucket size 30
max bucket size 30
max bucket size 45
DONE

RESULTS 
TAB_SIZE,N_THREADS,N_BUCKETS_IN_THREAD,time_fill_tab,time_bucketing,time_sort,time_rewriting,time_all
1000000000,3,26666600,3.99209,126.261,22.4661,16.0519,168.771
max bucket size 31
max bucket size 30
max bucket size 31
max bucket size 32
DONE

RESULTS 
TAB_SIZE,N_THREADS,N_BUCKETS_IN_THREAD,time_fill_tab,time_bucketing,time_sort,time_rewriting,time_all
1000000000,4,20000000,3.07734,92.6705,22.0826,12.6917,130.522
max bucket size 33
max bucket size 31
max bucket size 33
max bucket size 29
max bucket size 33
DONE

RESULTS 
TAB_SIZE,N_THREADS,N_BUCKETS_IN_THREAD,time_fill_tab,time_bucketing,time_sort,time_rewriting,time_all
1000000000,5,16000000,2.48035,80.6696,18.5422,10.3044,111.997
max bucket size 31
max bucket size 31
max bucket size 30
max bucket size 31
max bucket size 31
max bucket size 31
DONE

RESULTS 
TAB_SIZE,N_THREADS,N_BUCKETS_IN_THREAD,time_fill_tab,time_bucketing,time_sort,time_rewriting,time_all
1000000000,6,13333300,2.08441,74.2796,16.3841,9.12107,101.869
max bucket size 35
max bucket size 32
max bucket size 31
max bucket size 28
max bucket size 31
max bucket size 30
max bucket size 30
DONE

RESULTS 
TAB_SIZE,N_THREADS,N_BUCKETS_IN_THREAD,time_fill_tab,time_bucketing,time_sort,time_rewriting,time_all
1000000000,7,11428500,1.81343,65.8735,14.0051,7.54873,89.2408
max bucket size 121
max bucket size 61
max bucket size 61
max bucket size 61
max bucket size 61
max bucket size 61
max bucket size 117
max bucket size 61
DONE

RESULTS 
TAB_SIZE,N_THREADS,N_BUCKETS_IN_THREAD,time_fill_tab,time_bucketing,time_sort,time_rewriting,time_all
1000000000,8,10000000,1.59734,57.9874,10.8238,4.00745,74.416
