max bucket size 239
DONE

RESULTS 
TAB_SIZE,N_THREADS,N_BUCKETS_IN_THREAD,time_fill_tab,time_bucketing,time_sort,time_rewriting,time_all
1000000000,1,50000000,11.6488,190.492,121.902,19.7183,343.761
max bucket size 60
max bucket size 60
DONE

RESULTS 
TAB_SIZE,N_THREADS,N_BUCKETS_IN_THREAD,time_fill_tab,time_bucketing,time_sort,time_rewriting,time_all
1000000000,2,25000000,5.85235,131.397,34.9795,12.4626,184.692
max bucket size 60
max bucket size 60
max bucket size 60
DONE

RESULTS 
TAB_SIZE,N_THREADS,N_BUCKETS_IN_THREAD,time_fill_tab,time_bucketing,time_sort,time_rewriting,time_all
1000000000,3,16666600,3.90891,111.814,22.9859,8.38582,147.095
max bucket size 46
max bucket size 46
max bucket size 46
max bucket size 47
DONE

RESULTS 
TAB_SIZE,N_THREADS,N_BUCKETS_IN_THREAD,time_fill_tab,time_bucketing,time_sort,time_rewriting,time_all
1000000000,4,12500000,2.92319,90.9924,19.7833,6.67005,120.369
max bucket size 41
max bucket size 45
max bucket size 50
max bucket size 50
max bucket size 48
DONE

RESULTS 
TAB_SIZE,N_THREADS,N_BUCKETS_IN_THREAD,time_fill_tab,time_bucketing,time_sort,time_rewriting,time_all
1000000000,5,10000000,2.4176,89.4062,21.9861,6.96445,120.774
max bucket size 120
max bucket size 120
max bucket size 120
max bucket size 120
max bucket size 120
max bucket size 120
DONE

RESULTS 
TAB_SIZE,N_THREADS,N_BUCKETS_IN_THREAD,time_fill_tab,time_bucketing,time_sort,time_rewriting,time_all
1000000000,6,8333300,2.06577,64.139,17.6909,4.31543,88.2111
max bucket size 62
max bucket size 61
max bucket size 62
max bucket size 61
max bucket size 61
max bucket size 61
max bucket size 62
DONE

RESULTS 
TAB_SIZE,N_THREADS,N_BUCKETS_IN_THREAD,time_fill_tab,time_bucketing,time_sort,time_rewriting,time_all
1000000000,7,7142800,1.83705,76.744,11.2029,5.71492,95.4989
max bucket size 45
max bucket size 45
max bucket size 46
max bucket size 46
max bucket size 45
max bucket size 45
max bucket size 46
max bucket size 46
DONE

RESULTS 
TAB_SIZE,N_THREADS,N_BUCKETS_IN_THREAD,time_fill_tab,time_bucketing,time_sort,time_rewriting,time_all
1000000000,8,6250000,1.67486,57.1655,10.9147,4.86375,74.6188
