max bucket size 21
DONE

RESULTS 
TAB_SIZE,N_THREADS,N_BUCKETS_IN_THREAD,time_fill_tab,time_bucketing,time_sort,time_rewriting,time_all
100000000,1,8000000,1.00299,18.0354,9.89508,2.49215,31.4257
max bucket size 24
max bucket size 24
DONE

RESULTS 
TAB_SIZE,N_THREADS,N_BUCKETS_IN_THREAD,time_fill_tab,time_bucketing,time_sort,time_rewriting,time_all
100000000,2,4000000,0.556171,11.1029,4.33966,1.3992,17.3979
max bucket size 22
max bucket size 22
max bucket size 22
DONE

RESULTS 
TAB_SIZE,N_THREADS,N_BUCKETS_IN_THREAD,time_fill_tab,time_bucketing,time_sort,time_rewriting,time_all
100000000,3,2666600,0.379065,8.93805,3.74579,1.4159,14.4788
max bucket size 20
max bucket size 20
max bucket size 22
max bucket size 20
DONE

RESULTS 
TAB_SIZE,N_THREADS,N_BUCKETS_IN_THREAD,time_fill_tab,time_bucketing,time_sort,time_rewriting,time_all
100000000,4,2000000,0.284464,7.19053,2.61505,1.1267,11.2167
max bucket size 37
max bucket size 37
max bucket size 37
max bucket size 37
max bucket size 37
DONE

RESULTS 
TAB_SIZE,N_THREADS,N_BUCKETS_IN_THREAD,time_fill_tab,time_bucketing,time_sort,time_rewriting,time_all
100000000,5,1600000,0.231305,6.97962,1.33928,0.830746,9.38095
max bucket size 26
max bucket size 26
max bucket size 26
max bucket size 26
max bucket size 26
max bucket size 26
DONE

RESULTS 
TAB_SIZE,N_THREADS,N_BUCKETS_IN_THREAD,time_fill_tab,time_bucketing,time_sort,time_rewriting,time_all
100000000,6,1333300,0.190662,6.14214,1.83044,0.844374,9.00762
max bucket size 23
max bucket size 23
max bucket size 23
max bucket size 23
max bucket size 23
max bucket size 23
max bucket size 23
DONE

RESULTS 
TAB_SIZE,N_THREADS,N_BUCKETS_IN_THREAD,time_fill_tab,time_bucketing,time_sort,time_rewriting,time_all
100000000,7,1142850,0.16457,5.91699,1.68519,0.654526,8.42127
max bucket size 27
max bucket size 27
max bucket size 27
max bucket size 27
max bucket size 27
max bucket size 27
max bucket size 27
max bucket size 27
DONE

RESULTS 
TAB_SIZE,N_THREADS,N_BUCKETS_IN_THREAD,time_fill_tab,time_bucketing,time_sort,time_rewriting,time_all
100000000,8,1000000,0.1434,5.25779,1.23552,0.599566,7.23627
max bucket size 22
DONE

RESULTS 
TAB_SIZE,N_THREADS,N_BUCKETS_IN_THREAD,time_fill_tab,time_bucketing,time_sort,time_rewriting,time_all
100000000,1,8000000,0.999355,17.9515,9.14497,2.57424,30.6701
max bucket size 20
max bucket size 20
DONE

RESULTS 
TAB_SIZE,N_THREADS,N_BUCKETS_IN_THREAD,time_fill_tab,time_bucketing,time_sort,time_rewriting,time_all
100000000,2,4000000,0.553973,13.0683,5.36367,1.61848,20.6044
max bucket size 28
max bucket size 28
max bucket size 28
DONE

RESULTS 
TAB_SIZE,N_THREADS,N_BUCKETS_IN_THREAD,time_fill_tab,time_bucketing,time_sort,time_rewriting,time_all
100000000,3,2666600,0.417441,9.58035,3.60106,1.05072,14.6496
max bucket size 20
max bucket size 20
max bucket size 20
max bucket size 21
DONE

RESULTS 
TAB_SIZE,N_THREADS,N_BUCKETS_IN_THREAD,time_fill_tab,time_bucketing,time_sort,time_rewriting,time_all
100000000,4,2000000,0.316583,8.33661,2.68849,0.868632,12.2103
max bucket size 20
max bucket size 20
max bucket size 20
max bucket size 20
max bucket size 20
DONE

RESULTS 
TAB_SIZE,N_THREADS,N_BUCKETS_IN_THREAD,time_fill_tab,time_bucketing,time_sort,time_rewriting,time_all
100000000,5,1600000,0.232941,6.87883,2.09686,0.767156,9.97579
max bucket size 27
max bucket size 27
max bucket size 27
max bucket size 28
max bucket size 27
max bucket size 27
DONE

RESULTS 
TAB_SIZE,N_THREADS,N_BUCKETS_IN_THREAD,time_fill_tab,time_bucketing,time_sort,time_rewriting,time_all
100000000,6,1333300,0.190826,6.6738,1.75888,0.700502,9.32401
max bucket size 20
max bucket size 20
max bucket size 22
max bucket size 20
max bucket size 20
max bucket size 22
max bucket size 20
DONE

RESULTS 
TAB_SIZE,N_THREADS,N_BUCKETS_IN_THREAD,time_fill_tab,time_bucketing,time_sort,time_rewriting,time_all
100000000,7,1142850,0.163589,6.49337,1.67375,0.726236,9.05694
max bucket size 23
max bucket size 22
max bucket size 22
max bucket size 22
max bucket size 22
max bucket size 23
max bucket size 23
max bucket size 24
DONE

RESULTS 
TAB_SIZE,N_THREADS,N_BUCKETS_IN_THREAD,time_fill_tab,time_bucketing,time_sort,time_rewriting,time_all
100000000,8,1000000,0.160314,5.39989,1.39893,0.58583,7.54496
max bucket size 19
DONE

RESULTS 
TAB_SIZE,N_THREADS,N_BUCKETS_IN_THREAD,time_fill_tab,time_bucketing,time_sort,time_rewriting,time_all
100000000,1,8000000,1.0012,17.9837,8.94681,2.43821,30.3699
max bucket size 24
max bucket size 23
DONE

RESULTS 
TAB_SIZE,N_THREADS,N_BUCKETS_IN_THREAD,time_fill_tab,time_bucketing,time_sort,time_rewriting,time_all
100000000,2,4000000,0.550997,11.8526,5.15191,1.44186,18.9974
max bucket size 20
max bucket size 20
max bucket size 20
DONE

RESULTS 
TAB_SIZE,N_THREADS,N_BUCKETS_IN_THREAD,time_fill_tab,time_bucketing,time_sort,time_rewriting,time_all
100000000,3,2666600,0.408181,9.66567,3.41022,1.16314,14.6472
max bucket size 21
max bucket size 22
max bucket size 22
max bucket size 22
DONE

RESULTS 
TAB_SIZE,N_THREADS,N_BUCKETS_IN_THREAD,time_fill_tab,time_bucketing,time_sort,time_rewriting,time_all
100000000,4,2000000,0.292089,8.2012,2.69057,1.1939,12.3778
max bucket size 97
max bucket size 97
max bucket size 97
max bucket size 97
max bucket size 97
DONE

RESULTS 
TAB_SIZE,N_THREADS,N_BUCKETS_IN_THREAD,time_fill_tab,time_bucketing,time_sort,time_rewriting,time_all
100000000,5,1600000,0.235267,7.3687,1.83967,0.657175,10.1008
max bucket size 23
max bucket size 24
max bucket size 23
max bucket size 24
max bucket size 24
max bucket size 24
DONE

RESULTS 
TAB_SIZE,N_THREADS,N_BUCKETS_IN_THREAD,time_fill_tab,time_bucketing,time_sort,time_rewriting,time_all
100000000,6,1333300,0.19075,6.02927,1.76793,0.7164,8.70436
max bucket size 21
max bucket size 21
max bucket size 23
max bucket size 23
max bucket size 22
max bucket size 22
max bucket size 21
DONE

RESULTS 
TAB_SIZE,N_THREADS,N_BUCKETS_IN_THREAD,time_fill_tab,time_bucketing,time_sort,time_rewriting,time_all
100000000,7,1142850,0.178015,6.3896,1.71136,0.634778,8.91375
max bucket size 22
max bucket size 22
max bucket size 23
max bucket size 23
max bucket size 22
max bucket size 22
max bucket size 22
max bucket size 23
DONE

RESULTS 
TAB_SIZE,N_THREADS,N_BUCKETS_IN_THREAD,time_fill_tab,time_bucketing,time_sort,time_rewriting,time_all
100000000,8,1000000,0.160972,5.5635,1.48101,0.582335,7.78782
max bucket size 20
DONE

RESULTS 
TAB_SIZE,N_THREADS,N_BUCKETS_IN_THREAD,time_fill_tab,time_bucketing,time_sort,time_rewriting,time_all
100000000,1,8000000,1.11813,18.4472,9.41927,2.50939,31.494
max bucket size 23
max bucket size 22
DONE

RESULTS 
TAB_SIZE,N_THREADS,N_BUCKETS_IN_THREAD,time_fill_tab,time_bucketing,time_sort,time_rewriting,time_all
100000000,2,4000000,0.555161,12.3254,5.47177,1.46907,19.8214
max bucket size 20
max bucket size 20
max bucket size 21
DONE

RESULTS 
TAB_SIZE,N_THREADS,N_BUCKETS_IN_THREAD,time_fill_tab,time_bucketing,time_sort,time_rewriting,time_all
100000000,3,2666600,0.379082,8.573,3.49639,1.08762,13.5361
max bucket size 21
max bucket size 20
max bucket size 20
max bucket size 20
DONE

RESULTS 
TAB_SIZE,N_THREADS,N_BUCKETS_IN_THREAD,time_fill_tab,time_bucketing,time_sort,time_rewriting,time_all
100000000,4,2000000,0.28507,7.71475,2.61098,0.843218,11.454
max bucket size 24
max bucket size 24
max bucket size 25
max bucket size 24
max bucket size 28
DONE

RESULTS 
TAB_SIZE,N_THREADS,N_BUCKETS_IN_THREAD,time_fill_tab,time_bucketing,time_sort,time_rewriting,time_all
100000000,5,1600000,0.236834,6.9444,2.26645,0.941684,10.3894
max bucket size 29
max bucket size 30
max bucket size 28
max bucket size 28
max bucket size 28
max bucket size 30
DONE

RESULTS 
TAB_SIZE,N_THREADS,N_BUCKETS_IN_THREAD,time_fill_tab,time_bucketing,time_sort,time_rewriting,time_all
100000000,6,1333300,0.190657,6.15427,1.76835,0.761991,8.87526
max bucket size 21
max bucket size 21
max bucket size 21
max bucket size 21
max bucket size 22
max bucket size 21
max bucket size 21
DONE

RESULTS 
TAB_SIZE,N_THREADS,N_BUCKETS_IN_THREAD,time_fill_tab,time_bucketing,time_sort,time_rewriting,time_all
100000000,7,1142850,0.163174,5.95403,1.60377,0.70873,8.42971
max bucket size 192
max bucket size 192
max bucket size 192
max bucket size 192
max bucket size 192
max bucket size 192
max bucket size 192
max bucket size 192
DONE

RESULTS 
TAB_SIZE,N_THREADS,N_BUCKETS_IN_THREAD,time_fill_tab,time_bucketing,time_sort,time_rewriting,time_all
100000000,8,1000000,0.156926,5.15925,1.32958,0.353417,6.99917
max bucket size 21
DONE

RESULTS 
TAB_SIZE,N_THREADS,N_BUCKETS_IN_THREAD,time_fill_tab,time_bucketing,time_sort,time_rewriting,time_all
100000000,1,8000000,0.998033,17.9302,7.47131,2.4641,28.8636
max bucket size 23
max bucket size 23
DONE

RESULTS 
TAB_SIZE,N_THREADS,N_BUCKETS_IN_THREAD,time_fill_tab,time_bucketing,time_sort,time_rewriting,time_all
100000000,2,4000000,0.56865,13.418,5.39235,1.62537,21.0044
max bucket size 18
max bucket size 18
max bucket size 18
DONE

RESULTS 
TAB_SIZE,N_THREADS,N_BUCKETS_IN_THREAD,time_fill_tab,time_bucketing,time_sort,time_rewriting,time_all
100000000,3,2666600,0.409954,8.4557,3.61187,1.18368,13.6612
max bucket size 19
max bucket size 19
max bucket size 19
max bucket size 19
DONE

RESULTS 
TAB_SIZE,N_THREADS,N_BUCKETS_IN_THREAD,time_fill_tab,time_bucketing,time_sort,time_rewriting,time_all
100000000,4,2000000,0.309811,8.9965,3.03274,1.01895,13.358
max bucket size 20
max bucket size 20
max bucket size 20
max bucket size 20
max bucket size 20
DONE

RESULTS 
TAB_SIZE,N_THREADS,N_BUCKETS_IN_THREAD,time_fill_tab,time_bucketing,time_sort,time_rewriting,time_all
100000000,5,1600000,0.24742,6.97696,2.30907,0.876435,10.4099
max bucket size 20
max bucket size 20
max bucket size 20
max bucket size 20
max bucket size 20
max bucket size 20
DONE

RESULTS 
TAB_SIZE,N_THREADS,N_BUCKETS_IN_THREAD,time_fill_tab,time_bucketing,time_sort,time_rewriting,time_all
100000000,6,1333300,0.190589,6.26083,1.90386,0.796124,9.15141
max bucket size 21
max bucket size 21
max bucket size 23
max bucket size 22
max bucket size 21
max bucket size 24
max bucket size 25
DONE

RESULTS 
TAB_SIZE,N_THREADS,N_BUCKETS_IN_THREAD,time_fill_tab,time_bucketing,time_sort,time_rewriting,time_all
100000000,7,1142850,0.164548,5.76652,1.61224,0.672973,8.21629
max bucket size 21
max bucket size 21
max bucket size 20
max bucket size 20
max bucket size 20
max bucket size 20
max bucket size 20
max bucket size 20
DONE

RESULTS 
TAB_SIZE,N_THREADS,N_BUCKETS_IN_THREAD,time_fill_tab,time_bucketing,time_sort,time_rewriting,time_all
100000000,8,1000000,0.150468,5.30336,1.49269,0.645168,7.59169
max bucket size 20
DONE

RESULTS 
TAB_SIZE,N_THREADS,N_BUCKETS_IN_THREAD,time_fill_tab,time_bucketing,time_sort,time_rewriting,time_all
100000000,1,8000000,1.00046,18.4956,9.00184,2.40964,30.9076
max bucket size 24
max bucket size 24
DONE

RESULTS 
TAB_SIZE,N_THREADS,N_BUCKETS_IN_THREAD,time_fill_tab,time_bucketing,time_sort,time_rewriting,time_all
100000000,2,4000000,0.567542,13.0946,5.53227,1.81209,21.0065
max bucket size 20
max bucket size 20
max bucket size 20
DONE

RESULTS 
TAB_SIZE,N_THREADS,N_BUCKETS_IN_THREAD,time_fill_tab,time_bucketing,time_sort,time_rewriting,time_all
100000000,3,2666600,0.379052,8.66872,3.6152,1.41548,14.0784
max bucket size 27
max bucket size 27
max bucket size 27
max bucket size 27
DONE

RESULTS 
TAB_SIZE,N_THREADS,N_BUCKETS_IN_THREAD,time_fill_tab,time_bucketing,time_sort,time_rewriting,time_all
100000000,4,2000000,0.285705,7.85268,2.43693,1.29657,11.8719
max bucket size 21
max bucket size 22
max bucket size 21
max bucket size 21
max bucket size 21
DONE

RESULTS 
TAB_SIZE,N_THREADS,N_BUCKETS_IN_THREAD,time_fill_tab,time_bucketing,time_sort,time_rewriting,time_all
100000000,5,1600000,0.232963,7.629,2.49005,1.23082,11.5828
max bucket size 22
max bucket size 22
max bucket size 22
max bucket size 22
max bucket size 22
max bucket size 22
DONE

RESULTS 
TAB_SIZE,N_THREADS,N_BUCKETS_IN_THREAD,time_fill_tab,time_bucketing,time_sort,time_rewriting,time_all
100000000,6,1333300,0.190477,6.25264,1.91374,0.771485,9.12834
max bucket size 32
max bucket size 32
max bucket size 32
max bucket size 32
max bucket size 32
max bucket size 32
max bucket size 32
DONE

RESULTS 
TAB_SIZE,N_THREADS,N_BUCKETS_IN_THREAD,time_fill_tab,time_bucketing,time_sort,time_rewriting,time_all
100000000,7,1142850,0.176125,5.76269,2.27103,1.02714,9.23699
max bucket size 30
max bucket size 30
max bucket size 30
max bucket size 30
max bucket size 32
max bucket size 30
max bucket size 31
max bucket size 30
DONE

RESULTS 
TAB_SIZE,N_THREADS,N_BUCKETS_IN_THREAD,time_fill_tab,time_bucketing,time_sort,time_rewriting,time_all
100000000,8,1000000,0.156436,5.42448,1.94723,0.602413,8.13056
