 plgrid/apps/cuda/11.2 loaded.
 plgrid/libs/gdrcopy/2.2-cuda-11.2 loaded.
 plgrid/libs/ucx/1.10.0-cuda-11.2 loaded.
 plgrid/tools/binutils/2.34 loaded.
 plgrid/tools/gcc/9.3.0 loaded.
 plgrid/tools/nvhpc/22.3 loaded.
 plgrid/tools/openmpi/4.1.2-nvhpc-22.3 loaded.
 plgrid/tools/binutils/2.34 unloaded.
 plgrid/tools/gcc/9.3.0 unloaded.
 plgrid/tools/gcc/6.4.0 loaded.
 plgrid/tools/intel/18.0.0 loaded.
 plgrid/libs/mkl/2018.0.0 loaded.
 plgrid/tools/python/3.6.5 loaded.
 plgrid/tools/impi/2018 loaded.
 plgrid/libs/python-mpi4py/3.0.1-python-3.6 loaded.

The following have been reloaded with a version change:
  1) plgrid/tools/gcc/9.3.0 => plgrid/tools/gcc/6.4.0

 plgrid/libs/mkl/2018.0.0 unloaded.
 plgrid/tools/python/3.6.5 unloaded.
 plgrid/tools/gcc/6.4.0 unloaded.
 plgrid/tools/intel/18.0.0 unloaded.
 plgrid/tools/impi/2018 unloaded.
 plgrid/libs/python-mpi4py/3.0.1-python-3.6 unloaded.
 plgrid/tools/gcc/6.4.0 loaded.
 plgrid/tools/intel/18.0.0 loaded.
 plgrid/libs/mkl/2018.0.0 loaded.
 plgrid/tools/python/2.7.14 loaded.
 plgrid/tools/impi/2018 loaded.
 plgrid/libs/python-mpi4py/3.0.0-python-2.7 loaded.

The following have been reloaded with a version change:
  1) plgrid/libs/python-mpi4py/3.0.1-python-3.6 => plgrid/libs/python-mpi4py/3.0.0-python-2.7
  2) plgrid/tools/python/3.6.5 => plgrid/tools/python/2.7.14

Pi wynosi 
3.14165822222
czas = 
11.3832662106
size = 
1
npoint = 
9000000
Pi wynosi 
3.14075644444
czas = 
5.73567605019
size = 
2
npoint = 
9000000
Pi wynosi 
3.14247066667
czas = 
3.80001091957
size = 
3
npoint = 
9000000
Pi wynosi 
3.14142
czas = 
2.89828896523
size = 
4
npoint = 
9000000
Pi wynosi 
3.14108
czas = 
2.352216959
size = 
5
npoint = 
9000000
Pi wynosi 
3.14119066667
czas = 
1.91803598404
size = 
6
npoint = 
9000000
Pi wynosi 
3.14196177778
czas = 
1.66576814651
size = 
7
npoint = 
9000000
Pi wynosi 
3.14101955556
czas = 
1.44237017632
size = 
8
npoint = 
9000000
Pi wynosi 
3.14231155556
czas = 
1.29939699173
size = 
9
npoint = 
9000000
Pi wynosi 
3.14054044444
czas = 
1.18445587158
size = 
10
npoint = 
9000000
Pi wynosi 
3.14204222222
czas = 
1.10488009453
size = 
11
npoint = 
9000000
Pi wynosi 
3.14243688889
czas = 
0.993012905121
size = 
12
npoint = 
9000000
