 plgrid/apps/cuda/11.2 loaded.
 plgrid/libs/gdrcopy/2.2-cuda-11.2 loaded.
 plgrid/libs/ucx/1.10.0-cuda-11.2 loaded.
 plgrid/tools/binutils/2.34 loaded.
 plgrid/tools/gcc/9.3.0 loaded.
 plgrid/tools/nvhpc/22.3 loaded.
 plgrid/tools/openmpi/4.1.2-nvhpc-22.3 loaded.
 plgrid/tools/binutils/2.34 unloaded.
 plgrid/tools/gcc/9.3.0 unloaded.
 plgrid/tools/gcc/6.4.0 loaded.
 plgrid/tools/intel/18.0.0 loaded.
 plgrid/libs/mkl/2018.0.0 loaded.
 plgrid/tools/python/3.6.5 loaded.
 plgrid/tools/impi/2018 loaded.
 plgrid/libs/python-mpi4py/3.0.1-python-3.6 loaded.

The following have been reloaded with a version change:
  1) plgrid/tools/gcc/9.3.0 => plgrid/tools/gcc/6.4.0

 plgrid/libs/mkl/2018.0.0 unloaded.
 plgrid/tools/python/3.6.5 unloaded.
 plgrid/tools/gcc/6.4.0 unloaded.
 plgrid/tools/intel/18.0.0 unloaded.
 plgrid/tools/impi/2018 unloaded.
 plgrid/libs/python-mpi4py/3.0.1-python-3.6 unloaded.
 plgrid/tools/gcc/6.4.0 loaded.
 plgrid/tools/intel/18.0.0 loaded.
 plgrid/libs/mkl/2018.0.0 loaded.
 plgrid/tools/python/2.7.14 loaded.
 plgrid/tools/impi/2018 loaded.
 plgrid/libs/python-mpi4py/3.0.0-python-2.7 loaded.

The following have been reloaded with a version change:
  1) plgrid/libs/python-mpi4py/3.0.1-python-3.6 => plgrid/libs/python-mpi4py/3.0.0-python-2.7
  2) plgrid/tools/python/3.6.5 => plgrid/tools/python/2.7.14

Pi wynosi 
3.14157948
czas = 
894.414699078
size = 
1
npoint = 
800000000
Pi wynosi 
3.141647125
czas = 
464.816527843
size = 
2
npoint = 
800000000
Pi wynosi 
3.1416212
czas = 
351.635177135
size = 
3
npoint = 
800000000
Pi wynosi 
3.141673845
czas = 
266.563353062
size = 
4
npoint = 
800000000
Pi wynosi 
3.14155351
czas = 
209.819414139
size = 
5
npoint = 
800000000
Pi wynosi 
3.14164799
czas = 
176.495556116
size = 
6
npoint = 
800000000
Pi wynosi 
3.141669865
czas = 
152.469310999
size = 
7
npoint = 
800000000
Pi wynosi 
3.14159175
czas = 
132.569556952
size = 
8
npoint = 
800000000
Pi wynosi 
3.141475875
czas = 
116.844177961
size = 
9
npoint = 
800000000
Pi wynosi 
3.141633345
czas = 
105.990056992
size = 
10
npoint = 
800000000
Pi wynosi 
3.14168347
czas = 
96.2405121326
size = 
11
npoint = 
800000000
Pi wynosi 
3.141537845
czas = 
90.3772838116
size = 
12
npoint = 
800000000
