TAB_SIZE : 
 100000000 
N_THREADS : 
 1 
N_BUCKETS_IN_THREAD : 
 8000000 
BUCKET_RANGE_STEP : 
 0.000000
THREAD_TAB_RANGE : 
 100000000
DONE

RESULTS 
TAB_SIZE,N_THREADS,N_BUCKETS_IN_THREAD,time_fill_tab,time_bucketing,time_bucket_merging,time_sort,time_rewriting,time_all
100000000,1,8000000,0.994847,14.1015,3.17996,11.0192,2.47703,28.5926
TAB_SIZE : 
 100000000 
N_THREADS : 
 2 
N_BUCKETS_IN_THREAD : 
 8000000 
BUCKET_RANGE_STEP : 
 0.000000
THREAD_TAB_RANGE : 
 50000000
DONE

RESULTS 
TAB_SIZE,N_THREADS,N_BUCKETS_IN_THREAD,time_fill_tab,time_bucketing,time_bucket_merging,time_sort,time_rewriting,time_all
100000000,2,8000000,0.547858,8.12431,3.50685,7.81196,1.80329,18.2874
TAB_SIZE : 
 100000000 
N_THREADS : 
 3 
N_BUCKETS_IN_THREAD : 
 8000000 
BUCKET_RANGE_STEP : 
 0.000000
THREAD_TAB_RANGE : 
 33333333
DONE

RESULTS 
TAB_SIZE,N_THREADS,N_BUCKETS_IN_THREAD,time_fill_tab,time_bucketing,time_bucket_merging,time_sort,time_rewriting,time_all
100000000,3,8000000,0.377787,5.88114,3.55406,6.24617,1.10592,13.611
TAB_SIZE : 
 100000000 
N_THREADS : 
 4 
N_BUCKETS_IN_THREAD : 
 8000000 
BUCKET_RANGE_STEP : 
 0.000000
THREAD_TAB_RANGE : 
 25000000
DONE

RESULTS 
TAB_SIZE,N_THREADS,N_BUCKETS_IN_THREAD,time_fill_tab,time_bucketing,time_bucket_merging,time_sort,time_rewriting,time_all
100000000,4,8000000,0.284345,4.39192,3.5245,5.79706,0.946184,11.4195
TAB_SIZE : 
 100000000 
N_THREADS : 
 5 
N_BUCKETS_IN_THREAD : 
 8000000 
BUCKET_RANGE_STEP : 
 0.000000
THREAD_TAB_RANGE : 
 20000000
DONE

RESULTS 
TAB_SIZE,N_THREADS,N_BUCKETS_IN_THREAD,time_fill_tab,time_bucketing,time_bucket_merging,time_sort,time_rewriting,time_all
100000000,5,8000000,0.253798,4.81016,4.14166,6.02247,1.02833,12.1148
TAB_SIZE : 
 100000000 
N_THREADS : 
 6 
N_BUCKETS_IN_THREAD : 
 8000000 
BUCKET_RANGE_STEP : 
 0.000000
THREAD_TAB_RANGE : 
 16666666
DONE

RESULTS 
TAB_SIZE,N_THREADS,N_BUCKETS_IN_THREAD,time_fill_tab,time_bucketing,time_bucket_merging,time_sort,time_rewriting,time_all
100000000,6,8000000,0.200866,2.9231,3.27798,4.83846,0.890819,8.85324
TAB_SIZE : 
 100000000 
N_THREADS : 
 7 
N_BUCKETS_IN_THREAD : 
 8000000 
BUCKET_RANGE_STEP : 
 0.000000
THREAD_TAB_RANGE : 
 14285714
DONE

RESULTS 
TAB_SIZE,N_THREADS,N_BUCKETS_IN_THREAD,time_fill_tab,time_bucketing,time_bucket_merging,time_sort,time_rewriting,time_all
100000000,7,8000000,0.178785,2.96336,3.75826,5.03099,0.727345,8.90048
TAB_SIZE : 
 100000000 
N_THREADS : 
 8 
N_BUCKETS_IN_THREAD : 
 8000000 
BUCKET_RANGE_STEP : 
 0.000000
THREAD_TAB_RANGE : 
 12500000
DONE

RESULTS 
TAB_SIZE,N_THREADS,N_BUCKETS_IN_THREAD,time_fill_tab,time_bucketing,time_bucket_merging,time_sort,time_rewriting,time_all
100000000,8,8000000,0.160279,2.5419,3.38555,4.35791,0.734878,7.79496
TAB_SIZE : 
 100000000 
N_THREADS : 
 1 
N_BUCKETS_IN_THREAD : 
 8000000 
BUCKET_RANGE_STEP : 
 0.000000
THREAD_TAB_RANGE : 
 100000000
DONE

RESULTS 
TAB_SIZE,N_THREADS,N_BUCKETS_IN_THREAD,time_fill_tab,time_bucketing,time_bucket_merging,time_sort,time_rewriting,time_all
100000000,1,8000000,1.0603,14.7855,3.27211,11.7657,2.68154,30.2931
TAB_SIZE : 
 100000000 
N_THREADS : 
 2 
N_BUCKETS_IN_THREAD : 
 8000000 
BUCKET_RANGE_STEP : 
 0.000000
THREAD_TAB_RANGE : 
 50000000
DONE

RESULTS 
TAB_SIZE,N_THREADS,N_BUCKETS_IN_THREAD,time_fill_tab,time_bucketing,time_bucket_merging,time_sort,time_rewriting,time_all
100000000,2,8000000,0.55605,8.08588,3.19191,7.85189,1.7075,18.2013
TAB_SIZE : 
 100000000 
N_THREADS : 
 3 
N_BUCKETS_IN_THREAD : 
 8000000 
BUCKET_RANGE_STEP : 
 0.000000
THREAD_TAB_RANGE : 
 33333333
DONE

RESULTS 
TAB_SIZE,N_THREADS,N_BUCKETS_IN_THREAD,time_fill_tab,time_bucketing,time_bucket_merging,time_sort,time_rewriting,time_all
100000000,3,8000000,0.378655,6.60147,3.76043,7.04605,1.10887,15.1351
TAB_SIZE : 
 100000000 
N_THREADS : 
 4 
N_BUCKETS_IN_THREAD : 
 8000000 
BUCKET_RANGE_STEP : 
 0.000000
THREAD_TAB_RANGE : 
 25000000
DONE

RESULTS 
TAB_SIZE,N_THREADS,N_BUCKETS_IN_THREAD,time_fill_tab,time_bucketing,time_bucket_merging,time_sort,time_rewriting,time_all
100000000,4,8000000,0.28509,4.69687,3.42356,5.71707,0.853429,11.5525
TAB_SIZE : 
 100000000 
N_THREADS : 
 5 
N_BUCKETS_IN_THREAD : 
 8000000 
BUCKET_RANGE_STEP : 
 0.000000
THREAD_TAB_RANGE : 
 20000000
DONE

RESULTS 
TAB_SIZE,N_THREADS,N_BUCKETS_IN_THREAD,time_fill_tab,time_bucketing,time_bucket_merging,time_sort,time_rewriting,time_all
100000000,5,8000000,0.226598,3.72082,3.60167,5.44541,0.845311,10.2381
TAB_SIZE : 
 100000000 
N_THREADS : 
 6 
N_BUCKETS_IN_THREAD : 
 8000000 
BUCKET_RANGE_STEP : 
 0.000000
THREAD_TAB_RANGE : 
 16666666
DONE

RESULTS 
TAB_SIZE,N_THREADS,N_BUCKETS_IN_THREAD,time_fill_tab,time_bucketing,time_bucket_merging,time_sort,time_rewriting,time_all
100000000,6,8000000,0.18915,3.37518,3.31326,4.84011,0.87441,9.27886
TAB_SIZE : 
 100000000 
N_THREADS : 
 7 
N_BUCKETS_IN_THREAD : 
 8000000 
BUCKET_RANGE_STEP : 
 0.000000
THREAD_TAB_RANGE : 
 14285714
DONE

RESULTS 
TAB_SIZE,N_THREADS,N_BUCKETS_IN_THREAD,time_fill_tab,time_bucketing,time_bucket_merging,time_sort,time_rewriting,time_all
100000000,7,8000000,0.184959,4.41512,3.57769,4.8422,0.782496,10.2248
TAB_SIZE : 
 100000000 
N_THREADS : 
 8 
N_BUCKETS_IN_THREAD : 
 8000000 
BUCKET_RANGE_STEP : 
 0.000000
THREAD_TAB_RANGE : 
 12500000
DONE

RESULTS 
TAB_SIZE,N_THREADS,N_BUCKETS_IN_THREAD,time_fill_tab,time_bucketing,time_bucket_merging,time_sort,time_rewriting,time_all
100000000,8,8000000,0.161529,2.68713,3.58412,5.40399,0.69692,8.94956
TAB_SIZE : 
 100000000 
N_THREADS : 
 1 
N_BUCKETS_IN_THREAD : 
 8000000 
BUCKET_RANGE_STEP : 
 0.000000
THREAD_TAB_RANGE : 
 100000000
DONE

RESULTS 
TAB_SIZE,N_THREADS,N_BUCKETS_IN_THREAD,time_fill_tab,time_bucketing,time_bucket_merging,time_sort,time_rewriting,time_all
100000000,1,8000000,1.10339,16.7242,3.58903,11.6751,2.76138,32.2641
TAB_SIZE : 
 100000000 
N_THREADS : 
 2 
N_BUCKETS_IN_THREAD : 
 8000000 
BUCKET_RANGE_STEP : 
 0.000000
THREAD_TAB_RANGE : 
 50000000
DONE

RESULTS 
TAB_SIZE,N_THREADS,N_BUCKETS_IN_THREAD,time_fill_tab,time_bucketing,time_bucket_merging,time_sort,time_rewriting,time_all
100000000,2,8000000,0.530407,7.73625,3.23824,6.92455,1.69561,16.8868
TAB_SIZE : 
 100000000 
N_THREADS : 
 3 
N_BUCKETS_IN_THREAD : 
 8000000 
BUCKET_RANGE_STEP : 
 0.000000
THREAD_TAB_RANGE : 
 33333333
DONE

RESULTS 
TAB_SIZE,N_THREADS,N_BUCKETS_IN_THREAD,time_fill_tab,time_bucketing,time_bucket_merging,time_sort,time_rewriting,time_all
100000000,3,8000000,0.36635,5.72234,3.23192,6.18361,1.0966,13.3689
TAB_SIZE : 
 100000000 
N_THREADS : 
 4 
N_BUCKETS_IN_THREAD : 
 8000000 
BUCKET_RANGE_STEP : 
 0.000000
THREAD_TAB_RANGE : 
 25000000
DONE

RESULTS 
TAB_SIZE,N_THREADS,N_BUCKETS_IN_THREAD,time_fill_tab,time_bucketing,time_bucket_merging,time_sort,time_rewriting,time_all
100000000,4,8000000,0.284222,4.50984,3.48169,5.64531,0.847185,11.2866
TAB_SIZE : 
 100000000 
N_THREADS : 
 5 
N_BUCKETS_IN_THREAD : 
 8000000 
BUCKET_RANGE_STEP : 
 0.000000
THREAD_TAB_RANGE : 
 20000000
DONE

RESULTS 
TAB_SIZE,N_THREADS,N_BUCKETS_IN_THREAD,time_fill_tab,time_bucketing,time_bucket_merging,time_sort,time_rewriting,time_all
100000000,5,8000000,0.243662,3.94583,3.70928,5.45996,0.972562,10.622
TAB_SIZE : 
 100000000 
N_THREADS : 
 6 
N_BUCKETS_IN_THREAD : 
 8000000 
BUCKET_RANGE_STEP : 
 0.000000
THREAD_TAB_RANGE : 
 16666666
DONE

RESULTS 
TAB_SIZE,N_THREADS,N_BUCKETS_IN_THREAD,time_fill_tab,time_bucketing,time_bucket_merging,time_sort,time_rewriting,time_all
100000000,6,8000000,0.213224,2.58362,2.97698,4.49345,0.841722,8.13202
TAB_SIZE : 
 100000000 
N_THREADS : 
 7 
N_BUCKETS_IN_THREAD : 
 8000000 
BUCKET_RANGE_STEP : 
 0.000000
THREAD_TAB_RANGE : 
 14285714
DONE

RESULTS 
TAB_SIZE,N_THREADS,N_BUCKETS_IN_THREAD,time_fill_tab,time_bucketing,time_bucket_merging,time_sort,time_rewriting,time_all
100000000,7,8000000,0.182656,3.18518,3.65064,4.95413,0.797431,9.11939
TAB_SIZE : 
 100000000 
N_THREADS : 
 8 
N_BUCKETS_IN_THREAD : 
 8000000 
BUCKET_RANGE_STEP : 
 0.000000
THREAD_TAB_RANGE : 
 12500000
DONE

RESULTS 
TAB_SIZE,N_THREADS,N_BUCKETS_IN_THREAD,time_fill_tab,time_bucketing,time_bucket_merging,time_sort,time_rewriting,time_all
100000000,8,8000000,0.159156,2.56026,3.52301,4.69784,0.722935,8.14019
TAB_SIZE : 
 100000000 
N_THREADS : 
 1 
N_BUCKETS_IN_THREAD : 
 8000000 
BUCKET_RANGE_STEP : 
 0.000000
THREAD_TAB_RANGE : 
 100000000
DONE

RESULTS 
TAB_SIZE,N_THREADS,N_BUCKETS_IN_THREAD,time_fill_tab,time_bucketing,time_bucket_merging,time_sort,time_rewriting,time_all
100000000,1,8000000,1.13302,15.8769,3.3342,11.9702,2.60986,31.59
TAB_SIZE : 
 100000000 
N_THREADS : 
 2 
N_BUCKETS_IN_THREAD : 
 8000000 
BUCKET_RANGE_STEP : 
 0.000000
THREAD_TAB_RANGE : 
 50000000
DONE

RESULTS 
TAB_SIZE,N_THREADS,N_BUCKETS_IN_THREAD,time_fill_tab,time_bucketing,time_bucket_merging,time_sort,time_rewriting,time_all
100000000,2,8000000,0.535385,8.70626,3.383,7.6593,1.67348,18.5744
TAB_SIZE : 
 100000000 
N_THREADS : 
 3 
N_BUCKETS_IN_THREAD : 
 8000000 
BUCKET_RANGE_STEP : 
 0.000000
THREAD_TAB_RANGE : 
 33333333
DONE

RESULTS 
TAB_SIZE,N_THREADS,N_BUCKETS_IN_THREAD,time_fill_tab,time_bucketing,time_bucket_merging,time_sort,time_rewriting,time_all
100000000,3,8000000,0.364678,4.63412,3.18475,5.99637,1.06159,12.0568
TAB_SIZE : 
 100000000 
N_THREADS : 
 4 
N_BUCKETS_IN_THREAD : 
 8000000 
BUCKET_RANGE_STEP : 
 0.000000
THREAD_TAB_RANGE : 
 25000000
DONE

RESULTS 
TAB_SIZE,N_THREADS,N_BUCKETS_IN_THREAD,time_fill_tab,time_bucketing,time_bucket_merging,time_sort,time_rewriting,time_all
100000000,4,8000000,0.284087,4.50631,3.4405,5.63401,0.849126,11.2735
TAB_SIZE : 
 100000000 
N_THREADS : 
 5 
N_BUCKETS_IN_THREAD : 
 8000000 
BUCKET_RANGE_STEP : 
 0.000000
THREAD_TAB_RANGE : 
 20000000
DONE

RESULTS 
TAB_SIZE,N_THREADS,N_BUCKETS_IN_THREAD,time_fill_tab,time_bucketing,time_bucket_merging,time_sort,time_rewriting,time_all
100000000,5,8000000,0.249984,3.48635,3.55702,5.17993,0.998229,9.9145
TAB_SIZE : 
 100000000 
N_THREADS : 
 6 
N_BUCKETS_IN_THREAD : 
 8000000 
BUCKET_RANGE_STEP : 
 0.000000
THREAD_TAB_RANGE : 
 16666666
DONE

RESULTS 
TAB_SIZE,N_THREADS,N_BUCKETS_IN_THREAD,time_fill_tab,time_bucketing,time_bucket_merging,time_sort,time_rewriting,time_all
100000000,6,8000000,0.211739,2.72562,3.0044,4.51845,0.861375,8.31719
TAB_SIZE : 
 100000000 
N_THREADS : 
 7 
N_BUCKETS_IN_THREAD : 
 8000000 
BUCKET_RANGE_STEP : 
 0.000000
THREAD_TAB_RANGE : 
 14285714
DONE

RESULTS 
TAB_SIZE,N_THREADS,N_BUCKETS_IN_THREAD,time_fill_tab,time_bucketing,time_bucket_merging,time_sort,time_rewriting,time_all
100000000,7,8000000,0.181697,3.27227,3.82953,4.92931,0.792421,9.17569
TAB_SIZE : 
 100000000 
N_THREADS : 
 8 
N_BUCKETS_IN_THREAD : 
 8000000 
BUCKET_RANGE_STEP : 
 0.000000
THREAD_TAB_RANGE : 
 12500000
DONE

RESULTS 
TAB_SIZE,N_THREADS,N_BUCKETS_IN_THREAD,time_fill_tab,time_bucketing,time_bucket_merging,time_sort,time_rewriting,time_all
100000000,8,8000000,0.182747,3.87191,3.88781,5.10427,0.784512,9.94344
TAB_SIZE : 
 100000000 
N_THREADS : 
 1 
N_BUCKETS_IN_THREAD : 
 8000000 
BUCKET_RANGE_STEP : 
 0.000000
THREAD_TAB_RANGE : 
 100000000
DONE

RESULTS 
TAB_SIZE,N_THREADS,N_BUCKETS_IN_THREAD,time_fill_tab,time_bucketing,time_bucket_merging,time_sort,time_rewriting,time_all
100000000,1,8000000,0.997219,15.9269,3.13133,10.3601,2.44786,29.7321
TAB_SIZE : 
 100000000 
N_THREADS : 
 2 
N_BUCKETS_IN_THREAD : 
 8000000 
BUCKET_RANGE_STEP : 
 0.000000
THREAD_TAB_RANGE : 
 50000000
DONE

RESULTS 
TAB_SIZE,N_THREADS,N_BUCKETS_IN_THREAD,time_fill_tab,time_bucketing,time_bucket_merging,time_sort,time_rewriting,time_all
100000000,2,8000000,0.529434,7.58225,3.05698,7.42068,1.49457,17.0269
TAB_SIZE : 
 100000000 
N_THREADS : 
 3 
N_BUCKETS_IN_THREAD : 
 8000000 
BUCKET_RANGE_STEP : 
 0.000000
THREAD_TAB_RANGE : 
 33333333
DONE

RESULTS 
TAB_SIZE,N_THREADS,N_BUCKETS_IN_THREAD,time_fill_tab,time_bucketing,time_bucket_merging,time_sort,time_rewriting,time_all
100000000,3,8000000,0.379219,7.10314,3.44468,5.4345,1.1234,14.0403
TAB_SIZE : 
 100000000 
N_THREADS : 
 4 
N_BUCKETS_IN_THREAD : 
 8000000 
BUCKET_RANGE_STEP : 
 0.000000
THREAD_TAB_RANGE : 
 25000000
DONE

RESULTS 
TAB_SIZE,N_THREADS,N_BUCKETS_IN_THREAD,time_fill_tab,time_bucketing,time_bucket_merging,time_sort,time_rewriting,time_all
100000000,4,8000000,0.283602,4.39044,3.25852,5.44015,0.864538,10.9787
TAB_SIZE : 
 100000000 
N_THREADS : 
 5 
N_BUCKETS_IN_THREAD : 
 8000000 
BUCKET_RANGE_STEP : 
 0.000000
THREAD_TAB_RANGE : 
 20000000
DONE

RESULTS 
TAB_SIZE,N_THREADS,N_BUCKETS_IN_THREAD,time_fill_tab,time_bucketing,time_bucket_merging,time_sort,time_rewriting,time_all
100000000,5,8000000,0.254731,3.67942,3.69243,5.47684,0.953392,10.3644
TAB_SIZE : 
 100000000 
N_THREADS : 
 6 
N_BUCKETS_IN_THREAD : 
 8000000 
BUCKET_RANGE_STEP : 
 0.000000
THREAD_TAB_RANGE : 
 16666666
DONE

RESULTS 
TAB_SIZE,N_THREADS,N_BUCKETS_IN_THREAD,time_fill_tab,time_bucketing,time_bucket_merging,time_sort,time_rewriting,time_all
100000000,6,8000000,0.209645,2.78416,3.21332,4.72337,0.889658,8.60684
TAB_SIZE : 
 100000000 
N_THREADS : 
 7 
N_BUCKETS_IN_THREAD : 
 8000000 
BUCKET_RANGE_STEP : 
 0.000000
THREAD_TAB_RANGE : 
 14285714
DONE

RESULTS 
TAB_SIZE,N_THREADS,N_BUCKETS_IN_THREAD,time_fill_tab,time_bucketing,time_bucket_merging,time_sort,time_rewriting,time_all
100000000,7,8000000,0.185801,3.97835,3.90851,5.14137,0.786538,10.0921
TAB_SIZE : 
 100000000 
N_THREADS : 
 8 
N_BUCKETS_IN_THREAD : 
 8000000 
BUCKET_RANGE_STEP : 
 0.000000
THREAD_TAB_RANGE : 
 12500000
DONE

RESULTS 
TAB_SIZE,N_THREADS,N_BUCKETS_IN_THREAD,time_fill_tab,time_bucketing,time_bucket_merging,time_sort,time_rewriting,time_all
100000000,8,8000000,0.156829,3.55095,3.27256,4.34263,0.658678,8.70909
TAB_SIZE : 
 100000000 
N_THREADS : 
 1 
N_BUCKETS_IN_THREAD : 
 8000000 
BUCKET_RANGE_STEP : 
 0.000000
THREAD_TAB_RANGE : 
 100000000
DONE

RESULTS 
TAB_SIZE,N_THREADS,N_BUCKETS_IN_THREAD,time_fill_tab,time_bucketing,time_bucket_merging,time_sort,time_rewriting,time_all
100000000,1,8000000,0.994551,14.4699,3.19846,11.7354,2.48326,29.6831
TAB_SIZE : 
 100000000 
N_THREADS : 
 2 
N_BUCKETS_IN_THREAD : 
 8000000 
BUCKET_RANGE_STEP : 
 0.000000
THREAD_TAB_RANGE : 
 50000000
DONE

RESULTS 
TAB_SIZE,N_THREADS,N_BUCKETS_IN_THREAD,time_fill_tab,time_bucketing,time_bucket_merging,time_sort,time_rewriting,time_all
100000000,2,8000000,0.498454,8.50321,3.11349,5.76831,1.26505,16.035
TAB_SIZE : 
 100000000 
N_THREADS : 
 3 
N_BUCKETS_IN_THREAD : 
 8000000 
BUCKET_RANGE_STEP : 
 0.000000
THREAD_TAB_RANGE : 
 33333333
DONE

RESULTS 
TAB_SIZE,N_THREADS,N_BUCKETS_IN_THREAD,time_fill_tab,time_bucketing,time_bucket_merging,time_sort,time_rewriting,time_all
100000000,3,8000000,0.355692,5.24066,2.86791,5.42194,0.994245,12.0125
TAB_SIZE : 
 100000000 
N_THREADS : 
 4 
N_BUCKETS_IN_THREAD : 
 8000000 
BUCKET_RANGE_STEP : 
 0.000000
THREAD_TAB_RANGE : 
 25000000
DONE

RESULTS 
TAB_SIZE,N_THREADS,N_BUCKETS_IN_THREAD,time_fill_tab,time_bucketing,time_bucket_merging,time_sort,time_rewriting,time_all
100000000,4,8000000,0.275638,4.86893,3.20851,4.49406,0.779109,10.4177
TAB_SIZE : 
 100000000 
N_THREADS : 
 5 
N_BUCKETS_IN_THREAD : 
 8000000 
BUCKET_RANGE_STEP : 
 0.000000
THREAD_TAB_RANGE : 
 20000000
DONE

RESULTS 
TAB_SIZE,N_THREADS,N_BUCKETS_IN_THREAD,time_fill_tab,time_bucketing,time_bucket_merging,time_sort,time_rewriting,time_all
100000000,5,8000000,0.228092,3.91782,3.54249,5.06606,1.00256,10.2145
TAB_SIZE : 
 100000000 
N_THREADS : 
 6 
N_BUCKETS_IN_THREAD : 
 8000000 
BUCKET_RANGE_STEP : 
 0.000000
THREAD_TAB_RANGE : 
 16666666
DONE

RESULTS 
TAB_SIZE,N_THREADS,N_BUCKETS_IN_THREAD,time_fill_tab,time_bucketing,time_bucket_merging,time_sort,time_rewriting,time_all
100000000,6,8000000,0.192794,3.43054,2.08938,3.93996,0.458161,8.02146
TAB_SIZE : 
 100000000 
N_THREADS : 
 7 
N_BUCKETS_IN_THREAD : 
 8000000 
BUCKET_RANGE_STEP : 
 0.000000
THREAD_TAB_RANGE : 
 14285714
DONE

RESULTS 
TAB_SIZE,N_THREADS,N_BUCKETS_IN_THREAD,time_fill_tab,time_bucketing,time_bucket_merging,time_sort,time_rewriting,time_all
100000000,7,8000000,0.173005,3.30715,3.66853,4.77427,0.767979,9.0224
TAB_SIZE : 
 100000000 
N_THREADS : 
 8 
N_BUCKETS_IN_THREAD : 
 8000000 
BUCKET_RANGE_STEP : 
 0.000000
THREAD_TAB_RANGE : 
 12500000
DONE

RESULTS 
TAB_SIZE,N_THREADS,N_BUCKETS_IN_THREAD,time_fill_tab,time_bucketing,time_bucket_merging,time_sort,time_rewriting,time_all
100000000,8,8000000,0.154682,2.50026,3.38404,4.36363,0.702552,7.72113
