TAB_SIZE : 
 100000000 
N_THREADS : 
 1 
N_BUCKETS_IN_THREAD : 
 8000000 
BUCKET_RANGE_STEP : 
 0.000000
THREAD_TAB_RANGE : 
 100000000
DONE

RESULTS 
TAB_SIZE,N_THREADS,N_BUCKETS_IN_THREAD,time_fill_tab,time_bucketing,time_bucket_merging,time_sort,time_rewriting,time_all
100000000,1,8000000,1.00421,13.9889,3.10792,8.12293,2.43929,28.6632
TAB_SIZE : 
 100000000 
N_THREADS : 
 2 
N_BUCKETS_IN_THREAD : 
 8000000 
BUCKET_RANGE_STEP : 
 0.000000
THREAD_TAB_RANGE : 
 50000000
DONE

RESULTS 
TAB_SIZE,N_THREADS,N_BUCKETS_IN_THREAD,time_fill_tab,time_bucketing,time_bucket_merging,time_sort,time_rewriting,time_all
100000000,2,8000000,0.547169,7.79384,3.282,4.12776,1.63629,17.3871
TAB_SIZE : 
 100000000 
N_THREADS : 
 3 
N_BUCKETS_IN_THREAD : 
 8000000 
BUCKET_RANGE_STEP : 
 0.000000
THREAD_TAB_RANGE : 
 33333333
DONE

RESULTS 
TAB_SIZE,N_THREADS,N_BUCKETS_IN_THREAD,time_fill_tab,time_bucketing,time_bucket_merging,time_sort,time_rewriting,time_all
100000000,3,8000000,0.379187,5.47152,3.07795,2.77917,1.07623,12.7841
TAB_SIZE : 
 100000000 
N_THREADS : 
 4 
N_BUCKETS_IN_THREAD : 
 8000000 
BUCKET_RANGE_STEP : 
 0.000000
THREAD_TAB_RANGE : 
 25000000
DONE

RESULTS 
TAB_SIZE,N_THREADS,N_BUCKETS_IN_THREAD,time_fill_tab,time_bucketing,time_bucket_merging,time_sort,time_rewriting,time_all
100000000,4,8000000,0.284117,4.82907,3.594,2.31366,0.896988,11.9178
TAB_SIZE : 
 100000000 
N_THREADS : 
 5 
N_BUCKETS_IN_THREAD : 
 8000000 
BUCKET_RANGE_STEP : 
 0.000000
THREAD_TAB_RANGE : 
 20000000
DONE

RESULTS 
TAB_SIZE,N_THREADS,N_BUCKETS_IN_THREAD,time_fill_tab,time_bucketing,time_bucket_merging,time_sort,time_rewriting,time_all
100000000,5,8000000,0.23409,4.53283,3.80452,1.68723,0.949684,11.2084
TAB_SIZE : 
 100000000 
N_THREADS : 
 6 
N_BUCKETS_IN_THREAD : 
 8000000 
BUCKET_RANGE_STEP : 
 0.000000
THREAD_TAB_RANGE : 
 16666666
DONE

RESULTS 
TAB_SIZE,N_THREADS,N_BUCKETS_IN_THREAD,time_fill_tab,time_bucketing,time_bucket_merging,time_sort,time_rewriting,time_all
100000000,6,8000000,0.204163,3.63298,3.51917,1.36912,0.788438,9.51387
TAB_SIZE : 
 100000000 
N_THREADS : 
 7 
N_BUCKETS_IN_THREAD : 
 8000000 
BUCKET_RANGE_STEP : 
 0.000000
THREAD_TAB_RANGE : 
 14285714
DONE

RESULTS 
TAB_SIZE,N_THREADS,N_BUCKETS_IN_THREAD,time_fill_tab,time_bucketing,time_bucket_merging,time_sort,time_rewriting,time_all
100000000,7,8000000,0.177459,4.20801,3.01225,1.09524,0.498207,8.99116
TAB_SIZE : 
 100000000 
N_THREADS : 
 8 
N_BUCKETS_IN_THREAD : 
 8000000 
BUCKET_RANGE_STEP : 
 0.000000
THREAD_TAB_RANGE : 
 12500000
DONE

RESULTS 
TAB_SIZE,N_THREADS,N_BUCKETS_IN_THREAD,time_fill_tab,time_bucketing,time_bucket_merging,time_sort,time_rewriting,time_all
100000000,8,8000000,0.157731,3.41428,3.50322,1.23364,0.710969,9.01985
TAB_SIZE : 
 100000000 
N_THREADS : 
 1 
N_BUCKETS_IN_THREAD : 
 8000000 
BUCKET_RANGE_STEP : 
 0.000000
THREAD_TAB_RANGE : 
 100000000
DONE

RESULTS 
TAB_SIZE,N_THREADS,N_BUCKETS_IN_THREAD,time_fill_tab,time_bucketing,time_bucket_merging,time_sort,time_rewriting,time_all
100000000,1,8000000,0.998448,14.4436,3.06061,7.99847,2.59454,29.0956
TAB_SIZE : 
 100000000 
N_THREADS : 
 2 
N_BUCKETS_IN_THREAD : 
 8000000 
BUCKET_RANGE_STEP : 
 0.000000
THREAD_TAB_RANGE : 
 50000000
DONE

RESULTS 
TAB_SIZE,N_THREADS,N_BUCKETS_IN_THREAD,time_fill_tab,time_bucketing,time_bucket_merging,time_sort,time_rewriting,time_all
100000000,2,8000000,0.546638,7.72496,3.05818,4.38497,1.70502,17.4198
TAB_SIZE : 
 100000000 
N_THREADS : 
 3 
N_BUCKETS_IN_THREAD : 
 8000000 
BUCKET_RANGE_STEP : 
 0.000000
THREAD_TAB_RANGE : 
 33333333
DONE

RESULTS 
TAB_SIZE,N_THREADS,N_BUCKETS_IN_THREAD,time_fill_tab,time_bucketing,time_bucket_merging,time_sort,time_rewriting,time_all
100000000,3,8000000,0.379231,5.45697,3.05783,2.80866,1.11531,12.818
TAB_SIZE : 
 100000000 
N_THREADS : 
 4 
N_BUCKETS_IN_THREAD : 
 8000000 
BUCKET_RANGE_STEP : 
 0.000000
THREAD_TAB_RANGE : 
 25000000
DONE

RESULTS 
TAB_SIZE,N_THREADS,N_BUCKETS_IN_THREAD,time_fill_tab,time_bucketing,time_bucket_merging,time_sort,time_rewriting,time_all
100000000,4,8000000,0.288071,4.56107,3.3623,2.36746,0.832849,11.4117
TAB_SIZE : 
 100000000 
N_THREADS : 
 5 
N_BUCKETS_IN_THREAD : 
 8000000 
BUCKET_RANGE_STEP : 
 0.000000
THREAD_TAB_RANGE : 
 20000000
DONE

RESULTS 
TAB_SIZE,N_THREADS,N_BUCKETS_IN_THREAD,time_fill_tab,time_bucketing,time_bucket_merging,time_sort,time_rewriting,time_all
100000000,5,8000000,0.241305,4.71684,4.05868,1.97021,0.960962,11.948
TAB_SIZE : 
 100000000 
N_THREADS : 
 6 
N_BUCKETS_IN_THREAD : 
 8000000 
BUCKET_RANGE_STEP : 
 0.000000
THREAD_TAB_RANGE : 
 16666666
DONE

RESULTS 
TAB_SIZE,N_THREADS,N_BUCKETS_IN_THREAD,time_fill_tab,time_bucketing,time_bucket_merging,time_sort,time_rewriting,time_all
100000000,6,8000000,0.204634,2.65446,3.0885,1.5578,0.844142,8.34954
TAB_SIZE : 
 100000000 
N_THREADS : 
 7 
N_BUCKETS_IN_THREAD : 
 8000000 
BUCKET_RANGE_STEP : 
 0.000000
THREAD_TAB_RANGE : 
 14285714
DONE

RESULTS 
TAB_SIZE,N_THREADS,N_BUCKETS_IN_THREAD,time_fill_tab,time_bucketing,time_bucket_merging,time_sort,time_rewriting,time_all
100000000,7,8000000,0.179011,3.51198,3.90194,1.33991,0.74585,9.67869
TAB_SIZE : 
 100000000 
N_THREADS : 
 8 
N_BUCKETS_IN_THREAD : 
 8000000 
BUCKET_RANGE_STEP : 
 0.000000
THREAD_TAB_RANGE : 
 12500000
DONE

RESULTS 
TAB_SIZE,N_THREADS,N_BUCKETS_IN_THREAD,time_fill_tab,time_bucketing,time_bucket_merging,time_sort,time_rewriting,time_all
100000000,8,8000000,0.157831,3.99149,3.28348,1.20029,0.66376,9.29685
TAB_SIZE : 
 100000000 
N_THREADS : 
 1 
N_BUCKETS_IN_THREAD : 
 8000000 
BUCKET_RANGE_STEP : 
 0.000000
THREAD_TAB_RANGE : 
 100000000
DONE

RESULTS 
TAB_SIZE,N_THREADS,N_BUCKETS_IN_THREAD,time_fill_tab,time_bucketing,time_bucket_merging,time_sort,time_rewriting,time_all
100000000,1,8000000,0.992716,14.2235,3.19505,7.90805,2.71282,29.0322
TAB_SIZE : 
 100000000 
N_THREADS : 
 2 
N_BUCKETS_IN_THREAD : 
 8000000 
BUCKET_RANGE_STEP : 
 0.000000
THREAD_TAB_RANGE : 
 50000000
DONE

RESULTS 
TAB_SIZE,N_THREADS,N_BUCKETS_IN_THREAD,time_fill_tab,time_bucketing,time_bucket_merging,time_sort,time_rewriting,time_all
100000000,2,8000000,0.534191,7.69464,3.05068,4.01403,1.60932,16.9029
TAB_SIZE : 
 100000000 
N_THREADS : 
 3 
N_BUCKETS_IN_THREAD : 
 8000000 
BUCKET_RANGE_STEP : 
 0.000000
THREAD_TAB_RANGE : 
 33333333
DONE

RESULTS 
TAB_SIZE,N_THREADS,N_BUCKETS_IN_THREAD,time_fill_tab,time_bucketing,time_bucket_merging,time_sort,time_rewriting,time_all
100000000,3,8000000,0.382589,5.51829,3.12458,3.0453,1.06377,13.1345
TAB_SIZE : 
 100000000 
N_THREADS : 
 4 
N_BUCKETS_IN_THREAD : 
 8000000 
BUCKET_RANGE_STEP : 
 0.000000
THREAD_TAB_RANGE : 
 25000000
DONE

RESULTS 
TAB_SIZE,N_THREADS,N_BUCKETS_IN_THREAD,time_fill_tab,time_bucketing,time_bucket_merging,time_sort,time_rewriting,time_all
100000000,4,8000000,0.282903,4.39797,3.31956,2.36929,0.852353,11.2221
TAB_SIZE : 
 100000000 
N_THREADS : 
 5 
N_BUCKETS_IN_THREAD : 
 8000000 
BUCKET_RANGE_STEP : 
 0.000000
THREAD_TAB_RANGE : 
 20000000
DONE

RESULTS 
TAB_SIZE,N_THREADS,N_BUCKETS_IN_THREAD,time_fill_tab,time_bucketing,time_bucket_merging,time_sort,time_rewriting,time_all
100000000,5,8000000,0.254014,4.58231,3.65073,1.94883,1.01746,11.4533
TAB_SIZE : 
 100000000 
N_THREADS : 
 6 
N_BUCKETS_IN_THREAD : 
 8000000 
BUCKET_RANGE_STEP : 
 0.000000
THREAD_TAB_RANGE : 
 16666666
DONE

RESULTS 
TAB_SIZE,N_THREADS,N_BUCKETS_IN_THREAD,time_fill_tab,time_bucketing,time_bucket_merging,time_sort,time_rewriting,time_all
100000000,6,8000000,0.213859,3.63063,3.60017,1.5045,0.829157,9.77832
TAB_SIZE : 
 100000000 
N_THREADS : 
 7 
N_BUCKETS_IN_THREAD : 
 8000000 
BUCKET_RANGE_STEP : 
 0.000000
THREAD_TAB_RANGE : 
 14285714
DONE

RESULTS 
TAB_SIZE,N_THREADS,N_BUCKETS_IN_THREAD,time_fill_tab,time_bucketing,time_bucket_merging,time_sort,time_rewriting,time_all
100000000,7,8000000,0.179863,4.90294,2.92799,1.51562,0.726582,10.253
TAB_SIZE : 
 100000000 
N_THREADS : 
 8 
N_BUCKETS_IN_THREAD : 
 8000000 
BUCKET_RANGE_STEP : 
 0.000000
THREAD_TAB_RANGE : 
 12500000
DONE

RESULTS 
TAB_SIZE,N_THREADS,N_BUCKETS_IN_THREAD,time_fill_tab,time_bucketing,time_bucket_merging,time_sort,time_rewriting,time_all
100000000,8,8000000,0.159823,3.35423,3.40704,1.31086,0.704057,8.936
TAB_SIZE : 
 100000000 
N_THREADS : 
 1 
N_BUCKETS_IN_THREAD : 
 8000000 
BUCKET_RANGE_STEP : 
 0.000000
THREAD_TAB_RANGE : 
 100000000
DONE

RESULTS 
TAB_SIZE,N_THREADS,N_BUCKETS_IN_THREAD,time_fill_tab,time_bucketing,time_bucket_merging,time_sort,time_rewriting,time_all
100000000,1,8000000,0.991242,14.7702,3.17614,8.26082,2.5807,29.7791
TAB_SIZE : 
 100000000 
N_THREADS : 
 2 
N_BUCKETS_IN_THREAD : 
 8000000 
BUCKET_RANGE_STEP : 
 0.000000
THREAD_TAB_RANGE : 
 50000000
DONE

RESULTS 
TAB_SIZE,N_THREADS,N_BUCKETS_IN_THREAD,time_fill_tab,time_bucketing,time_bucket_merging,time_sort,time_rewriting,time_all
100000000,2,8000000,0.54619,7.6326,3.17561,4.40459,1.75274,17.5117
TAB_SIZE : 
 100000000 
N_THREADS : 
 3 
N_BUCKETS_IN_THREAD : 
 8000000 
BUCKET_RANGE_STEP : 
 0.000000
THREAD_TAB_RANGE : 
 33333333
DONE

RESULTS 
TAB_SIZE,N_THREADS,N_BUCKETS_IN_THREAD,time_fill_tab,time_bucketing,time_bucket_merging,time_sort,time_rewriting,time_all
100000000,3,8000000,0.36649,5.67691,3.66472,3.06965,1.09942,13.8772
TAB_SIZE : 
 100000000 
N_THREADS : 
 4 
N_BUCKETS_IN_THREAD : 
 8000000 
BUCKET_RANGE_STEP : 
 0.000000
THREAD_TAB_RANGE : 
 25000000
DONE

RESULTS 
TAB_SIZE,N_THREADS,N_BUCKETS_IN_THREAD,time_fill_tab,time_bucketing,time_bucket_merging,time_sort,time_rewriting,time_all
100000000,4,8000000,0.283915,5.00225,3.65803,2.45485,0.863646,12.2627
TAB_SIZE : 
 100000000 
N_THREADS : 
 5 
N_BUCKETS_IN_THREAD : 
 8000000 
BUCKET_RANGE_STEP : 
 0.000000
THREAD_TAB_RANGE : 
 20000000
DONE

RESULTS 
TAB_SIZE,N_THREADS,N_BUCKETS_IN_THREAD,time_fill_tab,time_bucketing,time_bucket_merging,time_sort,time_rewriting,time_all
100000000,5,8000000,0.247195,4.06824,3.62174,1.88666,1.00976,10.8336
TAB_SIZE : 
 100000000 
N_THREADS : 
 6 
N_BUCKETS_IN_THREAD : 
 8000000 
BUCKET_RANGE_STEP : 
 0.000000
THREAD_TAB_RANGE : 
 16666666
DONE

RESULTS 
TAB_SIZE,N_THREADS,N_BUCKETS_IN_THREAD,time_fill_tab,time_bucketing,time_bucket_merging,time_sort,time_rewriting,time_all
100000000,6,8000000,0.208677,3.50817,3.4518,0.901139,0.776653,8.84644
TAB_SIZE : 
 100000000 
N_THREADS : 
 7 
N_BUCKETS_IN_THREAD : 
 8000000 
BUCKET_RANGE_STEP : 
 0.000000
THREAD_TAB_RANGE : 
 14285714
DONE

RESULTS 
TAB_SIZE,N_THREADS,N_BUCKETS_IN_THREAD,time_fill_tab,time_bucketing,time_bucket_merging,time_sort,time_rewriting,time_all
100000000,7,8000000,0.17932,2.64745,3.47093,1.38847,0.769512,8.45568
TAB_SIZE : 
 100000000 
N_THREADS : 
 8 
N_BUCKETS_IN_THREAD : 
 8000000 
BUCKET_RANGE_STEP : 
 0.000000
THREAD_TAB_RANGE : 
 12500000
DONE

RESULTS 
TAB_SIZE,N_THREADS,N_BUCKETS_IN_THREAD,time_fill_tab,time_bucketing,time_bucket_merging,time_sort,time_rewriting,time_all
100000000,8,8000000,0.160165,3.42904,3.39106,1.1637,0.660902,8.80487
TAB_SIZE : 
 100000000 
N_THREADS : 
 1 
N_BUCKETS_IN_THREAD : 
 8000000 
BUCKET_RANGE_STEP : 
 0.000000
THREAD_TAB_RANGE : 
 100000000
DONE

RESULTS 
TAB_SIZE,N_THREADS,N_BUCKETS_IN_THREAD,time_fill_tab,time_bucketing,time_bucket_merging,time_sort,time_rewriting,time_all
100000000,1,8000000,0.993836,14.5365,3.26253,8.38045,2.61815,29.7915
TAB_SIZE : 
 100000000 
N_THREADS : 
 2 
N_BUCKETS_IN_THREAD : 
 8000000 
BUCKET_RANGE_STEP : 
 0.000000
THREAD_TAB_RANGE : 
 50000000
DONE

RESULTS 
TAB_SIZE,N_THREADS,N_BUCKETS_IN_THREAD,time_fill_tab,time_bucketing,time_bucket_merging,time_sort,time_rewriting,time_all
100000000,2,8000000,0.527872,7.63247,3.15567,4.65402,1.69371,17.6637
TAB_SIZE : 
 100000000 
N_THREADS : 
 3 
N_BUCKETS_IN_THREAD : 
 8000000 
BUCKET_RANGE_STEP : 
 0.000000
THREAD_TAB_RANGE : 
 33333333
DONE

RESULTS 
TAB_SIZE,N_THREADS,N_BUCKETS_IN_THREAD,time_fill_tab,time_bucketing,time_bucket_merging,time_sort,time_rewriting,time_all
100000000,3,8000000,0.365743,5.38056,3.10059,2.92179,1.0914,12.8601
TAB_SIZE : 
 100000000 
N_THREADS : 
 4 
N_BUCKETS_IN_THREAD : 
 8000000 
BUCKET_RANGE_STEP : 
 0.000000
THREAD_TAB_RANGE : 
 25000000
DONE

RESULTS 
TAB_SIZE,N_THREADS,N_BUCKETS_IN_THREAD,time_fill_tab,time_bucketing,time_bucket_merging,time_sort,time_rewriting,time_all
100000000,4,8000000,0.285358,5.37439,3.66199,2.43358,0.860947,12.6163
TAB_SIZE : 
 100000000 
N_THREADS : 
 5 
N_BUCKETS_IN_THREAD : 
 8000000 
BUCKET_RANGE_STEP : 
 0.000000
THREAD_TAB_RANGE : 
 20000000
DONE

RESULTS 
TAB_SIZE,N_THREADS,N_BUCKETS_IN_THREAD,time_fill_tab,time_bucketing,time_bucket_merging,time_sort,time_rewriting,time_all
100000000,5,8000000,0.253611,5.24093,3.5211,1.82725,0.961977,11.8049
TAB_SIZE : 
 100000000 
N_THREADS : 
 6 
N_BUCKETS_IN_THREAD : 
 8000000 
BUCKET_RANGE_STEP : 
 0.000000
THREAD_TAB_RANGE : 
 16666666
DONE

RESULTS 
TAB_SIZE,N_THREADS,N_BUCKETS_IN_THREAD,time_fill_tab,time_bucketing,time_bucket_merging,time_sort,time_rewriting,time_all
100000000,6,8000000,0.203558,3.71691,3.61345,1.5308,0.863328,9.92805
TAB_SIZE : 
 100000000 
N_THREADS : 
 7 
N_BUCKETS_IN_THREAD : 
 8000000 
BUCKET_RANGE_STEP : 
 0.000000
THREAD_TAB_RANGE : 
 14285714
DONE

RESULTS 
TAB_SIZE,N_THREADS,N_BUCKETS_IN_THREAD,time_fill_tab,time_bucketing,time_bucket_merging,time_sort,time_rewriting,time_all
100000000,7,8000000,0.185034,4.64568,3.77844,1.06317,0.754928,10.4273
TAB_SIZE : 
 100000000 
N_THREADS : 
 8 
N_BUCKETS_IN_THREAD : 
 8000000 
BUCKET_RANGE_STEP : 
 0.000000
THREAD_TAB_RANGE : 
 12500000
DONE

RESULTS 
TAB_SIZE,N_THREADS,N_BUCKETS_IN_THREAD,time_fill_tab,time_bucketing,time_bucket_merging,time_sort,time_rewriting,time_all
100000000,8,8000000,0.15691,2.86436,3.52549,1.1533,0.689634,8.38969
TAB_SIZE : 
 100000000 
N_THREADS : 
 1 
N_BUCKETS_IN_THREAD : 
 8000000 
BUCKET_RANGE_STEP : 
 0.000000
THREAD_TAB_RANGE : 
 100000000
DONE

RESULTS 
TAB_SIZE,N_THREADS,N_BUCKETS_IN_THREAD,time_fill_tab,time_bucketing,time_bucket_merging,time_sort,time_rewriting,time_all
100000000,1,8000000,0.992295,15.3578,3.22976,7.87986,2.51413,29.9739
TAB_SIZE : 
 100000000 
N_THREADS : 
 2 
N_BUCKETS_IN_THREAD : 
 8000000 
BUCKET_RANGE_STEP : 
 0.000000
THREAD_TAB_RANGE : 
 50000000
DONE

RESULTS 
TAB_SIZE,N_THREADS,N_BUCKETS_IN_THREAD,time_fill_tab,time_bucketing,time_bucket_merging,time_sort,time_rewriting,time_all
100000000,2,8000000,0.564682,7.98444,3.39109,4.38077,1.58678,17.9078
TAB_SIZE : 
 100000000 
N_THREADS : 
 3 
N_BUCKETS_IN_THREAD : 
 8000000 
BUCKET_RANGE_STEP : 
 0.000000
THREAD_TAB_RANGE : 
 33333333
DONE

RESULTS 
TAB_SIZE,N_THREADS,N_BUCKETS_IN_THREAD,time_fill_tab,time_bucketing,time_bucket_merging,time_sort,time_rewriting,time_all
100000000,3,8000000,0.379675,5.15562,3.13591,2.94606,1.09094,12.7082
TAB_SIZE : 
 100000000 
N_THREADS : 
 4 
N_BUCKETS_IN_THREAD : 
 8000000 
BUCKET_RANGE_STEP : 
 0.000000
THREAD_TAB_RANGE : 
 25000000
DONE

RESULTS 
TAB_SIZE,N_THREADS,N_BUCKETS_IN_THREAD,time_fill_tab,time_bucketing,time_bucket_merging,time_sort,time_rewriting,time_all
100000000,4,8000000,0.284277,4.73155,3.46215,2.11051,0.8644,11.4529
TAB_SIZE : 
 100000000 
N_THREADS : 
 5 
N_BUCKETS_IN_THREAD : 
 8000000 
BUCKET_RANGE_STEP : 
 0.000000
THREAD_TAB_RANGE : 
 20000000
DONE

RESULTS 
TAB_SIZE,N_THREADS,N_BUCKETS_IN_THREAD,time_fill_tab,time_bucketing,time_bucket_merging,time_sort,time_rewriting,time_all
100000000,5,8000000,0.254569,3.80197,3.71026,1.9723,1.01615,10.7553
TAB_SIZE : 
 100000000 
N_THREADS : 
 6 
N_BUCKETS_IN_THREAD : 
 8000000 
BUCKET_RANGE_STEP : 
 0.000000
THREAD_TAB_RANGE : 
 16666666
DONE

RESULTS 
TAB_SIZE,N_THREADS,N_BUCKETS_IN_THREAD,time_fill_tab,time_bucketing,time_bucket_merging,time_sort,time_rewriting,time_all
100000000,6,8000000,0.216116,2.89545,3.17392,1.46636,0.851526,8.60337
TAB_SIZE : 
 100000000 
N_THREADS : 
 7 
N_BUCKETS_IN_THREAD : 
 8000000 
BUCKET_RANGE_STEP : 
 0.000000
THREAD_TAB_RANGE : 
 14285714
DONE

RESULTS 
TAB_SIZE,N_THREADS,N_BUCKETS_IN_THREAD,time_fill_tab,time_bucketing,time_bucket_merging,time_sort,time_rewriting,time_all
100000000,7,8000000,0.181683,4.34399,3.67147,1.37579,0.716645,10.2896
TAB_SIZE : 
 100000000 
N_THREADS : 
 8 
N_BUCKETS_IN_THREAD : 
 8000000 
BUCKET_RANGE_STEP : 
 0.000000
THREAD_TAB_RANGE : 
 12500000
DONE

RESULTS 
TAB_SIZE,N_THREADS,N_BUCKETS_IN_THREAD,time_fill_tab,time_bucketing,time_bucket_merging,time_sort,time_rewriting,time_all
100000000,8,8000000,0.1586,2.62171,3.50452,1.16163,0.672272,8.11874
