 plgrid/apps/cuda/11.2 loaded.
 plgrid/libs/gdrcopy/2.2-cuda-11.2 loaded.
 plgrid/libs/ucx/1.10.0-cuda-11.2 loaded.
 plgrid/tools/binutils/2.34 loaded.
 plgrid/tools/gcc/9.3.0 loaded.
 plgrid/tools/nvhpc/22.3 loaded.
 plgrid/tools/openmpi/4.1.2-nvhpc-22.3 loaded.
 plgrid/tools/binutils/2.34 unloaded.
 plgrid/tools/gcc/9.3.0 unloaded.
 plgrid/tools/gcc/6.4.0 loaded.
 plgrid/tools/intel/18.0.0 loaded.
 plgrid/libs/mkl/2018.0.0 loaded.
 plgrid/tools/python/3.6.5 loaded.
 plgrid/tools/impi/2018 loaded.
 plgrid/libs/python-mpi4py/3.0.1-python-3.6 loaded.

The following have been reloaded with a version change:
  1) plgrid/tools/gcc/9.3.0 => plgrid/tools/gcc/6.4.0

 plgrid/libs/mkl/2018.0.0 unloaded.
 plgrid/tools/python/3.6.5 unloaded.
 plgrid/tools/gcc/6.4.0 unloaded.
 plgrid/tools/intel/18.0.0 unloaded.
 plgrid/tools/impi/2018 unloaded.
 plgrid/libs/python-mpi4py/3.0.1-python-3.6 unloaded.
 plgrid/tools/gcc/6.4.0 loaded.
 plgrid/tools/intel/18.0.0 loaded.
 plgrid/libs/mkl/2018.0.0 loaded.
 plgrid/tools/python/2.7.14 loaded.
 plgrid/tools/impi/2018 loaded.
 plgrid/libs/python-mpi4py/3.0.0-python-2.7 loaded.

The following have been reloaded with a version change:
  1) plgrid/libs/python-mpi4py/3.0.1-python-3.6 => plgrid/libs/python-mpi4py/3.0.0-python-2.7
  2) plgrid/tools/python/3.6.5 => plgrid/tools/python/2.7.14

Pi wynosi 
3.13144
czas = 
0.11124420166
size = 
1
npoint = 
100000
Pi wynosi 
3.13292
czas = 
0.0601079463959
size = 
2
npoint = 
100000
Pi wynosi 
3.1358
czas = 
0.0412800312042
size = 
3
npoint = 
100000
Pi wynosi 
3.14956
czas = 
0.0312609672546
size = 
4
npoint = 
100000
Pi wynosi 
3.1432
czas = 
0.0255191326141
size = 
5
npoint = 
100000
Pi wynosi 
3.1356
czas = 
0.0212318897247
size = 
6
npoint = 
100000
Pi wynosi 
3.14524
czas = 
0.0181348323822
size = 
7
npoint = 
100000
Pi wynosi 
3.14076
czas = 
0.0159239768982
size = 
8
npoint = 
100000
Pi wynosi 
3.1466
czas = 
0.0142230987549
size = 
9
npoint = 
100000
Pi wynosi 
3.14656
czas = 
0.0130770206451
size = 
10
npoint = 
100000
Pi wynosi 
3.13468
czas = 
0.011754989624
size = 
11
npoint = 
100000
Pi wynosi 
3.13716
czas = 
0.0107519626617
size = 
12
npoint = 
100000
