 plgrid/tools/binutils/2.34 loaded.
 plgrid/tools/gcc/9.3.0 loaded.
 plgrid/tools/intel/2021.3.0 loaded.
 plgrid/apps/cuda/11.2 loaded.
 plgrid/libs/gdrcopy/2.2-cuda-11.2 loaded.
 plgrid/libs/ucx/1.10.0-cuda-11.2 loaded.
 plgrid/tools/openmpi/4.1.2-intel-2021.3.0 loaded.
 plgrid/tools/binutils/2.34 unloaded.
 plgrid/tools/gcc/9.3.0 unloaded.
 plgrid/tools/intel/2021.3.0 unloaded.
 plgrid/tools/gcc/6.4.0 loaded.
 plgrid/tools/intel/18.0.0 loaded.
 plgrid/libs/mkl/2018.0.0 loaded.
 plgrid/tools/python/3.6.5 loaded.
 plgrid/tools/impi/2018 loaded.
 plgrid/libs/python-mpi4py/3.0.1-python-3.6 loaded.

The following have been reloaded with a version change:
  1) plgrid/tools/gcc/9.3.0 => plgrid/tools/gcc/6.4.0
  2) plgrid/tools/intel/2021.3.0 => plgrid/tools/intel/18.0.0

 plgrid/libs/mkl/2018.0.0 unloaded.
 plgrid/tools/python/3.6.5 unloaded.
 plgrid/tools/gcc/6.4.0 unloaded.
 plgrid/tools/intel/18.0.0 unloaded.
 plgrid/tools/impi/2018 unloaded.
 plgrid/libs/python-mpi4py/3.0.1-python-3.6 unloaded.
 plgrid/tools/gcc/6.4.0 loaded.
 plgrid/tools/intel/18.0.0 loaded.
 plgrid/libs/mkl/2018.0.0 loaded.
 plgrid/tools/python/2.7.14 loaded.
 plgrid/tools/impi/2018 loaded.
 plgrid/libs/python-mpi4py/3.0.0-python-2.7 loaded.

The following have been reloaded with a version change:
  1) plgrid/libs/python-mpi4py/3.0.1-python-3.6 => plgrid/libs/python-mpi4py/3.0.0-python-2.7
  2) plgrid/tools/python/3.6.5 => plgrid/tools/python/2.7.14

Pi wynosi 
3.141599015
czas = 
890.72738719
size = 
1
npoint = 
800000000
