max bucket size 60
DONE

RESULTS 
TAB_SIZE,N_THREADS,N_BUCKETS_IN_THREAD,time_fill_tab,time_bucketing,time_sort,time_rewriting,time_all
1000000000,1,80000000,9.99591,225.798,64.0187,27.112,326.925
max bucket size 32
max bucket size 32
DONE

RESULTS 
TAB_SIZE,N_THREADS,N_BUCKETS_IN_THREAD,time_fill_tab,time_bucketing,time_sort,time_rewriting,time_all
1000000000,2,40000000,5.12624,146.624,30.4512,21.5858,203.787
max bucket size 32
max bucket size 30
max bucket size 32
DONE

RESULTS 
TAB_SIZE,N_THREADS,N_BUCKETS_IN_THREAD,time_fill_tab,time_bucketing,time_sort,time_rewriting,time_all
1000000000,3,26666600,3.98126,117.991,30.8566,15.5298,168.358
max bucket size 239
max bucket size 239
max bucket size 239
max bucket size 239
DONE

RESULTS 
TAB_SIZE,N_THREADS,N_BUCKETS_IN_THREAD,time_fill_tab,time_bucketing,time_sort,time_rewriting,time_all
1000000000,4,20000000,3.07517,75.0864,29.1911,6.3639,113.717
max bucket size 30
max bucket size 30
max bucket size 30
max bucket size 30
max bucket size 30
DONE

RESULTS 
TAB_SIZE,N_THREADS,N_BUCKETS_IN_THREAD,time_fill_tab,time_bucketing,time_sort,time_rewriting,time_all
1000000000,5,16000000,2.46322,75.9121,13.5865,9.8767,101.839
max bucket size 60
max bucket size 120
max bucket size 60
max bucket size 60
max bucket size 120
max bucket size 60
DONE

RESULTS 
TAB_SIZE,N_THREADS,N_BUCKETS_IN_THREAD,time_fill_tab,time_bucketing,time_sort,time_rewriting,time_all
1000000000,6,13333300,2.11316,62.2024,14.5544,5.59219,84.4621
max bucket size 29
max bucket size 31
max bucket size 31
max bucket size 31
max bucket size 31
max bucket size 31
max bucket size 32
DONE

RESULTS 
TAB_SIZE,N_THREADS,N_BUCKETS_IN_THREAD,time_fill_tab,time_bucketing,time_sort,time_rewriting,time_all
1000000000,7,11428500,1.80586,69.0133,15.6073,7.84031,94.2667
max bucket size 31
max bucket size 32
max bucket size 32
max bucket size 31
max bucket size 31
max bucket size 29
max bucket size 31
max bucket size 31
DONE

RESULTS 
TAB_SIZE,N_THREADS,N_BUCKETS_IN_THREAD,time_fill_tab,time_bucketing,time_sort,time_rewriting,time_all
1000000000,8,10000000,1.5547,79.2088,12.1253,8.17685,101.066
