max bucket size 1000000
DONE

RESULTS 
TAB_SIZE,N_THREADS,N_BUCKETS_IN_THREAD,time_fill_tab,time_bucketing,time_sort,time_rewriting,time_all
1000000,1,1,0.0110427,0.0561768,0.451211,0.0134888,0.531919
max bucket size 100004
DONE

RESULTS 
TAB_SIZE,N_THREADS,N_BUCKETS_IN_THREAD,time_fill_tab,time_bucketing,time_sort,time_rewriting,time_all
1000000,1,10,0.0107907,0.0599996,0.37786,0.0134929,0.462144
max bucket size 10008
DONE

RESULTS 
TAB_SIZE,N_THREADS,N_BUCKETS_IN_THREAD,time_fill_tab,time_bucketing,time_sort,time_rewriting,time_all
1000000,1,100,0.0107965,0.0624374,0.308066,0.0133722,0.394672
max bucket size 1016
DONE

RESULTS 
TAB_SIZE,N_THREADS,N_BUCKETS_IN_THREAD,time_fill_tab,time_bucketing,time_sort,time_rewriting,time_all
1000000,1,1000,0.0111975,0.068547,0.239155,0.0135869,0.332487
max bucket size 109
DONE

RESULTS 
TAB_SIZE,N_THREADS,N_BUCKETS_IN_THREAD,time_fill_tab,time_bucketing,time_sort,time_rewriting,time_all
1000000,1,10000,0.0111893,0.0820422,0.153723,0.0141645,0.26112
max bucket size 62
DONE

RESULTS 
TAB_SIZE,N_THREADS,N_BUCKETS_IN_THREAD,time_fill_tab,time_bucketing,time_sort,time_rewriting,time_all
1000000,1,20000,0.0112681,0.0883215,0.141456,0.0148789,0.255925
max bucket size 28
DONE

RESULTS 
TAB_SIZE,N_THREADS,N_BUCKETS_IN_THREAD,time_fill_tab,time_bucketing,time_sort,time_rewriting,time_all
1000000,1,50000,0.0112798,0.0962251,0.117957,0.0170578,0.24252
max bucket size 19
DONE

RESULTS 
TAB_SIZE,N_THREADS,N_BUCKETS_IN_THREAD,time_fill_tab,time_bucketing,time_sort,time_rewriting,time_all
1000000,1,80000,0.0113081,0.110221,0.0807238,0.0219726,0.224226
max bucket size 16
DONE

RESULTS 
TAB_SIZE,N_THREADS,N_BUCKETS_IN_THREAD,time_fill_tab,time_bucketing,time_sort,time_rewriting,time_all
1000000,1,100000,0.0113176,0.111983,0.0727343,0.0225937,0.218629
max bucket size 11
DONE

RESULTS 
TAB_SIZE,N_THREADS,N_BUCKETS_IN_THREAD,time_fill_tab,time_bucketing,time_sort,time_rewriting,time_all
1000000,1,200000,0.0113092,0.141948,0.0725659,0.0270902,0.252914
