TAB_SIZE : 
 100000000 
N_THREADS : 
 1 
N_BUCKETS_IN_THREAD : 
 5000000 
BUCKET_RANGE_STEP : 
 0.000000
THREAD_TAB_RANGE : 
 100000000
DONE

RESULTS 
TAB_SIZE,N_THREADS,N_BUCKETS_IN_THREAD,time_fill_tab,time_bucketing,time_bucket_merging,time_sort,time_rewriting,time_all
100000000,1,5000000,0.993924,13.9884,2.14215,10.1909,2.42492,27.5981
TAB_SIZE : 
 100000000 
N_THREADS : 
 2 
N_BUCKETS_IN_THREAD : 
 5000000 
BUCKET_RANGE_STEP : 
 0.000000
THREAD_TAB_RANGE : 
 50000000
DONE

RESULTS 
TAB_SIZE,N_THREADS,N_BUCKETS_IN_THREAD,time_fill_tab,time_bucketing,time_bucket_merging,time_sort,time_rewriting,time_all
100000000,2,5000000,0.548849,7.39055,1.97916,7.56112,1.43225,16.9328
TAB_SIZE : 
 100000000 
N_THREADS : 
 3 
N_BUCKETS_IN_THREAD : 
 5000000 
BUCKET_RANGE_STEP : 
 0.000000
THREAD_TAB_RANGE : 
 33333333
DONE

RESULTS 
TAB_SIZE,N_THREADS,N_BUCKETS_IN_THREAD,time_fill_tab,time_bucketing,time_bucket_merging,time_sort,time_rewriting,time_all
100000000,3,5000000,0.377444,5.29789,1.96327,5.8821,0.977676,12.5351
TAB_SIZE : 
 100000000 
N_THREADS : 
 4 
N_BUCKETS_IN_THREAD : 
 5000000 
BUCKET_RANGE_STEP : 
 0.000000
THREAD_TAB_RANGE : 
 25000000
DONE

RESULTS 
TAB_SIZE,N_THREADS,N_BUCKETS_IN_THREAD,time_fill_tab,time_bucketing,time_bucket_merging,time_sort,time_rewriting,time_all
100000000,4,5000000,0.284244,4.14866,2.07406,4.78368,0.935464,10.152
TAB_SIZE : 
 100000000 
N_THREADS : 
 5 
N_BUCKETS_IN_THREAD : 
 5000000 
BUCKET_RANGE_STEP : 
 0.000000
THREAD_TAB_RANGE : 
 20000000
DONE

RESULTS 
TAB_SIZE,N_THREADS,N_BUCKETS_IN_THREAD,time_fill_tab,time_bucketing,time_bucket_merging,time_sort,time_rewriting,time_all
100000000,5,5000000,0.256209,3.25122,1.98424,4.30483,0.851593,8.66386
TAB_SIZE : 
 100000000 
N_THREADS : 
 6 
N_BUCKETS_IN_THREAD : 
 5000000 
BUCKET_RANGE_STEP : 
 0.000000
THREAD_TAB_RANGE : 
 16666666
DONE

RESULTS 
TAB_SIZE,N_THREADS,N_BUCKETS_IN_THREAD,time_fill_tab,time_bucketing,time_bucket_merging,time_sort,time_rewriting,time_all
100000000,6,5000000,0.203641,3.09824,2.52549,4.49627,0.848605,8.64676
TAB_SIZE : 
 100000000 
N_THREADS : 
 7 
N_BUCKETS_IN_THREAD : 
 5000000 
BUCKET_RANGE_STEP : 
 0.000000
THREAD_TAB_RANGE : 
 14285714
DONE

RESULTS 
TAB_SIZE,N_THREADS,N_BUCKETS_IN_THREAD,time_fill_tab,time_bucketing,time_bucket_merging,time_sort,time_rewriting,time_all
100000000,7,5000000,0.183744,2.29523,2.15378,3.70005,0.571297,6.75031
TAB_SIZE : 
 100000000 
N_THREADS : 
 8 
N_BUCKETS_IN_THREAD : 
 5000000 
BUCKET_RANGE_STEP : 
 0.000000
THREAD_TAB_RANGE : 
 12500000
DONE

RESULTS 
TAB_SIZE,N_THREADS,N_BUCKETS_IN_THREAD,time_fill_tab,time_bucketing,time_bucket_merging,time_sort,time_rewriting,time_all
100000000,8,5000000,0.158323,2.2115,2.24798,3.61468,0.501361,6.48587
TAB_SIZE : 
 100000000 
N_THREADS : 
 1 
N_BUCKETS_IN_THREAD : 
 5000000 
BUCKET_RANGE_STEP : 
 0.000000
THREAD_TAB_RANGE : 
 100000000
DONE

RESULTS 
TAB_SIZE,N_THREADS,N_BUCKETS_IN_THREAD,time_fill_tab,time_bucketing,time_bucket_merging,time_sort,time_rewriting,time_all
100000000,1,5000000,0.993968,15.1399,2.22215,13.1927,2.65153,31.9781
TAB_SIZE : 
 100000000 
N_THREADS : 
 2 
N_BUCKETS_IN_THREAD : 
 5000000 
BUCKET_RANGE_STEP : 
 0.000000
THREAD_TAB_RANGE : 
 50000000
DONE

RESULTS 
TAB_SIZE,N_THREADS,N_BUCKETS_IN_THREAD,time_fill_tab,time_bucketing,time_bucket_merging,time_sort,time_rewriting,time_all
100000000,2,5000000,0.567003,7.30436,2.03633,7.74487,1.56441,17.1806
TAB_SIZE : 
 100000000 
N_THREADS : 
 3 
N_BUCKETS_IN_THREAD : 
 5000000 
BUCKET_RANGE_STEP : 
 0.000000
THREAD_TAB_RANGE : 
 33333333
DONE

RESULTS 
TAB_SIZE,N_THREADS,N_BUCKETS_IN_THREAD,time_fill_tab,time_bucketing,time_bucket_merging,time_sort,time_rewriting,time_all
100000000,3,5000000,0.367434,6.11742,2.76749,6.67034,1.66256,14.8178
TAB_SIZE : 
 100000000 
N_THREADS : 
 4 
N_BUCKETS_IN_THREAD : 
 5000000 
BUCKET_RANGE_STEP : 
 0.000000
THREAD_TAB_RANGE : 
 25000000
DONE

RESULTS 
TAB_SIZE,N_THREADS,N_BUCKETS_IN_THREAD,time_fill_tab,time_bucketing,time_bucket_merging,time_sort,time_rewriting,time_all
100000000,4,5000000,0.285507,4.03603,1.87997,4.80882,1.15291,10.2833
TAB_SIZE : 
 100000000 
N_THREADS : 
 5 
N_BUCKETS_IN_THREAD : 
 5000000 
BUCKET_RANGE_STEP : 
 0.000000
THREAD_TAB_RANGE : 
 20000000
DONE

RESULTS 
TAB_SIZE,N_THREADS,N_BUCKETS_IN_THREAD,time_fill_tab,time_bucketing,time_bucket_merging,time_sort,time_rewriting,time_all
100000000,5,5000000,0.254551,3.19832,1.94803,4.19702,0.78456,8.43445
TAB_SIZE : 
 100000000 
N_THREADS : 
 6 
N_BUCKETS_IN_THREAD : 
 5000000 
BUCKET_RANGE_STEP : 
 0.000000
THREAD_TAB_RANGE : 
 16666666
DONE

RESULTS 
TAB_SIZE,N_THREADS,N_BUCKETS_IN_THREAD,time_fill_tab,time_bucketing,time_bucket_merging,time_sort,time_rewriting,time_all
100000000,6,5000000,0.20385,2.55781,2.1005,3.88842,0.681701,7.33178
TAB_SIZE : 
 100000000 
N_THREADS : 
 7 
N_BUCKETS_IN_THREAD : 
 5000000 
BUCKET_RANGE_STEP : 
 0.000000
THREAD_TAB_RANGE : 
 14285714
DONE

RESULTS 
TAB_SIZE,N_THREADS,N_BUCKETS_IN_THREAD,time_fill_tab,time_bucketing,time_bucket_merging,time_sort,time_rewriting,time_all
100000000,7,5000000,0.178491,2.25628,2.09427,3.62488,0.582835,6.64249
TAB_SIZE : 
 100000000 
N_THREADS : 
 8 
N_BUCKETS_IN_THREAD : 
 5000000 
BUCKET_RANGE_STEP : 
 0.000000
THREAD_TAB_RANGE : 
 12500000
DONE

RESULTS 
TAB_SIZE,N_THREADS,N_BUCKETS_IN_THREAD,time_fill_tab,time_bucketing,time_bucket_merging,time_sort,time_rewriting,time_all
100000000,8,5000000,0.157183,2.84693,2.35415,3.79906,0.615166,7.41835
TAB_SIZE : 
 100000000 
N_THREADS : 
 1 
N_BUCKETS_IN_THREAD : 
 5000000 
BUCKET_RANGE_STEP : 
 0.000000
THREAD_TAB_RANGE : 
 100000000
DONE

RESULTS 
TAB_SIZE,N_THREADS,N_BUCKETS_IN_THREAD,time_fill_tab,time_bucketing,time_bucket_merging,time_sort,time_rewriting,time_all
100000000,1,5000000,1.09501,16.2464,2.40863,13.2202,2.72109,33.2826
TAB_SIZE : 
 100000000 
N_THREADS : 
 2 
N_BUCKETS_IN_THREAD : 
 5000000 
BUCKET_RANGE_STEP : 
 0.000000
THREAD_TAB_RANGE : 
 50000000
DONE

RESULTS 
TAB_SIZE,N_THREADS,N_BUCKETS_IN_THREAD,time_fill_tab,time_bucketing,time_bucket_merging,time_sort,time_rewriting,time_all
100000000,2,5000000,0.539117,7.72107,2.13191,7.58159,1.51337,17.3551
TAB_SIZE : 
 100000000 
N_THREADS : 
 3 
N_BUCKETS_IN_THREAD : 
 5000000 
BUCKET_RANGE_STEP : 
 0.000000
THREAD_TAB_RANGE : 
 33333333
DONE

RESULTS 
TAB_SIZE,N_THREADS,N_BUCKETS_IN_THREAD,time_fill_tab,time_bucketing,time_bucket_merging,time_sort,time_rewriting,time_all
100000000,3,5000000,0.368024,5.55556,2.06611,5.86217,1.02119,12.8069
TAB_SIZE : 
 100000000 
N_THREADS : 
 4 
N_BUCKETS_IN_THREAD : 
 5000000 
BUCKET_RANGE_STEP : 
 0.000000
THREAD_TAB_RANGE : 
 25000000
DONE

RESULTS 
TAB_SIZE,N_THREADS,N_BUCKETS_IN_THREAD,time_fill_tab,time_bucketing,time_bucket_merging,time_sort,time_rewriting,time_all
100000000,4,5000000,0.282936,4.06254,2.01133,4.94979,0.908265,10.2035
TAB_SIZE : 
 100000000 
N_THREADS : 
 5 
N_BUCKETS_IN_THREAD : 
 5000000 
BUCKET_RANGE_STEP : 
 0.000000
THREAD_TAB_RANGE : 
 20000000
DONE

RESULTS 
TAB_SIZE,N_THREADS,N_BUCKETS_IN_THREAD,time_fill_tab,time_bucketing,time_bucket_merging,time_sort,time_rewriting,time_all
100000000,5,5000000,0.230164,3.27475,1.96199,4.27905,0.860011,8.64397
TAB_SIZE : 
 100000000 
N_THREADS : 
 6 
N_BUCKETS_IN_THREAD : 
 5000000 
BUCKET_RANGE_STEP : 
 0.000000
THREAD_TAB_RANGE : 
 16666666
DONE

RESULTS 
TAB_SIZE,N_THREADS,N_BUCKETS_IN_THREAD,time_fill_tab,time_bucketing,time_bucket_merging,time_sort,time_rewriting,time_all
100000000,6,5000000,0.209489,2.3499,2.0559,3.64773,0.646431,6.85355
TAB_SIZE : 
 100000000 
N_THREADS : 
 7 
N_BUCKETS_IN_THREAD : 
 5000000 
BUCKET_RANGE_STEP : 
 0.000000
THREAD_TAB_RANGE : 
 14285714
DONE

RESULTS 
TAB_SIZE,N_THREADS,N_BUCKETS_IN_THREAD,time_fill_tab,time_bucketing,time_bucket_merging,time_sort,time_rewriting,time_all
100000000,7,5000000,0.179065,2.43627,2.174,3.5596,0.603861,6.7788
TAB_SIZE : 
 100000000 
N_THREADS : 
 8 
N_BUCKETS_IN_THREAD : 
 5000000 
BUCKET_RANGE_STEP : 
 0.000000
THREAD_TAB_RANGE : 
 12500000
DONE

RESULTS 
TAB_SIZE,N_THREADS,N_BUCKETS_IN_THREAD,time_fill_tab,time_bucketing,time_bucket_merging,time_sort,time_rewriting,time_all
100000000,8,5000000,0.158291,2.31882,2.26788,3.42753,0.559711,6.46435
TAB_SIZE : 
 100000000 
N_THREADS : 
 1 
N_BUCKETS_IN_THREAD : 
 5000000 
BUCKET_RANGE_STEP : 
 0.000000
THREAD_TAB_RANGE : 
 100000000
DONE

RESULTS 
TAB_SIZE,N_THREADS,N_BUCKETS_IN_THREAD,time_fill_tab,time_bucketing,time_bucket_merging,time_sort,time_rewriting,time_all
100000000,1,5000000,1.12942,15.3917,2.19559,12.4355,2.40983,31.3665
TAB_SIZE : 
 100000000 
N_THREADS : 
 2 
N_BUCKETS_IN_THREAD : 
 5000000 
BUCKET_RANGE_STEP : 
 0.000000
THREAD_TAB_RANGE : 
 50000000
DONE

RESULTS 
TAB_SIZE,N_THREADS,N_BUCKETS_IN_THREAD,time_fill_tab,time_bucketing,time_bucket_merging,time_sort,time_rewriting,time_all
100000000,2,5000000,0.564431,8.1855,2.08997,7.3662,1.28985,17.406
TAB_SIZE : 
 100000000 
N_THREADS : 
 3 
N_BUCKETS_IN_THREAD : 
 5000000 
BUCKET_RANGE_STEP : 
 0.000000
THREAD_TAB_RANGE : 
 33333333
DONE

RESULTS 
TAB_SIZE,N_THREADS,N_BUCKETS_IN_THREAD,time_fill_tab,time_bucketing,time_bucket_merging,time_sort,time_rewriting,time_all
100000000,3,5000000,0.364756,5.19801,1.94908,5.80329,0.980228,12.3463
TAB_SIZE : 
 100000000 
N_THREADS : 
 4 
N_BUCKETS_IN_THREAD : 
 5000000 
BUCKET_RANGE_STEP : 
 0.000000
THREAD_TAB_RANGE : 
 25000000
DONE

RESULTS 
TAB_SIZE,N_THREADS,N_BUCKETS_IN_THREAD,time_fill_tab,time_bucketing,time_bucket_merging,time_sort,time_rewriting,time_all
100000000,4,5000000,0.291184,4.11226,2.12612,4.60839,0.762434,9.77427
TAB_SIZE : 
 100000000 
N_THREADS : 
 5 
N_BUCKETS_IN_THREAD : 
 5000000 
BUCKET_RANGE_STEP : 
 0.000000
THREAD_TAB_RANGE : 
 20000000
DONE

RESULTS 
TAB_SIZE,N_THREADS,N_BUCKETS_IN_THREAD,time_fill_tab,time_bucketing,time_bucket_merging,time_sort,time_rewriting,time_all
100000000,5,5000000,0.240585,3.32841,2.02347,4.30257,0.835954,8.70752
TAB_SIZE : 
 100000000 
N_THREADS : 
 6 
N_BUCKETS_IN_THREAD : 
 5000000 
BUCKET_RANGE_STEP : 
 0.000000
THREAD_TAB_RANGE : 
 16666666
DONE

RESULTS 
TAB_SIZE,N_THREADS,N_BUCKETS_IN_THREAD,time_fill_tab,time_bucketing,time_bucket_merging,time_sort,time_rewriting,time_all
100000000,6,5000000,0.218291,2.60564,1.98787,3.86871,0.71396,7.4066
TAB_SIZE : 
 100000000 
N_THREADS : 
 7 
N_BUCKETS_IN_THREAD : 
 5000000 
BUCKET_RANGE_STEP : 
 0.000000
THREAD_TAB_RANGE : 
 14285714
DONE

RESULTS 
TAB_SIZE,N_THREADS,N_BUCKETS_IN_THREAD,time_fill_tab,time_bucketing,time_bucket_merging,time_sort,time_rewriting,time_all
100000000,7,5000000,0.181623,2.58803,2.06626,3.61878,0.672222,7.06065
TAB_SIZE : 
 100000000 
N_THREADS : 
 8 
N_BUCKETS_IN_THREAD : 
 5000000 
BUCKET_RANGE_STEP : 
 0.000000
THREAD_TAB_RANGE : 
 12500000
DONE

RESULTS 
TAB_SIZE,N_THREADS,N_BUCKETS_IN_THREAD,time_fill_tab,time_bucketing,time_bucket_merging,time_sort,time_rewriting,time_all
100000000,8,5000000,0.15842,3.55888,2.02986,3.50401,0.540608,7.76192
TAB_SIZE : 
 100000000 
N_THREADS : 
 1 
N_BUCKETS_IN_THREAD : 
 5000000 
BUCKET_RANGE_STEP : 
 0.000000
THREAD_TAB_RANGE : 
 100000000
DONE

RESULTS 
TAB_SIZE,N_THREADS,N_BUCKETS_IN_THREAD,time_fill_tab,time_bucketing,time_bucket_merging,time_sort,time_rewriting,time_all
100000000,1,5000000,1.12716,16.4095,2.4035,13.1722,2.25129,32.9601
TAB_SIZE : 
 100000000 
N_THREADS : 
 2 
N_BUCKETS_IN_THREAD : 
 5000000 
BUCKET_RANGE_STEP : 
 0.000000
THREAD_TAB_RANGE : 
 50000000
DONE

RESULTS 
TAB_SIZE,N_THREADS,N_BUCKETS_IN_THREAD,time_fill_tab,time_bucketing,time_bucket_merging,time_sort,time_rewriting,time_all
100000000,2,5000000,0.52844,7.44068,2.03825,5.0598,1.04971,14.0786
TAB_SIZE : 
 100000000 
N_THREADS : 
 3 
N_BUCKETS_IN_THREAD : 
 5000000 
BUCKET_RANGE_STEP : 
 0.000000
THREAD_TAB_RANGE : 
 33333333
DONE

RESULTS 
TAB_SIZE,N_THREADS,N_BUCKETS_IN_THREAD,time_fill_tab,time_bucketing,time_bucket_merging,time_sort,time_rewriting,time_all
100000000,3,5000000,0.365386,5.19699,2.10882,5.78454,1.3361,12.683
TAB_SIZE : 
 100000000 
N_THREADS : 
 4 
N_BUCKETS_IN_THREAD : 
 5000000 
BUCKET_RANGE_STEP : 
 0.000000
THREAD_TAB_RANGE : 
 25000000
DONE

RESULTS 
TAB_SIZE,N_THREADS,N_BUCKETS_IN_THREAD,time_fill_tab,time_bucketing,time_bucket_merging,time_sort,time_rewriting,time_all
100000000,4,5000000,0.284556,3.9171,1.93237,4.87688,1.15478,10.2333
TAB_SIZE : 
 100000000 
N_THREADS : 
 5 
N_BUCKETS_IN_THREAD : 
 5000000 
BUCKET_RANGE_STEP : 
 0.000000
THREAD_TAB_RANGE : 
 20000000
DONE

RESULTS 
TAB_SIZE,N_THREADS,N_BUCKETS_IN_THREAD,time_fill_tab,time_bucketing,time_bucket_merging,time_sort,time_rewriting,time_all
100000000,5,5000000,0.255165,4.21328,2.2733,4.47767,0.783433,9.72955
TAB_SIZE : 
 100000000 
N_THREADS : 
 6 
N_BUCKETS_IN_THREAD : 
 5000000 
BUCKET_RANGE_STEP : 
 0.000000
THREAD_TAB_RANGE : 
 16666666
DONE

RESULTS 
TAB_SIZE,N_THREADS,N_BUCKETS_IN_THREAD,time_fill_tab,time_bucketing,time_bucket_merging,time_sort,time_rewriting,time_all
100000000,6,5000000,0.201699,2.60308,2.02406,3.96307,0.662236,7.43008
TAB_SIZE : 
 100000000 
N_THREADS : 
 7 
N_BUCKETS_IN_THREAD : 
 5000000 
BUCKET_RANGE_STEP : 
 0.000000
THREAD_TAB_RANGE : 
 14285714
DONE

RESULTS 
TAB_SIZE,N_THREADS,N_BUCKETS_IN_THREAD,time_fill_tab,time_bucketing,time_bucket_merging,time_sort,time_rewriting,time_all
100000000,7,5000000,0.18346,2.42235,2.20337,3.83534,0.57315,7.01429
TAB_SIZE : 
 100000000 
N_THREADS : 
 8 
N_BUCKETS_IN_THREAD : 
 5000000 
BUCKET_RANGE_STEP : 
 0.000000
THREAD_TAB_RANGE : 
 12500000
DONE

RESULTS 
TAB_SIZE,N_THREADS,N_BUCKETS_IN_THREAD,time_fill_tab,time_bucketing,time_bucket_merging,time_sort,time_rewriting,time_all
100000000,8,5000000,0.157122,2.69227,2.40587,3.87434,0.519473,7.2432
TAB_SIZE : 
 100000000 
N_THREADS : 
 1 
N_BUCKETS_IN_THREAD : 
 5000000 
BUCKET_RANGE_STEP : 
 0.000000
THREAD_TAB_RANGE : 
 100000000
DONE

RESULTS 
TAB_SIZE,N_THREADS,N_BUCKETS_IN_THREAD,time_fill_tab,time_bucketing,time_bucket_merging,time_sort,time_rewriting,time_all
100000000,1,5000000,0.995875,14.7343,2.2419,10.4416,2.67882,28.8506
TAB_SIZE : 
 100000000 
N_THREADS : 
 2 
N_BUCKETS_IN_THREAD : 
 5000000 
BUCKET_RANGE_STEP : 
 0.000000
THREAD_TAB_RANGE : 
 50000000
DONE

RESULTS 
TAB_SIZE,N_THREADS,N_BUCKETS_IN_THREAD,time_fill_tab,time_bucketing,time_bucket_merging,time_sort,time_rewriting,time_all
100000000,2,5000000,0.500235,7.12959,1.87628,6.97335,1.30437,15.9075
TAB_SIZE : 
 100000000 
N_THREADS : 
 3 
N_BUCKETS_IN_THREAD : 
 5000000 
BUCKET_RANGE_STEP : 
 0.000000
THREAD_TAB_RANGE : 
 33333333
DONE

RESULTS 
TAB_SIZE,N_THREADS,N_BUCKETS_IN_THREAD,time_fill_tab,time_bucketing,time_bucket_merging,time_sort,time_rewriting,time_all
100000000,3,5000000,0.35373,4.84076,1.87934,5.5461,0.928608,11.6692
TAB_SIZE : 
 100000000 
N_THREADS : 
 4 
N_BUCKETS_IN_THREAD : 
 5000000 
BUCKET_RANGE_STEP : 
 0.000000
THREAD_TAB_RANGE : 
 25000000
DONE

RESULTS 
TAB_SIZE,N_THREADS,N_BUCKETS_IN_THREAD,time_fill_tab,time_bucketing,time_bucket_merging,time_sort,time_rewriting,time_all
100000000,4,5000000,0.274978,3.95962,1.90626,4.72268,0.812241,9.76952
TAB_SIZE : 
 100000000 
N_THREADS : 
 5 
N_BUCKETS_IN_THREAD : 
 5000000 
BUCKET_RANGE_STEP : 
 0.000000
THREAD_TAB_RANGE : 
 20000000
DONE

RESULTS 
TAB_SIZE,N_THREADS,N_BUCKETS_IN_THREAD,time_fill_tab,time_bucketing,time_bucket_merging,time_sort,time_rewriting,time_all
100000000,5,5000000,0.227797,3.27702,2.01173,3.9564,0.855567,8.31679
TAB_SIZE : 
 100000000 
N_THREADS : 
 6 
N_BUCKETS_IN_THREAD : 
 5000000 
BUCKET_RANGE_STEP : 
 0.000000
THREAD_TAB_RANGE : 
 16666666
DONE

RESULTS 
TAB_SIZE,N_THREADS,N_BUCKETS_IN_THREAD,time_fill_tab,time_bucketing,time_bucket_merging,time_sort,time_rewriting,time_all
100000000,6,5000000,0.191475,3.04763,2.1164,4.01262,0.749517,8.00124
TAB_SIZE : 
 100000000 
N_THREADS : 
 7 
N_BUCKETS_IN_THREAD : 
 5000000 
BUCKET_RANGE_STEP : 
 0.000000
THREAD_TAB_RANGE : 
 14285714
DONE

RESULTS 
TAB_SIZE,N_THREADS,N_BUCKETS_IN_THREAD,time_fill_tab,time_bucketing,time_bucket_merging,time_sort,time_rewriting,time_all
100000000,7,5000000,0.1734,2.5056,2.05222,3.43293,0.583822,6.69575
TAB_SIZE : 
 100000000 
N_THREADS : 
 8 
N_BUCKETS_IN_THREAD : 
 5000000 
BUCKET_RANGE_STEP : 
 0.000000
THREAD_TAB_RANGE : 
 12500000
DONE

RESULTS 
TAB_SIZE,N_THREADS,N_BUCKETS_IN_THREAD,time_fill_tab,time_bucketing,time_bucket_merging,time_sort,time_rewriting,time_all
100000000,8,5000000,0.159217,2.58424,2.22676,3.67026,0.459774,6.8735
