max bucket size 60
DONE

RESULTS 
TAB_SIZE,N_THREADS,N_BUCKETS_IN_THREAD,time_fill_tab,time_bucketing,time_sort,time_rewriting,time_all
1000000000,1,80000000,10.0031,226.328,64.6416,27.3516,328.325
max bucket size 60
max bucket size 60
DONE

RESULTS 
TAB_SIZE,N_THREADS,N_BUCKETS_IN_THREAD,time_fill_tab,time_bucketing,time_sort,time_rewriting,time_all
1000000000,2,40000000,5.37186,147.341,34.7104,13.713,201.136
max bucket size 60
max bucket size 60
max bucket size 60
DONE

RESULTS 
TAB_SIZE,N_THREADS,N_BUCKETS_IN_THREAD,time_fill_tab,time_bucketing,time_sort,time_rewriting,time_all
1000000000,3,26666600,3.82527,116.108,24.9488,9.86456,154.746
max bucket size 31
max bucket size 30
max bucket size 30
max bucket size 31
DONE

RESULTS 
TAB_SIZE,N_THREADS,N_BUCKETS_IN_THREAD,time_fill_tab,time_bucketing,time_sort,time_rewriting,time_all
1000000000,4,20000000,2.90927,121.656,23.5177,9.1499,157.233
max bucket size 31
max bucket size 32
max bucket size 31
max bucket size 30
max bucket size 31
DONE

RESULTS 
TAB_SIZE,N_THREADS,N_BUCKETS_IN_THREAD,time_fill_tab,time_bucketing,time_sort,time_rewriting,time_all
1000000000,5,16000000,2.398,106.68,21.0773,10.0926,140.248
max bucket size 120
max bucket size 120
max bucket size 120
max bucket size 120
max bucket size 120
max bucket size 120
DONE

RESULTS 
TAB_SIZE,N_THREADS,N_BUCKETS_IN_THREAD,time_fill_tab,time_bucketing,time_sort,time_rewriting,time_all
1000000000,6,13333300,2.11625,57.0217,17.2082,4.36782,80.7139
max bucket size 48
max bucket size 44
max bucket size 45
max bucket size 47
max bucket size 32
max bucket size 32
max bucket size 32
DONE

RESULTS 
TAB_SIZE,N_THREADS,N_BUCKETS_IN_THREAD,time_fill_tab,time_bucketing,time_sort,time_rewriting,time_all
1000000000,7,11428500,1.80618,65.4259,13.9578,7.03808,88.2279
max bucket size 31
max bucket size 31
max bucket size 31
max bucket size 31
max bucket size 31
max bucket size 31
max bucket size 31
max bucket size 31
DONE

RESULTS 
TAB_SIZE,N_THREADS,N_BUCKETS_IN_THREAD,time_fill_tab,time_bucketing,time_sort,time_rewriting,time_all
1000000000,8,10000000,1.5864,67.5494,8.57606,6.3166,84.0285
