TAB_SIZE : 
 100000000 
N_THREADS : 
 1 
N_BUCKETS_IN_THREAD : 
 5000000 
BUCKET_RANGE_STEP : 
 0.000000
THREAD_TAB_RANGE : 
 100000000
DONE

RESULTS 
TAB_SIZE,N_THREADS,N_BUCKETS_IN_THREAD,time_fill_tab,time_bucketing,time_bucket_merging,time_sort,time_rewriting,time_all
100000000,1,5000000,1.14344,22.06,2.41031,11.1281,2.91889,39.6608
TAB_SIZE : 
 100000000 
N_THREADS : 
 2 
N_BUCKETS_IN_THREAD : 
 5000000 
BUCKET_RANGE_STEP : 
 0.000000
THREAD_TAB_RANGE : 
 50000000
DONE

RESULTS 
TAB_SIZE,N_THREADS,N_BUCKETS_IN_THREAD,time_fill_tab,time_bucketing,time_bucket_merging,time_sort,time_rewriting,time_all
100000000,2,5000000,0.57366,7.01034,2.09392,5.73956,1.65832,17.0758
TAB_SIZE : 
 100000000 
N_THREADS : 
 3 
N_BUCKETS_IN_THREAD : 
 5000000 
BUCKET_RANGE_STEP : 
 0.000000
THREAD_TAB_RANGE : 
 33333333
DONE

RESULTS 
TAB_SIZE,N_THREADS,N_BUCKETS_IN_THREAD,time_fill_tab,time_bucketing,time_bucket_merging,time_sort,time_rewriting,time_all
100000000,3,5000000,0.407964,5.77346,2.1607,3.89164,1.10222,13.336
TAB_SIZE : 
 100000000 
N_THREADS : 
 4 
N_BUCKETS_IN_THREAD : 
 5000000 
BUCKET_RANGE_STEP : 
 0.000000
THREAD_TAB_RANGE : 
 25000000
DONE

RESULTS 
TAB_SIZE,N_THREADS,N_BUCKETS_IN_THREAD,time_fill_tab,time_bucketing,time_bucket_merging,time_sort,time_rewriting,time_all
100000000,4,5000000,0.313931,3.78349,2.02182,3.01045,1.22873,10.3584
TAB_SIZE : 
 100000000 
N_THREADS : 
 5 
N_BUCKETS_IN_THREAD : 
 5000000 
BUCKET_RANGE_STEP : 
 0.000000
THREAD_TAB_RANGE : 
 20000000
DONE

RESULTS 
TAB_SIZE,N_THREADS,N_BUCKETS_IN_THREAD,time_fill_tab,time_bucketing,time_bucket_merging,time_sort,time_rewriting,time_all
100000000,5,5000000,0.253244,3.55095,2.16748,2.44891,0.851529,9.27211
TAB_SIZE : 
 100000000 
N_THREADS : 
 6 
N_BUCKETS_IN_THREAD : 
 5000000 
BUCKET_RANGE_STEP : 
 0.000000
THREAD_TAB_RANGE : 
 16666666
DONE

RESULTS 
TAB_SIZE,N_THREADS,N_BUCKETS_IN_THREAD,time_fill_tab,time_bucketing,time_bucket_merging,time_sort,time_rewriting,time_all
100000000,6,5000000,0.207577,2.43083,2.15335,1.55361,0.668298,7.01366
TAB_SIZE : 
 100000000 
N_THREADS : 
 7 
N_BUCKETS_IN_THREAD : 
 5000000 
BUCKET_RANGE_STEP : 
 0.000000
THREAD_TAB_RANGE : 
 14285714
DONE

RESULTS 
TAB_SIZE,N_THREADS,N_BUCKETS_IN_THREAD,time_fill_tab,time_bucketing,time_bucket_merging,time_sort,time_rewriting,time_all
100000000,7,5000000,0.180761,2.48044,2.08439,1.32903,0.563544,6.63817
TAB_SIZE : 
 100000000 
N_THREADS : 
 8 
N_BUCKETS_IN_THREAD : 
 5000000 
BUCKET_RANGE_STEP : 
 0.000000
THREAD_TAB_RANGE : 
 12500000
DONE

RESULTS 
TAB_SIZE,N_THREADS,N_BUCKETS_IN_THREAD,time_fill_tab,time_bucketing,time_bucket_merging,time_sort,time_rewriting,time_all
100000000,8,5000000,0.156509,2.31665,2.2787,1.39973,0.473248,6.62483
TAB_SIZE : 
 100000000 
N_THREADS : 
 1 
N_BUCKETS_IN_THREAD : 
 5000000 
BUCKET_RANGE_STEP : 
 0.000000
THREAD_TAB_RANGE : 
 100000000
DONE

RESULTS 
TAB_SIZE,N_THREADS,N_BUCKETS_IN_THREAD,time_fill_tab,time_bucketing,time_bucket_merging,time_sort,time_rewriting,time_all
100000000,1,5000000,1.12501,19.8806,2.56157,11.1906,2.80174,37.5596
TAB_SIZE : 
 100000000 
N_THREADS : 
 2 
N_BUCKETS_IN_THREAD : 
 5000000 
BUCKET_RANGE_STEP : 
 0.000000
THREAD_TAB_RANGE : 
 50000000
DONE

RESULTS 
TAB_SIZE,N_THREADS,N_BUCKETS_IN_THREAD,time_fill_tab,time_bucketing,time_bucket_merging,time_sort,time_rewriting,time_all
100000000,2,5000000,0.602047,6.88464,2.14496,4.56895,1.74431,15.9449
TAB_SIZE : 
 100000000 
N_THREADS : 
 3 
N_BUCKETS_IN_THREAD : 
 5000000 
BUCKET_RANGE_STEP : 
 0.000000
THREAD_TAB_RANGE : 
 33333333
DONE

RESULTS 
TAB_SIZE,N_THREADS,N_BUCKETS_IN_THREAD,time_fill_tab,time_bucketing,time_bucket_merging,time_sort,time_rewriting,time_all
100000000,3,5000000,0.399777,5.90431,1.99777,3.80567,1.03229,13.1398
TAB_SIZE : 
 100000000 
N_THREADS : 
 4 
N_BUCKETS_IN_THREAD : 
 5000000 
BUCKET_RANGE_STEP : 
 0.000000
THREAD_TAB_RANGE : 
 25000000
DONE

RESULTS 
TAB_SIZE,N_THREADS,N_BUCKETS_IN_THREAD,time_fill_tab,time_bucketing,time_bucket_merging,time_sort,time_rewriting,time_all
100000000,4,5000000,0.293931,4.34406,2.53945,3.07477,1.26473,11.5169
TAB_SIZE : 
 100000000 
N_THREADS : 
 5 
N_BUCKETS_IN_THREAD : 
 5000000 
BUCKET_RANGE_STEP : 
 0.000000
THREAD_TAB_RANGE : 
 20000000
DONE

RESULTS 
TAB_SIZE,N_THREADS,N_BUCKETS_IN_THREAD,time_fill_tab,time_bucketing,time_bucket_merging,time_sort,time_rewriting,time_all
100000000,5,5000000,0.250554,3.11891,2.15201,2.04465,0.784629,8.35075
TAB_SIZE : 
 100000000 
N_THREADS : 
 6 
N_BUCKETS_IN_THREAD : 
 5000000 
BUCKET_RANGE_STEP : 
 0.000000
THREAD_TAB_RANGE : 
 16666666
DONE

RESULTS 
TAB_SIZE,N_THREADS,N_BUCKETS_IN_THREAD,time_fill_tab,time_bucketing,time_bucket_merging,time_sort,time_rewriting,time_all
100000000,6,5000000,0.204066,2.65427,2.02027,1.94304,0.674581,7.49623
TAB_SIZE : 
 100000000 
N_THREADS : 
 7 
N_BUCKETS_IN_THREAD : 
 5000000 
BUCKET_RANGE_STEP : 
 0.000000
THREAD_TAB_RANGE : 
 14285714
DONE

RESULTS 
TAB_SIZE,N_THREADS,N_BUCKETS_IN_THREAD,time_fill_tab,time_bucketing,time_bucket_merging,time_sort,time_rewriting,time_all
100000000,7,5000000,0.179124,2.32561,2.07804,1.6152,0.521365,6.71934
TAB_SIZE : 
 100000000 
N_THREADS : 
 8 
N_BUCKETS_IN_THREAD : 
 5000000 
BUCKET_RANGE_STEP : 
 0.000000
THREAD_TAB_RANGE : 
 12500000
DONE

RESULTS 
TAB_SIZE,N_THREADS,N_BUCKETS_IN_THREAD,time_fill_tab,time_bucketing,time_bucket_merging,time_sort,time_rewriting,time_all
100000000,8,5000000,0.15719,2.81518,2.20967,1.43544,0.481628,7.09911
TAB_SIZE : 
 100000000 
N_THREADS : 
 1 
N_BUCKETS_IN_THREAD : 
 5000000 
BUCKET_RANGE_STEP : 
 0.000000
THREAD_TAB_RANGE : 
 100000000
DONE

RESULTS 
TAB_SIZE,N_THREADS,N_BUCKETS_IN_THREAD,time_fill_tab,time_bucketing,time_bucket_merging,time_sort,time_rewriting,time_all
100000000,1,5000000,1.09856,19.6924,2.75415,11.0753,2.92633,37.5467
TAB_SIZE : 
 100000000 
N_THREADS : 
 2 
N_BUCKETS_IN_THREAD : 
 5000000 
BUCKET_RANGE_STEP : 
 0.000000
THREAD_TAB_RANGE : 
 50000000
DONE

RESULTS 
TAB_SIZE,N_THREADS,N_BUCKETS_IN_THREAD,time_fill_tab,time_bucketing,time_bucket_merging,time_sort,time_rewriting,time_all
100000000,2,5000000,0.607832,6.98762,2.12248,5.76651,1.65335,17.1378
TAB_SIZE : 
 100000000 
N_THREADS : 
 3 
N_BUCKETS_IN_THREAD : 
 5000000 
BUCKET_RANGE_STEP : 
 0.000000
THREAD_TAB_RANGE : 
 33333333
DONE

RESULTS 
TAB_SIZE,N_THREADS,N_BUCKETS_IN_THREAD,time_fill_tab,time_bucketing,time_bucket_merging,time_sort,time_rewriting,time_all
100000000,3,5000000,0.406193,5.82817,2.51518,4.007,1.36715,14.1237
TAB_SIZE : 
 100000000 
N_THREADS : 
 4 
N_BUCKETS_IN_THREAD : 
 5000000 
BUCKET_RANGE_STEP : 
 0.000000
THREAD_TAB_RANGE : 
 25000000
DONE

RESULTS 
TAB_SIZE,N_THREADS,N_BUCKETS_IN_THREAD,time_fill_tab,time_bucketing,time_bucket_merging,time_sort,time_rewriting,time_all
100000000,4,5000000,0.294933,3.69074,1.97931,2.86192,0.976898,9.8038
TAB_SIZE : 
 100000000 
N_THREADS : 
 5 
N_BUCKETS_IN_THREAD : 
 5000000 
BUCKET_RANGE_STEP : 
 0.000000
THREAD_TAB_RANGE : 
 20000000
DONE

RESULTS 
TAB_SIZE,N_THREADS,N_BUCKETS_IN_THREAD,time_fill_tab,time_bucketing,time_bucket_merging,time_sort,time_rewriting,time_all
100000000,5,5000000,0.252635,3.50371,1.95575,2.36005,0.816059,8.88821
TAB_SIZE : 
 100000000 
N_THREADS : 
 6 
N_BUCKETS_IN_THREAD : 
 5000000 
BUCKET_RANGE_STEP : 
 0.000000
THREAD_TAB_RANGE : 
 16666666
DONE

RESULTS 
TAB_SIZE,N_THREADS,N_BUCKETS_IN_THREAD,time_fill_tab,time_bucketing,time_bucket_merging,time_sort,time_rewriting,time_all
100000000,6,5000000,0.208279,3.08285,2.35115,2.16658,0.743572,8.55243
TAB_SIZE : 
 100000000 
N_THREADS : 
 7 
N_BUCKETS_IN_THREAD : 
 5000000 
BUCKET_RANGE_STEP : 
 0.000000
THREAD_TAB_RANGE : 
 14285714
DONE

RESULTS 
TAB_SIZE,N_THREADS,N_BUCKETS_IN_THREAD,time_fill_tab,time_bucketing,time_bucket_merging,time_sort,time_rewriting,time_all
100000000,7,5000000,0.181544,2.37602,2.30208,1.07481,0.554934,6.48939
TAB_SIZE : 
 100000000 
N_THREADS : 
 8 
N_BUCKETS_IN_THREAD : 
 5000000 
BUCKET_RANGE_STEP : 
 0.000000
THREAD_TAB_RANGE : 
 12500000
DONE

RESULTS 
TAB_SIZE,N_THREADS,N_BUCKETS_IN_THREAD,time_fill_tab,time_bucketing,time_bucket_merging,time_sort,time_rewriting,time_all
100000000,8,5000000,0.157402,2.33508,2.23627,1.4419,0.48742,6.65807
TAB_SIZE : 
 100000000 
N_THREADS : 
 1 
N_BUCKETS_IN_THREAD : 
 5000000 
BUCKET_RANGE_STEP : 
 0.000000
THREAD_TAB_RANGE : 
 100000000
DONE

RESULTS 
TAB_SIZE,N_THREADS,N_BUCKETS_IN_THREAD,time_fill_tab,time_bucketing,time_bucket_merging,time_sort,time_rewriting,time_all
100000000,1,5000000,1.13234,18.9278,2.48029,10.8733,2.93111,36.3449
TAB_SIZE : 
 100000000 
N_THREADS : 
 2 
N_BUCKETS_IN_THREAD : 
 5000000 
BUCKET_RANGE_STEP : 
 0.000000
THREAD_TAB_RANGE : 
 50000000
DONE

RESULTS 
TAB_SIZE,N_THREADS,N_BUCKETS_IN_THREAD,time_fill_tab,time_bucketing,time_bucket_merging,time_sort,time_rewriting,time_all
100000000,2,5000000,0.586256,7.5345,2.11213,6.13442,1.96157,18.3289
TAB_SIZE : 
 100000000 
N_THREADS : 
 3 
N_BUCKETS_IN_THREAD : 
 5000000 
BUCKET_RANGE_STEP : 
 0.000000
THREAD_TAB_RANGE : 
 33333333
DONE

RESULTS 
TAB_SIZE,N_THREADS,N_BUCKETS_IN_THREAD,time_fill_tab,time_bucketing,time_bucket_merging,time_sort,time_rewriting,time_all
100000000,3,5000000,0.416535,4.85161,2.13912,3.05106,1.15887,11.6172
TAB_SIZE : 
 100000000 
N_THREADS : 
 4 
N_BUCKETS_IN_THREAD : 
 5000000 
BUCKET_RANGE_STEP : 
 0.000000
THREAD_TAB_RANGE : 
 25000000
DONE

RESULTS 
TAB_SIZE,N_THREADS,N_BUCKETS_IN_THREAD,time_fill_tab,time_bucketing,time_bucket_merging,time_sort,time_rewriting,time_all
100000000,4,5000000,0.312089,4.06467,2.49442,2.87822,0.866668,10.6161
TAB_SIZE : 
 100000000 
N_THREADS : 
 5 
N_BUCKETS_IN_THREAD : 
 5000000 
BUCKET_RANGE_STEP : 
 0.000000
THREAD_TAB_RANGE : 
 20000000
DONE

RESULTS 
TAB_SIZE,N_THREADS,N_BUCKETS_IN_THREAD,time_fill_tab,time_bucketing,time_bucket_merging,time_sort,time_rewriting,time_all
100000000,5,5000000,0.246423,3.64406,2.04844,2.35048,0.897521,9.18693
TAB_SIZE : 
 100000000 
N_THREADS : 
 6 
N_BUCKETS_IN_THREAD : 
 5000000 
BUCKET_RANGE_STEP : 
 0.000000
THREAD_TAB_RANGE : 
 16666666
DONE

RESULTS 
TAB_SIZE,N_THREADS,N_BUCKETS_IN_THREAD,time_fill_tab,time_bucketing,time_bucket_merging,time_sort,time_rewriting,time_all
100000000,6,5000000,0.207391,2.69063,2.01788,1.87588,0.725763,7.51754
TAB_SIZE : 
 100000000 
N_THREADS : 
 7 
N_BUCKETS_IN_THREAD : 
 5000000 
BUCKET_RANGE_STEP : 
 0.000000
THREAD_TAB_RANGE : 
 14285714
DONE

RESULTS 
TAB_SIZE,N_THREADS,N_BUCKETS_IN_THREAD,time_fill_tab,time_bucketing,time_bucket_merging,time_sort,time_rewriting,time_all
100000000,7,5000000,0.182058,2.2375,2.21797,1.68239,0.52349,6.84342
TAB_SIZE : 
 100000000 
N_THREADS : 
 8 
N_BUCKETS_IN_THREAD : 
 5000000 
BUCKET_RANGE_STEP : 
 0.000000
THREAD_TAB_RANGE : 
 12500000
DONE

RESULTS 
TAB_SIZE,N_THREADS,N_BUCKETS_IN_THREAD,time_fill_tab,time_bucketing,time_bucket_merging,time_sort,time_rewriting,time_all
100000000,8,5000000,0.164452,2.17046,2.39621,1.48979,0.573232,6.79415
TAB_SIZE : 
 100000000 
N_THREADS : 
 1 
N_BUCKETS_IN_THREAD : 
 5000000 
BUCKET_RANGE_STEP : 
 0.000000
THREAD_TAB_RANGE : 
 100000000
DONE

RESULTS 
TAB_SIZE,N_THREADS,N_BUCKETS_IN_THREAD,time_fill_tab,time_bucketing,time_bucket_merging,time_sort,time_rewriting,time_all
100000000,1,5000000,1.19549,19.8186,2.59331,10.2413,2.9538,36.8026
TAB_SIZE : 
 100000000 
N_THREADS : 
 2 
N_BUCKETS_IN_THREAD : 
 5000000 
BUCKET_RANGE_STEP : 
 0.000000
THREAD_TAB_RANGE : 
 50000000
DONE

RESULTS 
TAB_SIZE,N_THREADS,N_BUCKETS_IN_THREAD,time_fill_tab,time_bucketing,time_bucket_merging,time_sort,time_rewriting,time_all
100000000,2,5000000,0.587402,7.34112,2.30505,3.40937,1.3033,14.9462
TAB_SIZE : 
 100000000 
N_THREADS : 
 3 
N_BUCKETS_IN_THREAD : 
 5000000 
BUCKET_RANGE_STEP : 
 0.000000
THREAD_TAB_RANGE : 
 33333333
DONE

RESULTS 
TAB_SIZE,N_THREADS,N_BUCKETS_IN_THREAD,time_fill_tab,time_bucketing,time_bucket_merging,time_sort,time_rewriting,time_all
100000000,3,5000000,0.403434,6.88166,2.61347,3.75627,1.14981,14.8046
TAB_SIZE : 
 100000000 
N_THREADS : 
 4 
N_BUCKETS_IN_THREAD : 
 5000000 
BUCKET_RANGE_STEP : 
 0.000000
THREAD_TAB_RANGE : 
 25000000
DONE

RESULTS 
TAB_SIZE,N_THREADS,N_BUCKETS_IN_THREAD,time_fill_tab,time_bucketing,time_bucket_merging,time_sort,time_rewriting,time_all
100000000,4,5000000,0.299151,3.89717,2.18022,1.56442,0.963078,8.90403
TAB_SIZE : 
 100000000 
N_THREADS : 
 5 
N_BUCKETS_IN_THREAD : 
 5000000 
BUCKET_RANGE_STEP : 
 0.000000
THREAD_TAB_RANGE : 
 20000000
DONE

RESULTS 
TAB_SIZE,N_THREADS,N_BUCKETS_IN_THREAD,time_fill_tab,time_bucketing,time_bucket_merging,time_sort,time_rewriting,time_all
100000000,5,5000000,0.251661,3.57187,2.021,2.3298,0.887263,9.06159
TAB_SIZE : 
 100000000 
N_THREADS : 
 6 
N_BUCKETS_IN_THREAD : 
 5000000 
BUCKET_RANGE_STEP : 
 0.000000
THREAD_TAB_RANGE : 
 16666666
DONE

RESULTS 
TAB_SIZE,N_THREADS,N_BUCKETS_IN_THREAD,time_fill_tab,time_bucketing,time_bucket_merging,time_sort,time_rewriting,time_all
100000000,6,5000000,0.207822,2.45297,1.9766,1.94766,0.641429,7.22648
TAB_SIZE : 
 100000000 
N_THREADS : 
 7 
N_BUCKETS_IN_THREAD : 
 5000000 
BUCKET_RANGE_STEP : 
 0.000000
THREAD_TAB_RANGE : 
 14285714
DONE

RESULTS 
TAB_SIZE,N_THREADS,N_BUCKETS_IN_THREAD,time_fill_tab,time_bucketing,time_bucket_merging,time_sort,time_rewriting,time_all
100000000,7,5000000,0.179124,2.32554,1.94698,1.6348,0.5191,6.60554
TAB_SIZE : 
 100000000 
N_THREADS : 
 8 
N_BUCKETS_IN_THREAD : 
 5000000 
BUCKET_RANGE_STEP : 
 0.000000
THREAD_TAB_RANGE : 
 12500000
DONE

RESULTS 
TAB_SIZE,N_THREADS,N_BUCKETS_IN_THREAD,time_fill_tab,time_bucketing,time_bucket_merging,time_sort,time_rewriting,time_all
100000000,8,5000000,0.156266,2.51257,2.37757,1.36759,0.640507,7.05449
TAB_SIZE : 
 100000000 
N_THREADS : 
 1 
N_BUCKETS_IN_THREAD : 
 5000000 
BUCKET_RANGE_STEP : 
 0.000000
THREAD_TAB_RANGE : 
 100000000
DONE

RESULTS 
TAB_SIZE,N_THREADS,N_BUCKETS_IN_THREAD,time_fill_tab,time_bucketing,time_bucket_merging,time_sort,time_rewriting,time_all
100000000,1,5000000,1.12535,20.5848,3.03747,9.17472,3.37096,37.2933
TAB_SIZE : 
 100000000 
N_THREADS : 
 2 
N_BUCKETS_IN_THREAD : 
 5000000 
BUCKET_RANGE_STEP : 
 0.000000
THREAD_TAB_RANGE : 
 50000000
DONE

RESULTS 
TAB_SIZE,N_THREADS,N_BUCKETS_IN_THREAD,time_fill_tab,time_bucketing,time_bucket_merging,time_sort,time_rewriting,time_all
100000000,2,5000000,0.609183,7.31075,2.07207,5.4774,1.57385,17.0433
TAB_SIZE : 
 100000000 
N_THREADS : 
 3 
N_BUCKETS_IN_THREAD : 
 5000000 
BUCKET_RANGE_STEP : 
 0.000000
THREAD_TAB_RANGE : 
 33333333
DONE

RESULTS 
TAB_SIZE,N_THREADS,N_BUCKETS_IN_THREAD,time_fill_tab,time_bucketing,time_bucket_merging,time_sort,time_rewriting,time_all
100000000,3,5000000,0.406673,6.10054,2.17852,3.65598,1.68984,14.0316
TAB_SIZE : 
 100000000 
N_THREADS : 
 4 
N_BUCKETS_IN_THREAD : 
 5000000 
BUCKET_RANGE_STEP : 
 0.000000
THREAD_TAB_RANGE : 
 25000000
DONE

RESULTS 
TAB_SIZE,N_THREADS,N_BUCKETS_IN_THREAD,time_fill_tab,time_bucketing,time_bucket_merging,time_sort,time_rewriting,time_all
100000000,4,5000000,0.308272,3.7956,2.21559,2.81851,1.09125,10.2292
TAB_SIZE : 
 100000000 
N_THREADS : 
 5 
N_BUCKETS_IN_THREAD : 
 5000000 
BUCKET_RANGE_STEP : 
 0.000000
THREAD_TAB_RANGE : 
 20000000
DONE

RESULTS 
TAB_SIZE,N_THREADS,N_BUCKETS_IN_THREAD,time_fill_tab,time_bucketing,time_bucket_merging,time_sort,time_rewriting,time_all
100000000,5,5000000,0.255062,3.33999,2.26998,2.45196,0.760929,9.07791
TAB_SIZE : 
 100000000 
N_THREADS : 
 6 
N_BUCKETS_IN_THREAD : 
 5000000 
BUCKET_RANGE_STEP : 
 0.000000
THREAD_TAB_RANGE : 
 16666666
DONE

RESULTS 
TAB_SIZE,N_THREADS,N_BUCKETS_IN_THREAD,time_fill_tab,time_bucketing,time_bucket_merging,time_sort,time_rewriting,time_all
100000000,6,5000000,0.210645,2.4781,1.98461,1.66302,0.648302,6.98468
TAB_SIZE : 
 100000000 
N_THREADS : 
 7 
N_BUCKETS_IN_THREAD : 
 5000000 
BUCKET_RANGE_STEP : 
 0.000000
THREAD_TAB_RANGE : 
 14285714
DONE

RESULTS 
TAB_SIZE,N_THREADS,N_BUCKETS_IN_THREAD,time_fill_tab,time_bucketing,time_bucket_merging,time_sort,time_rewriting,time_all
100000000,7,5000000,0.180413,2.6656,2.21232,1.68662,0.582944,7.3279
TAB_SIZE : 
 100000000 
N_THREADS : 
 8 
N_BUCKETS_IN_THREAD : 
 5000000 
BUCKET_RANGE_STEP : 
 0.000000
THREAD_TAB_RANGE : 
 12500000
DONE

RESULTS 
TAB_SIZE,N_THREADS,N_BUCKETS_IN_THREAD,time_fill_tab,time_bucketing,time_bucket_merging,time_sort,time_rewriting,time_all
100000000,8,5000000,0.226615,2.98249,2.27077,1.61066,0.455746,7.54628
