max bucket size 60
DONE

RESULTS 
TAB_SIZE,N_THREADS,N_BUCKETS_IN_THREAD,time_fill_tab,time_bucketing,time_sort,time_rewriting,time_all
1000000000,1,80000000,9.97942,226.114,64.3717,28.8848,329.35
max bucket size 32
max bucket size 32
DONE

RESULTS 
TAB_SIZE,N_THREADS,N_BUCKETS_IN_THREAD,time_fill_tab,time_bucketing,time_sort,time_rewriting,time_all
1000000000,2,40000000,5.14894,146.167,30.1089,20.893,202.317
max bucket size 45
max bucket size 30
max bucket size 30
DONE

RESULTS 
TAB_SIZE,N_THREADS,N_BUCKETS_IN_THREAD,time_fill_tab,time_bucketing,time_sort,time_rewriting,time_all
1000000000,3,26666600,3.71357,141.697,22.7355,15.7253,183.872
max bucket size 32
max bucket size 32
max bucket size 32
max bucket size 32
DONE

RESULTS 
TAB_SIZE,N_THREADS,N_BUCKETS_IN_THREAD,time_fill_tab,time_bucketing,time_sort,time_rewriting,time_all
1000000000,4,20000000,3.12163,94.0883,17.2038,12.44,126.854
max bucket size 32
max bucket size 32
max bucket size 31
max bucket size 30
max bucket size 32
DONE

RESULTS 
TAB_SIZE,N_THREADS,N_BUCKETS_IN_THREAD,time_fill_tab,time_bucketing,time_sort,time_rewriting,time_all
1000000000,5,16000000,2.47214,82.4174,19.2551,9.53212,113.677
max bucket size 31
max bucket size 31
max bucket size 31
max bucket size 31
max bucket size 45
max bucket size 31
DONE

RESULTS 
TAB_SIZE,N_THREADS,N_BUCKETS_IN_THREAD,time_fill_tab,time_bucketing,time_sort,time_rewriting,time_all
1000000000,6,13333300,2.0834,71.3015,11.4985,8.49995,93.3833
max bucket size 30
max bucket size 31
max bucket size 31
max bucket size 32
max bucket size 33
max bucket size 31
max bucket size 31
DONE

RESULTS 
TAB_SIZE,N_THREADS,N_BUCKETS_IN_THREAD,time_fill_tab,time_bucketing,time_sort,time_rewriting,time_all
1000000000,7,11428500,1.79454,68.7677,13.9245,7.80929,92.296
max bucket size 31
max bucket size max bucket size 3131

max bucket size 31
max bucket size 31
max bucket size 32
max bucket size 31
max bucket size 31
DONE

RESULTS 
TAB_SIZE,N_THREADS,N_BUCKETS_IN_THREAD,time_fill_tab,time_bucketing,time_sort,time_rewriting,time_all
1000000000,8,10000000,1.58388,62.7047,17.242,6.92322,88.4538
