 plgrid/apps/cuda/11.2 loaded.
 plgrid/libs/gdrcopy/2.2-cuda-11.2 loaded.
 plgrid/libs/ucx/1.10.0-cuda-11.2 loaded.
 plgrid/tools/binutils/2.34 loaded.
 plgrid/tools/gcc/9.3.0 loaded.
 plgrid/tools/nvhpc/22.3 loaded.
 plgrid/tools/openmpi/4.1.2-nvhpc-22.3 loaded.
 plgrid/tools/binutils/2.34 unloaded.
 plgrid/tools/gcc/9.3.0 unloaded.
 plgrid/tools/gcc/6.4.0 loaded.
 plgrid/tools/intel/18.0.0 loaded.
 plgrid/libs/mkl/2018.0.0 loaded.
 plgrid/tools/python/3.6.5 loaded.
 plgrid/tools/impi/2018 loaded.
 plgrid/libs/python-mpi4py/3.0.1-python-3.6 loaded.

The following have been reloaded with a version change:
  1) plgrid/tools/gcc/9.3.0 => plgrid/tools/gcc/6.4.0

 plgrid/libs/mkl/2018.0.0 unloaded.
 plgrid/tools/python/3.6.5 unloaded.
 plgrid/tools/gcc/6.4.0 unloaded.
 plgrid/tools/intel/18.0.0 unloaded.
 plgrid/tools/impi/2018 unloaded.
 plgrid/libs/python-mpi4py/3.0.1-python-3.6 unloaded.
 plgrid/tools/gcc/6.4.0 loaded.
 plgrid/tools/intel/18.0.0 loaded.
 plgrid/libs/mkl/2018.0.0 loaded.
 plgrid/tools/python/2.7.14 loaded.
 plgrid/tools/impi/2018 loaded.
 plgrid/libs/python-mpi4py/3.0.0-python-2.7 loaded.

The following have been reloaded with a version change:
  1) plgrid/libs/python-mpi4py/3.0.1-python-3.6 => plgrid/libs/python-mpi4py/3.0.0-python-2.7
  2) plgrid/tools/python/3.6.5 => plgrid/tools/python/2.7.14

Pi wynosi 
3.14202888889
czas = 
10.0318539143
size = 
1
npoint = 
9000000
Pi wynosi 
3.14200622222
czas = 
5.10866713524
size = 
2
npoint = 
9000000
Pi wynosi 
3.14088222222
czas = 
3.62632799149
size = 
3
npoint = 
9000000
Pi wynosi 
3.14209244444
czas = 
2.80365395546
size = 
4
npoint = 
9000000
Pi wynosi 
3.140852
czas = 
2.38704919815
size = 
5
npoint = 
9000000
Pi wynosi 
3.14059244444
czas = 
1.92175316811
size = 
6
npoint = 
9000000
Pi wynosi 
3.14165955556
czas = 
1.64700984955
size = 
7
npoint = 
9000000
Pi wynosi 
3.14194444444
czas = 
1.43892788887
size = 
8
npoint = 
9000000
Pi wynosi 
3.14124133333
czas = 
1.30192303658
size = 
9
npoint = 
9000000
Pi wynosi 
3.14188666667
czas = 
1.15656590462
size = 
10
npoint = 
9000000
Pi wynosi 
3.143096
czas = 
1.0448949337
size = 
11
npoint = 
9000000
Pi wynosi 
3.14258044444
czas = 
0.960543870926
size = 
12
npoint = 
9000000
