 plgrid/tools/binutils/2.34 loaded.
 plgrid/tools/gcc/9.3.0 loaded.
 plgrid/tools/intel/2021.3.0 loaded.
 plgrid/apps/cuda/11.2 loaded.
 plgrid/libs/gdrcopy/2.2-cuda-11.2 loaded.
 plgrid/libs/ucx/1.10.0-cuda-11.2 loaded.
 plgrid/tools/openmpi/4.1.2-intel-2021.3.0 loaded.
 plgrid/tools/binutils/2.34 unloaded.
 plgrid/tools/gcc/9.3.0 unloaded.
 plgrid/tools/intel/2021.3.0 unloaded.
 plgrid/tools/gcc/6.4.0 loaded.
 plgrid/tools/intel/18.0.0 loaded.
 plgrid/libs/mkl/2018.0.0 loaded.
 plgrid/tools/python/3.6.5 loaded.
 plgrid/tools/impi/2018 loaded.
 plgrid/libs/python-mpi4py/3.0.1-python-3.6 loaded.

The following have been reloaded with a version change:
  1) plgrid/tools/gcc/9.3.0 => plgrid/tools/gcc/6.4.0
  2) plgrid/tools/intel/2021.3.0 => plgrid/tools/intel/18.0.0

 plgrid/libs/mkl/2018.0.0 unloaded.
 plgrid/tools/python/3.6.5 unloaded.
 plgrid/tools/gcc/6.4.0 unloaded.
 plgrid/tools/intel/18.0.0 unloaded.
 plgrid/tools/impi/2018 unloaded.
 plgrid/libs/python-mpi4py/3.0.1-python-3.6 unloaded.
 plgrid/tools/gcc/6.4.0 loaded.
 plgrid/tools/intel/18.0.0 loaded.
 plgrid/libs/mkl/2018.0.0 loaded.
 plgrid/tools/python/2.7.14 loaded.
 plgrid/tools/impi/2018 loaded.
 plgrid/libs/python-mpi4py/3.0.0-python-2.7 loaded.

The following have been reloaded with a version change:
  1) plgrid/libs/python-mpi4py/3.0.1-python-3.6 => plgrid/libs/python-mpi4py/3.0.0-python-2.7
  2) plgrid/tools/python/3.6.5 => plgrid/tools/python/2.7.14

Pi wynosi 
3.14199288889
czas = 
10.0572440624
size = 
1
npoint = 
9000000
Pi wynosi 
3.14229911111
czas = 
5.13686203957
size = 
2
npoint = 
9000000
Pi wynosi 
3.14156888889
czas = 
3.63849592209
size = 
3
npoint = 
9000000
Pi wynosi 
3.14096977778
czas = 
2.87562799454
size = 
4
npoint = 
9000000
Pi wynosi 
3.14083422222
czas = 
2.28262710571
size = 
5
npoint = 
9000000
Pi wynosi 
3.140308
czas = 
1.93669319153
size = 
6
npoint = 
9000000
Pi wynosi 
3.14184488889
czas = 
1.63222098351
size = 
7
npoint = 
9000000
Pi wynosi 
3.14122355556
czas = 
1.46546411514
size = 
8
npoint = 
9000000
Pi wynosi 
3.141092
czas = 
1.27791404724
size = 
9
npoint = 
9000000
Pi wynosi 
3.14197733333
czas = 
1.16017007828
size = 
10
npoint = 
9000000
Pi wynosi 
3.14140044444
czas = 
1.04157400131
size = 
11
npoint = 
9000000
Pi wynosi 
3.14204888889
czas = 
1.04107618332
size = 
12
npoint = 
9000000
