TAB_SIZE : 
 1000000000 
N_THREADS : 
 1 
N_BUCKETS_IN_THREAD : 
 80000000 
BUCKET_RANGE_STEP : 
 0.000000
THREAD_TAB_RANGE : 
 1000000000
DONE

RESULTS 
TAB_SIZE,N_THREADS,N_BUCKETS_IN_THREAD,time_fill_tab,time_bucketing,time_bucket_merging,time_sort,time_rewriting,time_all
1000000000,1,80000000,11.5394,243.497,51.9475,126.53,40.3963,421.962
/var/spool/slurmd/job20896168/slurm_script: line 9: 18821 Killed                  ./omp_sort3 1000000000 2 80000000
/var/spool/slurmd/job20896168/slurm_script: line 10: 18995 Killed                  ./omp_sort3 1000000000 3 80000000
/var/spool/slurmd/job20896168/slurm_script: line 11: 19051 Killed                  ./omp_sort3 1000000000 4 80000000
/var/spool/slurmd/job20896168/slurm_script: line 12: 19094 Killed                  ./omp_sort3 1000000000 5 80000000
/var/spool/slurmd/job20896168/slurm_script: line 13: 19143 Killed                  ./omp_sort3 1000000000 6 80000000
/var/spool/slurmd/job20896168/slurm_script: line 14: 19192 Killed                  ./omp_sort3 1000000000 7 80000000
/var/spool/slurmd/job20896168/slurm_script: line 15: 19231 Killed                  ./omp_sort3 1000000000 8 80000000
slurmstepd: error: Detected 7 oom-kill event(s) in step 20896168.batch cgroup. Some of your processes may have been killed by the cgroup out-of-memory handler.
