 plgrid/apps/cuda/11.2 loaded.
 plgrid/libs/gdrcopy/2.2-cuda-11.2 loaded.
 plgrid/libs/ucx/1.10.0-cuda-11.2 loaded.
 plgrid/tools/binutils/2.34 loaded.
 plgrid/tools/gcc/9.3.0 loaded.
 plgrid/tools/nvhpc/22.3 loaded.
 plgrid/tools/openmpi/4.1.2-nvhpc-22.3 loaded.
 plgrid/tools/binutils/2.34 unloaded.
 plgrid/tools/gcc/9.3.0 unloaded.
 plgrid/tools/gcc/6.4.0 loaded.
 plgrid/tools/intel/18.0.0 loaded.
 plgrid/libs/mkl/2018.0.0 loaded.
 plgrid/tools/python/3.6.5 loaded.
 plgrid/tools/impi/2018 loaded.
 plgrid/libs/python-mpi4py/3.0.1-python-3.6 loaded.

The following have been reloaded with a version change:
  1) plgrid/tools/gcc/9.3.0 => plgrid/tools/gcc/6.4.0

 plgrid/libs/mkl/2018.0.0 unloaded.
 plgrid/tools/python/3.6.5 unloaded.
 plgrid/tools/gcc/6.4.0 unloaded.
 plgrid/tools/intel/18.0.0 unloaded.
 plgrid/tools/impi/2018 unloaded.
 plgrid/libs/python-mpi4py/3.0.1-python-3.6 unloaded.
 plgrid/tools/gcc/6.4.0 loaded.
 plgrid/tools/intel/18.0.0 loaded.
 plgrid/libs/mkl/2018.0.0 loaded.
 plgrid/tools/python/2.7.14 loaded.
 plgrid/tools/impi/2018 loaded.
 plgrid/libs/python-mpi4py/3.0.0-python-2.7 loaded.

The following have been reloaded with a version change:
  1) plgrid/libs/python-mpi4py/3.0.1-python-3.6 => plgrid/libs/python-mpi4py/3.0.0-python-2.7
  2) plgrid/tools/python/3.6.5 => plgrid/tools/python/2.7.14

Pi wynosi 
3.141638145
czas = 
1018.87196898
size = 
1
npoint = 
800000000
Pi wynosi 
3.141519095
czas = 
525.342298031
size = 
2
npoint = 
800000000
Pi wynosi 
3.14154958
czas = 
350.636396885
size = 
3
npoint = 
800000000
Pi wynosi 
3.14158109
czas = 
259.541287899
size = 
4
npoint = 
800000000
Pi wynosi 
3.141603995
czas = 
209.717095852
size = 
5
npoint = 
800000000
Pi wynosi 
3.141490625
czas = 
183.677335978
size = 
6
npoint = 
800000000
Pi wynosi 
3.141620755
czas = 
153.415390015
size = 
7
npoint = 
800000000
Pi wynosi 
3.141621145
czas = 
134.097948074
size = 
8
npoint = 
800000000
Pi wynosi 
3.141648825
czas = 
233.268157005
size = 
9
npoint = 
800000000
Pi wynosi 
3.141673795
czas = 
211.337776899
size = 
10
npoint = 
800000000
srun: error: Unable to create step for job 17991051: Job/step already completing or completed
slurmstepd: error: *** JOB 17991051 ON p0876 CANCELLED AT 2022-03-23T13:05:17 DUE TO TIME LIMIT ***
