max bucket size 239
DONE

RESULTS 
TAB_SIZE,N_THREADS,N_BUCKETS_IN_THREAD,time_fill_tab,time_bucketing,time_sort,time_rewriting,time_all
1000000000,1,50000000,11.3653,187.097,120.81,19.6476,338.92
max bucket size 40
max bucket size 40
DONE

RESULTS 
TAB_SIZE,N_THREADS,N_BUCKETS_IN_THREAD,time_fill_tab,time_bucketing,time_sort,time_rewriting,time_all
1000000000,2,25000000,5.8088,131.802,52.0137,14.0044,203.629
max bucket size 39
max bucket size 39
max bucket size 39
DONE

RESULTS 
TAB_SIZE,N_THREADS,N_BUCKETS_IN_THREAD,time_fill_tab,time_bucketing,time_sort,time_rewriting,time_all
1000000000,3,16666600,3.90468,112.632,34.9557,9.3459,160.839
max bucket size 39
max bucket size 39
max bucket size 38
max bucket size 38
DONE

RESULTS 
TAB_SIZE,N_THREADS,N_BUCKETS_IN_THREAD,time_fill_tab,time_bucketing,time_sort,time_rewriting,time_all
1000000000,4,12500000,2.93142,92.6099,26.7253,7.14392,129.411
max bucket size 38
max bucket size 38
max bucket size 38
max bucket size 38
max bucket size 38
DONE

RESULTS 
TAB_SIZE,N_THREADS,N_BUCKETS_IN_THREAD,time_fill_tab,time_bucketing,time_sort,time_rewriting,time_all
1000000000,5,10000000,2.60132,92.5589,22.4018,6.63727,124.199
max bucket size 45
max bucket size 45
max bucket size 45
max bucket size 45
max bucket size 45
max bucket size 46
DONE

RESULTS 
TAB_SIZE,N_THREADS,N_BUCKETS_IN_THREAD,time_fill_tab,time_bucketing,time_sort,time_rewriting,time_all
1000000000,6,8333300,2.23323,84.2149,13.439,5.73087,105.618
max bucket size 42
max bucket size 40
max bucket size 42
max bucket size 42
max bucket size 41
max bucket size 42
max bucket size 42
DONE

RESULTS 
TAB_SIZE,N_THREADS,N_BUCKETS_IN_THREAD,time_fill_tab,time_bucketing,time_sort,time_rewriting,time_all
1000000000,7,7142800,1.96791,82.4975,17.5875,6.5643,108.617
max bucket size 46
max bucket size 46
max bucket size 46
max bucket size 47
max bucket size 46
max bucket size 47
max bucket size 48
max bucket size 46
DONE

RESULTS 
TAB_SIZE,N_THREADS,N_BUCKETS_IN_THREAD,time_fill_tab,time_bucketing,time_sort,time_rewriting,time_all
1000000000,8,6250000,1.71291,77.0929,10.9533,4.35005,94.1092
