max bucket size 31
DONE

RESULTS 
TAB_SIZE,N_THREADS,N_BUCKETS_IN_THREAD,time_fill_tab,time_bucketing,time_sort,time_rewriting,time_all
1000000000,1,80000000,12.0268,314.601,101.994,42.0565,470.679
max bucket size 32
max bucket size 32
DONE

RESULTS 
TAB_SIZE,N_THREADS,N_BUCKETS_IN_THREAD,time_fill_tab,time_bucketing,time_sort,time_rewriting,time_all
1000000000,2,40000000,6.03034,171.637,48.3688,21.6336,247.67
max bucket size max bucket size 3045

max bucket size 30
DONE

RESULTS 
TAB_SIZE,N_THREADS,N_BUCKETS_IN_THREAD,time_fill_tab,time_bucketing,time_sort,time_rewriting,time_all
1000000000,3,26666600,4.03081,133.461,25.2321,14.4838,177.207
max bucket size 32
max bucket size 32
max bucket size 31
max bucket size 32
DONE

RESULTS 
TAB_SIZE,N_THREADS,N_BUCKETS_IN_THREAD,time_fill_tab,time_bucketing,time_sort,time_rewriting,time_all
1000000000,4,20000000,3.03587,108.033,24.4639,10.9123,146.445
max bucket size 32
max bucket size 32
max bucket size 32
max bucket size 32
max bucket size 31
DONE

RESULTS 
TAB_SIZE,N_THREADS,N_BUCKETS_IN_THREAD,time_fill_tab,time_bucketing,time_sort,time_rewriting,time_all
1000000000,5,16000000,2.56715,89.4777,20.1245,10.954,123.123
max bucket size 31
max bucket size 29
max bucket size 31
max bucket size 29
max bucket size 31
max bucket size 30
DONE

RESULTS 
TAB_SIZE,N_THREADS,N_BUCKETS_IN_THREAD,time_fill_tab,time_bucketing,time_sort,time_rewriting,time_all
1000000000,6,13333300,2.06971,80.2681,18.2141,10.9264,111.478
max bucket size 239
max bucket size 239
max bucket size 239
max bucket size 239
max bucket size 239
max bucket size 239
max bucket size 239
DONE

RESULTS 
TAB_SIZE,N_THREADS,N_BUCKETS_IN_THREAD,time_fill_tab,time_bucketing,time_sort,time_rewriting,time_all
1000000000,7,11428500,1.76644,59.942,18.0143,4.24716,83.9699
max bucket size 30
max bucket size 31
max bucket size 31
max bucket size 31
max bucket size 32
max bucket size 32
max bucket size 30
max bucket size 30
DONE

RESULTS 
TAB_SIZE,N_THREADS,N_BUCKETS_IN_THREAD,time_fill_tab,time_bucketing,time_sort,time_rewriting,time_all
1000000000,8,10000000,1.5993,67.2296,13.0782,8.05804,89.9651
